#
# There is insufficient memory for the Java Runtime Environment to continue.
# Native memory allocation (mmap) failed to map 38797312 bytes. Error detail: G1 virtual space
# Possible reasons:
#   The system is out of physical RAM or swap space
#   This process is running with CompressedOops enabled, and the Java Heap may be blocking the growth of the native heap
# Possible solutions:
#   Reduce memory load on the system
#   Increase physical memory or swap space
#   Check if swap backing store is full
#   Decrease Java heap size (-Xmx/-Xms)
#   Decrease number of Java threads
#   Decrease Java thread stack sizes (-Xss)
#   Set larger code cache with -XX:ReservedCodeCacheSize=
#   JVM is running with Unscaled Compressed Oops mode in which the Java heap is
#     placed in the first 4GB address space. The Java Heap base address is the
#     maximum limit for the native heap growth. Please use -XX:HeapBaseMinAddress
#     to set the Java Heap base and to place the Java Heap above 4GB virtual address.
# This output file may be truncated or incomplete.
#
#  Out of Memory Error (os_windows.cpp:3925), pid=66516, tid=7612
#
# JRE version: OpenJDK Runtime Environment (21.0.8) (build 21.0.8+-14196175-b1038.72)
# Java VM: OpenJDK 64-Bit Server VM (21.0.8+-14196175-b1038.72, mixed mode, tiered, compressed oops, compressed class ptrs, g1 gc, windows-amd64)
# No core dump will be written. Minidumps are not enabled by default on client versions of Windows
#

---------------  S U M M A R Y ------------

Command Line: org.jetbrains.kotlin.cli.jvm.K2JVMCompiler @D:\Mobile\app\build\20251124_5693647962452645174.compiler.options

Host: Intel(R) Core(TM) i5-7200U CPU @ 2.50GHz, 4 cores, 7G,  Windows 10 , 64 bit Build 19041 (10.0.19041.5915)
Time: Mon Nov 24 14:07:47 2025 SE Asia Standard Time elapsed time: 209.846961 seconds (0d 0h 3m 29s)

---------------  T H R E A D  ---------------

Current thread (0x000001e37eff44f0):  VMThread "VM Thread"          [id=7612, stack(0x0000000409900000,0x0000000409a00000) (1024K)]

Stack: [0x0000000409900000,0x0000000409a00000]
Native frames: (J=compiled Java code, j=interpreted, Vv=VM code, C=native code)
V  [jvm.dll+0x6d68d9]
V  [jvm.dll+0x866693]
V  [jvm.dll+0x868c4e]
V  [jvm.dll+0x869333]
V  [jvm.dll+0x280566]
V  [jvm.dll+0x6d3195]
V  [jvm.dll+0x6c69ea]
V  [jvm.dll+0x3586db]
V  [jvm.dll+0x360336]
V  [jvm.dll+0x3b23f6]
V  [jvm.dll+0x3b26c8]
V  [jvm.dll+0x32ae6c]
V  [jvm.dll+0x32d806]
V  [jvm.dll+0x3376dd]
V  [jvm.dll+0x36ee15]
V  [jvm.dll+0x86f0b8]
V  [jvm.dll+0x870434]
V  [jvm.dll+0x870970]
V  [jvm.dll+0x870c03]
V  [jvm.dll+0x80eac8]
V  [jvm.dll+0x6d512d]
C  [ucrtbase.dll+0x21bb2]
C  [KERNEL32.DLL+0x17374]
C  [ntdll.dll+0x4cc91]

VM_Operation (0x00000004094ff370): G1PauseRemark, mode: safepoint, requested by thread 0x000001e37e2d0b60


---------------  P R O C E S S  ---------------

Threads class SMR info:
_java_thread_list=0x000001e31614c1d0, length=11, elements={
0x000001e37c069fe0, 0x000001e31604b1d0, 0x000001e316058650, 0x000001e316064600,
0x000001e31606cc60, 0x000001e31606d6c0, 0x000001e31606e120, 0x000001e31606eb80,
0x000001e316071920, 0x000001e316077b90, 0x000001e316175f50
}

Java Threads: ( => current thread )
  0x000001e37c069fe0 JavaThread "main"                              [_thread_blocked, id=65272, stack(0x0000000409200000,0x0000000409300000) (1024K)]
  0x000001e31604b1d0 JavaThread "Common-Cleaner"             daemon [_thread_blocked, id=65080, stack(0x0000000409a00000,0x0000000409b00000) (1024K)]
  0x000001e316058650 JavaThread "Reference Handler"          daemon [_thread_blocked, id=61668, stack(0x0000000409b00000,0x0000000409c00000) (1024K)]
  0x000001e316064600 JavaThread "Finalizer"                  daemon [_thread_blocked, id=57544, stack(0x0000000409c00000,0x0000000409d00000) (1024K)]
  0x000001e31606cc60 JavaThread "Signal Dispatcher"          daemon [_thread_blocked, id=57020, stack(0x0000000409d00000,0x0000000409e00000) (1024K)]
  0x000001e31606d6c0 JavaThread "Attach Listener"            daemon [_thread_blocked, id=62036, stack(0x0000000409e00000,0x0000000409f00000) (1024K)]
  0x000001e31606e120 JavaThread "Service Thread"             daemon [_thread_blocked, id=65748, stack(0x0000000409f00000,0x000000040a000000) (1024K)]
  0x000001e31606eb80 JavaThread "Monitor Deflation Thread"   daemon [_thread_blocked, id=59572, stack(0x000000040a000000,0x000000040a100000) (1024K)]
  0x000001e316071920 JavaThread "C2 CompilerThread0"         daemon [_thread_blocked, id=66548, stack(0x000000040a100000,0x000000040a200000) (1024K)]
  0x000001e316077b90 JavaThread "C1 CompilerThread0"         daemon [_thread_blocked, id=8640, stack(0x000000040a200000,0x000000040a300000) (1024K)]
  0x000001e316175f50 JavaThread "Notification Thread"        daemon [_thread_blocked, id=62868, stack(0x000000040a300000,0x000000040a400000) (1024K)]
Total: 11

Other Threads:
=>0x000001e37eff44f0 VMThread "VM Thread"                           [id=7612, stack(0x0000000409900000,0x0000000409a00000) (1024K)]
  0x000001e37ef98480 WatcherThread "VM Periodic Task Thread"        [id=11024, stack(0x0000000409800000,0x0000000409900000) (1024K)]
  0x000001e37e2bf770 WorkerThread "GC Thread#0"                     [id=63964, stack(0x0000000409300000,0x0000000409400000) (1024K)]
  0x000001e31648c9d0 WorkerThread "GC Thread#1"                     [id=58068, stack(0x000000040a400000,0x000000040a500000) (1024K)]
  0x000001e31648cd70 WorkerThread "GC Thread#2"                     [id=64624, stack(0x000000040a500000,0x000000040a600000) (1024K)]
  0x000001e31678b300 WorkerThread "GC Thread#3"                     [id=68472, stack(0x000000040a600000,0x000000040a700000) (1024K)]
  0x000001e37e2d0b60 ConcurrentGCThread "G1 Main Marker"            [id=66880, stack(0x0000000409400000,0x0000000409500000) (1024K)]
  0x000001e37e2d17d0 WorkerThread "G1 Conc#0"                       [id=63832, stack(0x0000000409500000,0x0000000409600000) (1024K)]
  0x000001e37ee720c0 ConcurrentGCThread "G1 Refine#0"               [id=65144, stack(0x0000000409600000,0x0000000409700000) (1024K)]
  0x000001e37e336cb0 ConcurrentGCThread "G1 Service"                [id=37660, stack(0x0000000409700000,0x0000000409800000) (1024K)]
Total: 10

Threads with active compile tasks:
C1 CompilerThread0  209921 17910       3       org.jetbrains.kotlin.fir.backend.Fir2IrDeclarationStorage::getCachedIrPropertySymbol (328 bytes)
Total: 1

VM state: at safepoint (normal execution)

VM Mutex/Monitor currently owned by a thread:  ([mutex/lock_event])
[0x00007ffb796285b8] Threads_lock - owner thread: 0x000001e37eff44f0
[0x00007ffb796286b8] Heap_lock - owner thread: 0x000001e37e2d0b60

Heap address: 0x0000000082000000, size: 2016 MB, Compressed Oops mode: 32-bit

CDS archive(s) not mapped
Compressed class space mapped at: 0x0000000100000000-0x0000000140000000, reserved size: 1073741824
Narrow klass base: 0x0000000000000000, Narrow klass shift: 3, Narrow klass range: 0x140000000

GC Precious Log:
 CardTable entry size: 512
 Card Set container configuration: InlinePtr #cards 5 size 8 Array Of Cards #cards 12 size 40 Howl #buckets 4 coarsen threshold 1843 Howl Bitmap #cards 512 size 80 coarsen threshold 460 Card regions per heap region 1 cards per card region 2048
 CPUs: 4 total, 4 available
 Memory: 8058M
 Large Page Support: Disabled
 NUMA Support: Disabled
 Compressed Oops: Enabled (32-bit)
 Heap Region Size: 1M
 Heap Min Capacity: 8M
 Heap Initial Capacity: 126M
 Heap Max Capacity: 2016M
 Pre-touch: Disabled
 Parallel Workers: 4
 Concurrent Workers: 1
 Concurrent Refinement Workers: 4
 Periodic GC: Disabled

Heap:
 garbage-first heap   total 263168K, used 196096K [0x0000000082000000, 0x0000000100000000)
  region size 1024K, 27 young (27648K), 10 survivors (10240K)
 Metaspace       used 81612K, committed 81920K, reserved 1179648K
  class space    used 8681K, committed 8832K, reserved 1048576K

Heap Regions: E=young(eden), S=young(survivor), O=old, HS=humongous(starts), HC=humongous(continues), CS=collection set, F=free, TAMS=top-at-mark-start, PB=parsable bottom
|   0|0x0000000082000000, 0x0000000082100000, 0x0000000082100000|100%|HS|  |TAMS 0x0000000082100000| PB 0x0000000082000000| Complete 
|   1|0x0000000082100000, 0x0000000082200000, 0x0000000082200000|100%|HC|  |TAMS 0x0000000082200000| PB 0x0000000082100000| Complete 
|   2|0x0000000082200000, 0x0000000082300000, 0x0000000082300000|100%|HC|  |TAMS 0x0000000082300000| PB 0x0000000082200000| Complete 
|   3|0x0000000082300000, 0x0000000082400000, 0x0000000082400000|100%| O|  |TAMS 0x0000000082400000| PB 0x0000000082400000| Untracked 
|   4|0x0000000082400000, 0x0000000082500000, 0x0000000082500000|100%| O|  |TAMS 0x0000000082500000| PB 0x0000000082500000| Updating 
|   5|0x0000000082500000, 0x0000000082600000, 0x0000000082600000|100%| O|  |TAMS 0x0000000082600000| PB 0x0000000082600000| Untracked 
|   6|0x0000000082600000, 0x0000000082700000, 0x0000000082700000|100%| O|  |TAMS 0x0000000082700000| PB 0x0000000082700000| Untracked 
|   7|0x0000000082700000, 0x0000000082800000, 0x0000000082800000|100%| O|  |TAMS 0x0000000082800000| PB 0x0000000082800000| Untracked 
|   8|0x0000000082800000, 0x0000000082900000, 0x0000000082900000|100%| O|  |TAMS 0x0000000082900000| PB 0x0000000082900000| Untracked 
|   9|0x0000000082900000, 0x0000000082a00000, 0x0000000082a00000|100%| O|  |TAMS 0x0000000082a00000| PB 0x0000000082a00000| Untracked 
|  10|0x0000000082a00000, 0x0000000082b00000, 0x0000000082b00000|100%| O|  |TAMS 0x0000000082b00000| PB 0x0000000082b00000| Untracked 
|  11|0x0000000082b00000, 0x0000000082c00000, 0x0000000082c00000|100%| O|  |TAMS 0x0000000082c00000| PB 0x0000000082c00000| Untracked 
|  12|0x0000000082c00000, 0x0000000082d00000, 0x0000000082d00000|100%| O|  |TAMS 0x0000000082d00000| PB 0x0000000082d00000| Untracked 
|  13|0x0000000082d00000, 0x0000000082e00000, 0x0000000082e00000|100%| O|  |TAMS 0x0000000082e00000| PB 0x0000000082e00000| Updating 
|  14|0x0000000082e00000, 0x0000000082f00000, 0x0000000082f00000|100%| O|  |TAMS 0x0000000082f00000| PB 0x0000000082f00000| Untracked 
|  15|0x0000000082f00000, 0x0000000083000000, 0x0000000083000000|100%| O|  |TAMS 0x0000000083000000| PB 0x0000000083000000| Untracked 
|  16|0x0000000083000000, 0x0000000083100000, 0x0000000083100000|100%| O|  |TAMS 0x0000000083100000| PB 0x0000000083100000| Untracked 
|  17|0x0000000083100000, 0x0000000083200000, 0x0000000083200000|100%| O|  |TAMS 0x0000000083200000| PB 0x0000000083200000| Untracked 
|  18|0x0000000083200000, 0x0000000083300000, 0x0000000083300000|100%| O|  |TAMS 0x0000000083300000| PB 0x0000000083300000| Updating 
|  19|0x0000000083300000, 0x0000000083400000, 0x0000000083400000|100%| O|  |TAMS 0x0000000083400000| PB 0x0000000083400000| Untracked 
|  20|0x0000000083400000, 0x0000000083500000, 0x0000000083500000|100%| O|  |TAMS 0x0000000083500000| PB 0x0000000083500000| Untracked 
|  21|0x0000000083500000, 0x0000000083600000, 0x0000000083600000|100%| O|  |TAMS 0x0000000083600000| PB 0x0000000083600000| Untracked 
|  22|0x0000000083600000, 0x0000000083700000, 0x0000000083700000|100%| O|  |TAMS 0x0000000083700000| PB 0x0000000083700000| Updating 
|  23|0x0000000083700000, 0x0000000083800000, 0x0000000083800000|100%| O|  |TAMS 0x0000000083800000| PB 0x0000000083800000| Untracked 
|  24|0x0000000083800000, 0x0000000083900000, 0x0000000083900000|100%| O|  |TAMS 0x0000000083900000| PB 0x0000000083900000| Updating 
|  25|0x0000000083900000, 0x0000000083a00000, 0x0000000083a00000|100%| O|  |TAMS 0x0000000083a00000| PB 0x0000000083a00000| Untracked 
|  26|0x0000000083a00000, 0x0000000083b00000, 0x0000000083b00000|100%| O|  |TAMS 0x0000000083b00000| PB 0x0000000083b00000| Untracked 
|  27|0x0000000083b00000, 0x0000000083c00000, 0x0000000083c00000|100%| O|  |TAMS 0x0000000083c00000| PB 0x0000000083c00000| Updating 
|  28|0x0000000083c00000, 0x0000000083d00000, 0x0000000083d00000|100%| O|  |TAMS 0x0000000083d00000| PB 0x0000000083d00000| Untracked 
|  29|0x0000000083d00000, 0x0000000083e00000, 0x0000000083e00000|100%| O|  |TAMS 0x0000000083e00000| PB 0x0000000083e00000| Untracked 
|  30|0x0000000083e00000, 0x0000000083f00000, 0x0000000083f00000|100%| O|  |TAMS 0x0000000083f00000| PB 0x0000000083f00000| Untracked 
|  31|0x0000000083f00000, 0x0000000084000000, 0x0000000084000000|100%| O|  |TAMS 0x0000000084000000| PB 0x0000000084000000| Untracked 
|  32|0x0000000084000000, 0x0000000084100000, 0x0000000084100000|100%| O|  |TAMS 0x0000000084100000| PB 0x0000000084100000| Updating 
|  33|0x0000000084100000, 0x0000000084200000, 0x0000000084200000|100%| O|  |TAMS 0x0000000084200000| PB 0x0000000084200000| Untracked 
|  34|0x0000000084200000, 0x0000000084300000, 0x0000000084300000|100%| O|  |TAMS 0x0000000084300000| PB 0x0000000084300000| Updating 
|  35|0x0000000084300000, 0x0000000084400000, 0x0000000084400000|100%| O|  |TAMS 0x0000000084400000| PB 0x0000000084400000| Untracked 
|  36|0x0000000084400000, 0x0000000084500000, 0x0000000084500000|100%| O|  |TAMS 0x0000000084500000| PB 0x0000000084500000| Untracked 
|  37|0x0000000084500000, 0x0000000084600000, 0x0000000084600000|100%| O|  |TAMS 0x0000000084600000| PB 0x0000000084600000| Untracked 
|  38|0x0000000084600000, 0x0000000084700000, 0x0000000084700000|100%| O|  |TAMS 0x0000000084700000| PB 0x0000000084700000| Untracked 
|  39|0x0000000084700000, 0x0000000084800000, 0x0000000084800000|100%| O|  |TAMS 0x0000000084800000| PB 0x0000000084800000| Untracked 
|  40|0x0000000084800000, 0x0000000084900000, 0x0000000084900000|100%| O|  |TAMS 0x0000000084900000| PB 0x0000000084900000| Untracked 
|  41|0x0000000084900000, 0x0000000084a00000, 0x0000000084a00000|100%| O|  |TAMS 0x0000000084a00000| PB 0x0000000084a00000| Untracked 
|  42|0x0000000084a00000, 0x0000000084b00000, 0x0000000084b00000|100%| O|  |TAMS 0x0000000084b00000| PB 0x0000000084b00000| Untracked 
|  43|0x0000000084b00000, 0x0000000084c00000, 0x0000000084c00000|100%| O|  |TAMS 0x0000000084c00000| PB 0x0000000084c00000| Untracked 
|  44|0x0000000084c00000, 0x0000000084d00000, 0x0000000084d00000|100%| O|  |TAMS 0x0000000084d00000| PB 0x0000000084d00000| Untracked 
|  45|0x0000000084d00000, 0x0000000084e00000, 0x0000000084e00000|100%| O|  |TAMS 0x0000000084e00000| PB 0x0000000084e00000| Untracked 
|  46|0x0000000084e00000, 0x0000000084f00000, 0x0000000084f00000|100%| O|  |TAMS 0x0000000084f00000| PB 0x0000000084f00000| Updating 
|  47|0x0000000084f00000, 0x0000000085000000, 0x0000000085000000|100%| O|  |TAMS 0x0000000085000000| PB 0x0000000085000000| Updating 
|  48|0x0000000085000000, 0x0000000085100000, 0x0000000085100000|100%| O|  |TAMS 0x0000000085100000| PB 0x0000000085100000| Untracked 
|  49|0x0000000085100000, 0x0000000085200000, 0x0000000085200000|100%| O|  |TAMS 0x0000000085200000| PB 0x0000000085200000| Updating 
|  50|0x0000000085200000, 0x0000000085300000, 0x0000000085300000|100%| O|  |TAMS 0x0000000085300000| PB 0x0000000085300000| Untracked 
|  51|0x0000000085300000, 0x0000000085400000, 0x0000000085400000|100%| O|  |TAMS 0x0000000085400000| PB 0x0000000085400000| Untracked 
|  52|0x0000000085400000, 0x0000000085500000, 0x0000000085500000|100%| O|  |TAMS 0x0000000085500000| PB 0x0000000085500000| Untracked 
|  53|0x0000000085500000, 0x0000000085600000, 0x0000000085600000|100%| O|  |TAMS 0x0000000085600000| PB 0x0000000085600000| Untracked 
|  54|0x0000000085600000, 0x0000000085700000, 0x0000000085700000|100%| O|  |TAMS 0x0000000085700000| PB 0x0000000085700000| Untracked 
|  55|0x0000000085700000, 0x0000000085800000, 0x0000000085800000|100%| O|  |TAMS 0x0000000085800000| PB 0x0000000085800000| Updating 
|  56|0x0000000085800000, 0x0000000085900000, 0x0000000085900000|100%| O|  |TAMS 0x0000000085900000| PB 0x0000000085900000| Untracked 
|  57|0x0000000085900000, 0x0000000085a00000, 0x0000000085a00000|100%| O|  |TAMS 0x0000000085a00000| PB 0x0000000085a00000| Untracked 
|  58|0x0000000085a00000, 0x0000000085b00000, 0x0000000085b00000|100%| O|  |TAMS 0x0000000085b00000| PB 0x0000000085b00000| Untracked 
|  59|0x0000000085b00000, 0x0000000085c00000, 0x0000000085c00000|100%| O|  |TAMS 0x0000000085c00000| PB 0x0000000085c00000| Untracked 
|  60|0x0000000085c00000, 0x0000000085d00000, 0x0000000085d00000|100%| O|  |TAMS 0x0000000085d00000| PB 0x0000000085d00000| Untracked 
|  61|0x0000000085d00000, 0x0000000085e00000, 0x0000000085e00000|100%| O|  |TAMS 0x0000000085e00000| PB 0x0000000085e00000| Untracked 
|  62|0x0000000085e00000, 0x0000000085f00000, 0x0000000085f00000|100%| O|  |TAMS 0x0000000085f00000| PB 0x0000000085f00000| Untracked 
|  63|0x0000000085f00000, 0x0000000086000000, 0x0000000086000000|100%| O|  |TAMS 0x0000000086000000| PB 0x0000000086000000| Untracked 
|  64|0x0000000086000000, 0x0000000086100000, 0x0000000086100000|100%| O|  |TAMS 0x0000000086100000| PB 0x0000000086100000| Updating 
|  65|0x0000000086100000, 0x0000000086200000, 0x0000000086200000|100%| O|  |TAMS 0x0000000086200000| PB 0x0000000086200000| Updating 
|  66|0x0000000086200000, 0x0000000086300000, 0x0000000086300000|100%| O|  |TAMS 0x0000000086300000| PB 0x0000000086300000| Untracked 
|  67|0x0000000086300000, 0x0000000086400000, 0x0000000086400000|100%| O|  |TAMS 0x0000000086400000| PB 0x0000000086400000| Untracked 
|  68|0x0000000086400000, 0x0000000086500000, 0x0000000086500000|100%| O|  |TAMS 0x0000000086500000| PB 0x0000000086500000| Untracked 
|  69|0x0000000086500000, 0x0000000086600000, 0x0000000086600000|100%| O|  |TAMS 0x0000000086600000| PB 0x0000000086600000| Untracked 
|  70|0x0000000086600000, 0x0000000086700000, 0x0000000086700000|100%| O|  |TAMS 0x0000000086700000| PB 0x0000000086700000| Untracked 
|  71|0x0000000086700000, 0x0000000086800000, 0x0000000086800000|100%| O|  |TAMS 0x0000000086800000| PB 0x0000000086800000| Untracked 
|  72|0x0000000086800000, 0x0000000086900000, 0x0000000086900000|100%| O|  |TAMS 0x0000000086900000| PB 0x0000000086900000| Updating 
|  73|0x0000000086900000, 0x0000000086a00000, 0x0000000086a00000|100%| O|  |TAMS 0x0000000086a00000| PB 0x0000000086a00000| Untracked 
|  74|0x0000000086a00000, 0x0000000086b00000, 0x0000000086b00000|100%| O|  |TAMS 0x0000000086b00000| PB 0x0000000086b00000| Untracked 
|  75|0x0000000086b00000, 0x0000000086c00000, 0x0000000086c00000|100%| O|  |TAMS 0x0000000086c00000| PB 0x0000000086c00000| Untracked 
|  76|0x0000000086c00000, 0x0000000086d00000, 0x0000000086d00000|100%| O|  |TAMS 0x0000000086d00000| PB 0x0000000086d00000| Untracked 
|  77|0x0000000086d00000, 0x0000000086e00000, 0x0000000086e00000|100%| O|  |TAMS 0x0000000086e00000| PB 0x0000000086e00000| Untracked 
|  78|0x0000000086e00000, 0x0000000086f00000, 0x0000000086f00000|100%| O|  |TAMS 0x0000000086f00000| PB 0x0000000086f00000| Untracked 
|  79|0x0000000086f00000, 0x0000000087000000, 0x0000000087000000|100%| O|  |TAMS 0x0000000087000000| PB 0x0000000087000000| Untracked 
|  80|0x0000000087000000, 0x0000000087100000, 0x0000000087100000|100%| O|  |TAMS 0x0000000087100000| PB 0x0000000087100000| Untracked 
|  81|0x0000000087100000, 0x0000000087200000, 0x0000000087200000|100%| O|  |TAMS 0x0000000087200000| PB 0x0000000087200000| Untracked 
|  82|0x0000000087200000, 0x0000000087300000, 0x0000000087300000|100%| O|  |TAMS 0x0000000087300000| PB 0x0000000087300000| Untracked 
|  83|0x0000000087300000, 0x0000000087400000, 0x0000000087400000|100%| O|  |TAMS 0x0000000087400000| PB 0x0000000087400000| Updating 
|  84|0x0000000087400000, 0x0000000087500000, 0x0000000087500000|100%| O|  |TAMS 0x0000000087500000| PB 0x0000000087500000| Updating 
|  85|0x0000000087500000, 0x0000000087600000, 0x0000000087600000|100%| O|  |TAMS 0x0000000087600000| PB 0x0000000087600000| Updating 
|  86|0x0000000087600000, 0x0000000087700000, 0x0000000087700000|100%| O|  |TAMS 0x0000000087700000| PB 0x0000000087700000| Untracked 
|  87|0x0000000087700000, 0x0000000087800000, 0x0000000087800000|100%| O|  |TAMS 0x0000000087800000| PB 0x0000000087800000| Untracked 
|  88|0x0000000087800000, 0x0000000087900000, 0x0000000087900000|100%| O|  |TAMS 0x0000000087900000| PB 0x0000000087900000| Untracked 
|  89|0x0000000087900000, 0x0000000087a00000, 0x0000000087a00000|100%| O|  |TAMS 0x0000000087a00000| PB 0x0000000087a00000| Untracked 
|  90|0x0000000087a00000, 0x0000000087b00000, 0x0000000087b00000|100%| O|  |TAMS 0x0000000087b00000| PB 0x0000000087b00000| Untracked 
|  91|0x0000000087b00000, 0x0000000087c00000, 0x0000000087c00000|100%| O|  |TAMS 0x0000000087c00000| PB 0x0000000087c00000| Untracked 
|  92|0x0000000087c00000, 0x0000000087d00000, 0x0000000087d00000|100%| O|  |TAMS 0x0000000087d00000| PB 0x0000000087d00000| Untracked 
|  93|0x0000000087d00000, 0x0000000087e00000, 0x0000000087e00000|100%| O|  |TAMS 0x0000000087e00000| PB 0x0000000087e00000| Untracked 
|  94|0x0000000087e00000, 0x0000000087f00000, 0x0000000087f00000|100%| O|  |TAMS 0x0000000087f00000| PB 0x0000000087f00000| Untracked 
|  95|0x0000000087f00000, 0x0000000088000000, 0x0000000088000000|100%| O|  |TAMS 0x0000000088000000| PB 0x0000000088000000| Untracked 
|  96|0x0000000088000000, 0x0000000088100000, 0x0000000088100000|100%| O|  |TAMS 0x0000000088100000| PB 0x0000000088100000| Untracked 
|  97|0x0000000088100000, 0x0000000088200000, 0x0000000088200000|100%| O|  |TAMS 0x0000000088200000| PB 0x0000000088200000| Untracked 
|  98|0x0000000088200000, 0x0000000088300000, 0x0000000088300000|100%| O|  |TAMS 0x0000000088300000| PB 0x0000000088300000| Untracked 
|  99|0x0000000088300000, 0x0000000088400000, 0x0000000088400000|100%| O|  |TAMS 0x0000000088400000| PB 0x0000000088400000| Untracked 
| 100|0x0000000088400000, 0x0000000088500000, 0x0000000088500000|100%| O|  |TAMS 0x0000000088500000| PB 0x0000000088500000| Untracked 
| 101|0x0000000088500000, 0x0000000088600000, 0x0000000088600000|100%| O|  |TAMS 0x0000000088600000| PB 0x0000000088600000| Untracked 
| 102|0x0000000088600000, 0x0000000088700000, 0x0000000088700000|100%| O|  |TAMS 0x0000000088700000| PB 0x0000000088700000| Untracked 
| 103|0x0000000088700000, 0x0000000088800000, 0x0000000088800000|100%| O|  |TAMS 0x0000000088800000| PB 0x0000000088800000| Untracked 
| 104|0x0000000088800000, 0x0000000088900000, 0x0000000088900000|100%| O|  |TAMS 0x0000000088900000| PB 0x0000000088900000| Untracked 
| 105|0x0000000088900000, 0x0000000088a00000, 0x0000000088a00000|100%| O|  |TAMS 0x0000000088a00000| PB 0x0000000088a00000| Untracked 
| 106|0x0000000088a00000, 0x0000000088b00000, 0x0000000088b00000|100%| O|  |TAMS 0x0000000088b00000| PB 0x0000000088b00000| Untracked 
| 107|0x0000000088b00000, 0x0000000088c00000, 0x0000000088c00000|100%| O|  |TAMS 0x0000000088c00000| PB 0x0000000088c00000| Untracked 
| 108|0x0000000088c00000, 0x0000000088d00000, 0x0000000088d00000|100%| O|  |TAMS 0x0000000088d00000| PB 0x0000000088d00000| Untracked 
| 109|0x0000000088d00000, 0x0000000088e00000, 0x0000000088e00000|100%| O|  |TAMS 0x0000000088e00000| PB 0x0000000088e00000| Updating 
| 110|0x0000000088e00000, 0x0000000088f00000, 0x0000000088f00000|100%| O|  |TAMS 0x0000000088f00000| PB 0x0000000088f00000| Untracked 
| 111|0x0000000088f00000, 0x0000000089000000, 0x0000000089000000|100%| O|  |TAMS 0x0000000089000000| PB 0x0000000089000000| Untracked 
| 112|0x0000000089000000, 0x0000000089100000, 0x0000000089100000|100%| O|  |TAMS 0x0000000089100000| PB 0x0000000089100000| Untracked 
| 113|0x0000000089100000, 0x0000000089200000, 0x0000000089200000|100%| O|  |TAMS 0x0000000089200000| PB 0x0000000089200000| Updating 
| 114|0x0000000089200000, 0x0000000089300000, 0x0000000089300000|100%| O|  |TAMS 0x0000000089300000| PB 0x0000000089300000| Untracked 
| 115|0x0000000089300000, 0x0000000089400000, 0x0000000089400000|100%| O|  |TAMS 0x0000000089400000| PB 0x0000000089400000| Untracked 
| 116|0x0000000089400000, 0x0000000089500000, 0x0000000089500000|100%| O|  |TAMS 0x0000000089500000| PB 0x0000000089500000| Untracked 
| 117|0x0000000089500000, 0x0000000089600000, 0x0000000089600000|100%| O|  |TAMS 0x0000000089600000| PB 0x0000000089600000| Untracked 
| 118|0x0000000089600000, 0x0000000089700000, 0x0000000089700000|100%| O|  |TAMS 0x0000000089700000| PB 0x0000000089700000| Untracked 
| 119|0x0000000089700000, 0x0000000089800000, 0x0000000089800000|100%| O|  |TAMS 0x0000000089800000| PB 0x0000000089800000| Untracked 
| 120|0x0000000089800000, 0x0000000089900000, 0x0000000089900000|100%| O|  |TAMS 0x0000000089800000| PB 0x0000000089800000| Untracked 
| 121|0x0000000089900000, 0x0000000089a00000, 0x0000000089a00000|100%| O|  |TAMS 0x0000000089a00000| PB 0x0000000089a00000| Untracked 
| 122|0x0000000089a00000, 0x0000000089b00000, 0x0000000089b00000|100%| O|  |TAMS 0x0000000089b00000| PB 0x0000000089b00000| Untracked 
| 123|0x0000000089b00000, 0x0000000089c00000, 0x0000000089c00000|100%| O|  |TAMS 0x0000000089c00000| PB 0x0000000089c00000| Untracked 
| 124|0x0000000089c00000, 0x0000000089d00000, 0x0000000089d00000|100%| O|  |TAMS 0x0000000089d00000| PB 0x0000000089d00000| Untracked 
| 125|0x0000000089d00000, 0x0000000089e00000, 0x0000000089e00000|100%| O|  |TAMS 0x0000000089e00000| PB 0x0000000089e00000| Untracked 
| 126|0x0000000089e00000, 0x0000000089f00000, 0x0000000089f00000|100%| O|  |TAMS 0x0000000089f00000| PB 0x0000000089f00000| Untracked 
| 127|0x0000000089f00000, 0x000000008a000000, 0x000000008a000000|100%| O|  |TAMS 0x000000008a000000| PB 0x000000008a000000| Untracked 
| 128|0x000000008a000000, 0x000000008a100000, 0x000000008a100000|100%| O|  |TAMS 0x000000008a100000| PB 0x000000008a100000| Untracked 
| 129|0x000000008a100000, 0x000000008a200000, 0x000000008a200000|100%| O|  |TAMS 0x000000008a200000| PB 0x000000008a200000| Untracked 
| 130|0x000000008a200000, 0x000000008a300000, 0x000000008a300000|100%| O|  |TAMS 0x000000008a300000| PB 0x000000008a300000| Untracked 
| 131|0x000000008a300000, 0x000000008a400000, 0x000000008a400000|100%| O|  |TAMS 0x000000008a400000| PB 0x000000008a400000| Untracked 
| 132|0x000000008a400000, 0x000000008a500000, 0x000000008a500000|100%| O|  |TAMS 0x000000008a400000| PB 0x000000008a400000| Untracked 
| 133|0x000000008a500000, 0x000000008a600000, 0x000000008a600000|100%| O|  |TAMS 0x000000008a500000| PB 0x000000008a500000| Untracked 
| 134|0x000000008a600000, 0x000000008a700000, 0x000000008a700000|100%| O|  |TAMS 0x000000008a700000| PB 0x000000008a700000| Untracked 
| 135|0x000000008a700000, 0x000000008a800000, 0x000000008a800000|100%| O|  |TAMS 0x000000008a800000| PB 0x000000008a800000| Untracked 
| 136|0x000000008a800000, 0x000000008a900000, 0x000000008a900000|100%| O|  |TAMS 0x000000008a900000| PB 0x000000008a900000| Updating 
| 137|0x000000008a900000, 0x000000008aa00000, 0x000000008aa00000|100%| O|  |TAMS 0x000000008aa00000| PB 0x000000008aa00000| Untracked 
| 138|0x000000008aa00000, 0x000000008ab00000, 0x000000008ab00000|100%| O|  |TAMS 0x000000008ab00000| PB 0x000000008ab00000| Untracked 
| 139|0x000000008ab00000, 0x000000008ac00000, 0x000000008ac00000|100%| O|  |TAMS 0x000000008ab00000| PB 0x000000008ab00000| Untracked 
| 140|0x000000008ac00000, 0x000000008ad00000, 0x000000008ad00000|100%| O|  |TAMS 0x000000008ad00000| PB 0x000000008ad00000| Updating 
| 141|0x000000008ad00000, 0x000000008ae00000, 0x000000008ae00000|100%| O|  |TAMS 0x000000008ae00000| PB 0x000000008ae00000| Updating 
| 142|0x000000008ae00000, 0x000000008af00000, 0x000000008af00000|100%| O|  |TAMS 0x000000008af00000| PB 0x000000008af00000| Untracked 
| 143|0x000000008af00000, 0x000000008b000000, 0x000000008b000000|100%| O|  |TAMS 0x000000008b000000| PB 0x000000008b000000| Untracked 
| 144|0x000000008b000000, 0x000000008b100000, 0x000000008b100000|100%| O|  |TAMS 0x000000008b100000| PB 0x000000008b100000| Untracked 
| 145|0x000000008b100000, 0x000000008b200000, 0x000000008b200000|100%| O|  |TAMS 0x000000008b200000| PB 0x000000008b200000| Untracked 
| 146|0x000000008b200000, 0x000000008b300000, 0x000000008b300000|100%| O|  |TAMS 0x000000008b300000| PB 0x000000008b300000| Untracked 
| 147|0x000000008b300000, 0x000000008b400000, 0x000000008b400000|100%| O|  |TAMS 0x000000008b400000| PB 0x000000008b400000| Updating 
| 148|0x000000008b400000, 0x000000008b500000, 0x000000008b500000|100%| O|  |TAMS 0x000000008b500000| PB 0x000000008b500000| Untracked 
| 149|0x000000008b500000, 0x000000008b600000, 0x000000008b600000|100%| O|  |TAMS 0x000000008b600000| PB 0x000000008b600000| Untracked 
| 150|0x000000008b600000, 0x000000008b700000, 0x000000008b700000|100%| O|  |TAMS 0x000000008b700000| PB 0x000000008b700000| Untracked 
| 151|0x000000008b700000, 0x000000008b800000, 0x000000008b800000|100%| O|  |TAMS 0x000000008b800000| PB 0x000000008b800000| Untracked 
| 152|0x000000008b800000, 0x000000008b900000, 0x000000008b900000|100%| O|  |TAMS 0x000000008b900000| PB 0x000000008b900000| Untracked 
| 153|0x000000008b900000, 0x000000008ba00000, 0x000000008ba00000|100%| O|  |TAMS 0x000000008ba00000| PB 0x000000008ba00000| Untracked 
| 154|0x000000008ba00000, 0x000000008bb00000, 0x000000008bb00000|100%| O|  |TAMS 0x000000008bb00000| PB 0x000000008bb00000| Updating 
| 155|0x000000008bb00000, 0x000000008bc00000, 0x000000008bc00000|100%| O|  |TAMS 0x000000008bb5a040| PB 0x000000008bb5a040| Updating 
| 156|0x000000008bc00000, 0x000000008bd00000, 0x000000008bd00000|100%| O|  |TAMS 0x000000008bc00000| PB 0x000000008bc00000| Untracked 
| 157|0x000000008bd00000, 0x000000008be00000, 0x000000008be00000|100%| O|  |TAMS 0x000000008bd00000| PB 0x000000008bd00000| Untracked 
| 158|0x000000008be00000, 0x000000008bf00000, 0x000000008bf00000|100%| O|  |TAMS 0x000000008be00000| PB 0x000000008be00000| Untracked 
| 159|0x000000008bf00000, 0x000000008c000000, 0x000000008c000000|100%| O|  |TAMS 0x000000008bf00000| PB 0x000000008bf00000| Untracked 
| 160|0x000000008c000000, 0x000000008c000000, 0x000000008c100000|  0%| F|  |TAMS 0x000000008c000000| PB 0x000000008c000000| Untracked 
| 161|0x000000008c100000, 0x000000008c100000, 0x000000008c200000|  0%| F|  |TAMS 0x000000008c100000| PB 0x000000008c100000| Untracked 
| 162|0x000000008c200000, 0x000000008c200000, 0x000000008c300000|  0%| F|  |TAMS 0x000000008c200000| PB 0x000000008c200000| Untracked 
| 163|0x000000008c300000, 0x000000008c300000, 0x000000008c400000|  0%| F|  |TAMS 0x000000008c300000| PB 0x000000008c300000| Untracked 
| 164|0x000000008c400000, 0x000000008c400000, 0x000000008c500000|  0%| F|  |TAMS 0x000000008c400000| PB 0x000000008c400000| Untracked 
| 165|0x000000008c500000, 0x000000008c500000, 0x000000008c600000|  0%| F|  |TAMS 0x000000008c500000| PB 0x000000008c500000| Untracked 
| 166|0x000000008c600000, 0x000000008c600000, 0x000000008c700000|  0%| F|  |TAMS 0x000000008c600000| PB 0x000000008c600000| Untracked 
| 167|0x000000008c700000, 0x000000008c700000, 0x000000008c800000|  0%| F|  |TAMS 0x000000008c700000| PB 0x000000008c700000| Untracked 
| 168|0x000000008c800000, 0x000000008c800000, 0x000000008c900000|  0%| F|  |TAMS 0x000000008c800000| PB 0x000000008c800000| Untracked 
| 169|0x000000008c900000, 0x000000008c900000, 0x000000008ca00000|  0%| F|  |TAMS 0x000000008c900000| PB 0x000000008c900000| Untracked 
| 170|0x000000008ca00000, 0x000000008ca00000, 0x000000008cb00000|  0%| F|  |TAMS 0x000000008ca00000| PB 0x000000008ca00000| Untracked 
| 171|0x000000008cb00000, 0x000000008cc00000, 0x000000008cc00000|100%| O|  |TAMS 0x000000008cb00000| PB 0x000000008cb00000| Untracked 
| 172|0x000000008cc00000, 0x000000008cd00000, 0x000000008cd00000|100%| O|  |TAMS 0x000000008cc00000| PB 0x000000008cc00000| Untracked 
| 173|0x000000008cd00000, 0x000000008ce00000, 0x000000008ce00000|100%| O|  |TAMS 0x000000008cd00000| PB 0x000000008cd00000| Untracked 
| 174|0x000000008ce00000, 0x000000008ce80000, 0x000000008cf00000| 50%| O|  |TAMS 0x000000008ce00000| PB 0x000000008ce00000| Updating 
| 175|0x000000008cf00000, 0x000000008cf00000, 0x000000008d000000|  0%| F|  |TAMS 0x000000008cf00000| PB 0x000000008cf00000| Untracked 
| 176|0x000000008d000000, 0x000000008d000000, 0x000000008d100000|  0%| F|  |TAMS 0x000000008d000000| PB 0x000000008d000000| Untracked 
| 177|0x000000008d100000, 0x000000008d100000, 0x000000008d200000|  0%| F|  |TAMS 0x000000008d100000| PB 0x000000008d100000| Untracked 
| 178|0x000000008d200000, 0x000000008d300000, 0x000000008d300000|100%| S|CS|TAMS 0x000000008d200000| PB 0x000000008d200000| Complete 
| 179|0x000000008d300000, 0x000000008d400000, 0x000000008d400000|100%| S|CS|TAMS 0x000000008d300000| PB 0x000000008d300000| Complete 
| 180|0x000000008d400000, 0x000000008d500000, 0x000000008d500000|100%| S|CS|TAMS 0x000000008d400000| PB 0x000000008d400000| Complete 
| 181|0x000000008d500000, 0x000000008d600000, 0x000000008d600000|100%| S|CS|TAMS 0x000000008d500000| PB 0x000000008d500000| Complete 
| 182|0x000000008d600000, 0x000000008d700000, 0x000000008d700000|100%| S|CS|TAMS 0x000000008d600000| PB 0x000000008d600000| Complete 
| 183|0x000000008d700000, 0x000000008d800000, 0x000000008d800000|100%| S|CS|TAMS 0x000000008d700000| PB 0x000000008d700000| Complete 
| 184|0x000000008d800000, 0x000000008d900000, 0x000000008d900000|100%| S|CS|TAMS 0x000000008d800000| PB 0x000000008d800000| Complete 
| 185|0x000000008d900000, 0x000000008da00000, 0x000000008da00000|100%| S|CS|TAMS 0x000000008d900000| PB 0x000000008d900000| Complete 
| 186|0x000000008da00000, 0x000000008db00000, 0x000000008db00000|100%| S|CS|TAMS 0x000000008da00000| PB 0x000000008da00000| Complete 
| 187|0x000000008db00000, 0x000000008dc00000, 0x000000008dc00000|100%| S|CS|TAMS 0x000000008db00000| PB 0x000000008db00000| Complete 
| 188|0x000000008dc00000, 0x000000008dc00000, 0x000000008dd00000|  0%| F|  |TAMS 0x000000008dc00000| PB 0x000000008dc00000| Untracked 
| 189|0x000000008dd00000, 0x000000008dd00000, 0x000000008de00000|  0%| F|  |TAMS 0x000000008dd00000| PB 0x000000008dd00000| Untracked 
| 190|0x000000008de00000, 0x000000008de00000, 0x000000008df00000|  0%| F|  |TAMS 0x000000008de00000| PB 0x000000008de00000| Untracked 
| 191|0x000000008df00000, 0x000000008df00000, 0x000000008e000000|  0%| F|  |TAMS 0x000000008df00000| PB 0x000000008df00000| Untracked 
| 192|0x000000008e000000, 0x000000008e000000, 0x000000008e100000|  0%| F|  |TAMS 0x000000008e000000| PB 0x000000008e000000| Untracked 
| 193|0x000000008e100000, 0x000000008e100000, 0x000000008e200000|  0%| F|  |TAMS 0x000000008e100000| PB 0x000000008e100000| Untracked 
| 194|0x000000008e200000, 0x000000008e200000, 0x000000008e300000|  0%| F|  |TAMS 0x000000008e200000| PB 0x000000008e200000| Untracked 
| 195|0x000000008e300000, 0x000000008e300000, 0x000000008e400000|  0%| F|  |TAMS 0x000000008e300000| PB 0x000000008e300000| Untracked 
| 196|0x000000008e400000, 0x000000008e400000, 0x000000008e500000|  0%| F|  |TAMS 0x000000008e400000| PB 0x000000008e400000| Untracked 
| 197|0x000000008e500000, 0x000000008e500000, 0x000000008e600000|  0%| F|  |TAMS 0x000000008e500000| PB 0x000000008e500000| Untracked 
| 198|0x000000008e600000, 0x000000008e600000, 0x000000008e700000|  0%| F|  |TAMS 0x000000008e600000| PB 0x000000008e600000| Untracked 
| 199|0x000000008e700000, 0x000000008e700000, 0x000000008e800000|  0%| F|  |TAMS 0x000000008e700000| PB 0x000000008e700000| Untracked 
| 200|0x000000008e800000, 0x000000008e800000, 0x000000008e900000|  0%| F|  |TAMS 0x000000008e800000| PB 0x000000008e800000| Untracked 
| 201|0x000000008e900000, 0x000000008e900000, 0x000000008ea00000|  0%| F|  |TAMS 0x000000008e900000| PB 0x000000008e900000| Untracked 
| 202|0x000000008ea00000, 0x000000008ea00000, 0x000000008eb00000|  0%| F|  |TAMS 0x000000008ea00000| PB 0x000000008ea00000| Untracked 
| 203|0x000000008eb00000, 0x000000008eb00000, 0x000000008ec00000|  0%| F|  |TAMS 0x000000008eb00000| PB 0x000000008eb00000| Untracked 
| 204|0x000000008ec00000, 0x000000008ec00000, 0x000000008ed00000|  0%| F|  |TAMS 0x000000008ec00000| PB 0x000000008ec00000| Untracked 
| 205|0x000000008ed00000, 0x000000008ed00000, 0x000000008ee00000|  0%| F|  |TAMS 0x000000008ed00000| PB 0x000000008ed00000| Untracked 
| 206|0x000000008ee00000, 0x000000008ee00000, 0x000000008ef00000|  0%| F|  |TAMS 0x000000008ee00000| PB 0x000000008ee00000| Untracked 
| 207|0x000000008ef00000, 0x000000008ef00000, 0x000000008f000000|  0%| F|  |TAMS 0x000000008ef00000| PB 0x000000008ef00000| Untracked 
| 208|0x000000008f000000, 0x000000008f000000, 0x000000008f100000|  0%| F|  |TAMS 0x000000008f000000| PB 0x000000008f000000| Untracked 
| 209|0x000000008f100000, 0x000000008f100000, 0x000000008f200000|  0%| F|  |TAMS 0x000000008f100000| PB 0x000000008f100000| Untracked 
| 210|0x000000008f200000, 0x000000008f200000, 0x000000008f300000|  0%| F|  |TAMS 0x000000008f200000| PB 0x000000008f200000| Untracked 
| 211|0x000000008f300000, 0x000000008f300000, 0x000000008f400000|  0%| F|  |TAMS 0x000000008f300000| PB 0x000000008f300000| Untracked 
| 212|0x000000008f400000, 0x000000008f400000, 0x000000008f500000|  0%| F|  |TAMS 0x000000008f400000| PB 0x000000008f400000| Untracked 
| 213|0x000000008f500000, 0x000000008f500000, 0x000000008f600000|  0%| F|  |TAMS 0x000000008f500000| PB 0x000000008f500000| Untracked 
| 214|0x000000008f600000, 0x000000008f600000, 0x000000008f700000|  0%| F|  |TAMS 0x000000008f600000| PB 0x000000008f600000| Untracked 
| 215|0x000000008f700000, 0x000000008f700000, 0x000000008f800000|  0%| F|  |TAMS 0x000000008f700000| PB 0x000000008f700000| Untracked 
| 216|0x000000008f800000, 0x000000008f800000, 0x000000008f900000|  0%| F|  |TAMS 0x000000008f800000| PB 0x000000008f800000| Untracked 
| 217|0x000000008f900000, 0x000000008f900000, 0x000000008fa00000|  0%| F|  |TAMS 0x000000008f900000| PB 0x000000008f900000| Untracked 
| 218|0x000000008fa00000, 0x000000008fa00000, 0x000000008fb00000|  0%| F|  |TAMS 0x000000008fa00000| PB 0x000000008fa00000| Untracked 
| 219|0x000000008fb00000, 0x000000008fb00000, 0x000000008fc00000|  0%| F|  |TAMS 0x000000008fb00000| PB 0x000000008fb00000| Untracked 
| 220|0x000000008fc00000, 0x000000008fc00000, 0x000000008fd00000|  0%| F|  |TAMS 0x000000008fc00000| PB 0x000000008fc00000| Untracked 
| 221|0x000000008fd00000, 0x000000008fd00000, 0x000000008fe00000|  0%| F|  |TAMS 0x000000008fd00000| PB 0x000000008fd00000| Untracked 
| 222|0x000000008fe00000, 0x000000008fe00000, 0x000000008ff00000|  0%| F|  |TAMS 0x000000008fe00000| PB 0x000000008fe00000| Untracked 
| 223|0x000000008ff00000, 0x000000008ff00000, 0x0000000090000000|  0%| F|  |TAMS 0x000000008ff00000| PB 0x000000008ff00000| Untracked 
| 224|0x0000000090000000, 0x0000000090000000, 0x0000000090100000|  0%| F|  |TAMS 0x0000000090000000| PB 0x0000000090000000| Untracked 
| 225|0x0000000090100000, 0x0000000090100000, 0x0000000090200000|  0%| F|  |TAMS 0x0000000090100000| PB 0x0000000090100000| Untracked 
| 226|0x0000000090200000, 0x0000000090200000, 0x0000000090300000|  0%| F|  |TAMS 0x0000000090200000| PB 0x0000000090200000| Untracked 
| 227|0x0000000090300000, 0x0000000090300000, 0x0000000090400000|  0%| F|  |TAMS 0x0000000090300000| PB 0x0000000090300000| Untracked 
| 228|0x0000000090400000, 0x0000000090400000, 0x0000000090500000|  0%| F|  |TAMS 0x0000000090400000| PB 0x0000000090400000| Untracked 
| 229|0x0000000090500000, 0x0000000090500000, 0x0000000090600000|  0%| F|  |TAMS 0x0000000090500000| PB 0x0000000090500000| Untracked 
| 230|0x0000000090600000, 0x0000000090600000, 0x0000000090700000|  0%| F|  |TAMS 0x0000000090600000| PB 0x0000000090600000| Untracked 
| 231|0x0000000090700000, 0x0000000090700000, 0x0000000090800000|  0%| F|  |TAMS 0x0000000090700000| PB 0x0000000090700000| Untracked 
| 232|0x0000000090800000, 0x0000000090800000, 0x0000000090900000|  0%| F|  |TAMS 0x0000000090800000| PB 0x0000000090800000| Untracked 
| 233|0x0000000090900000, 0x0000000090900000, 0x0000000090a00000|  0%| F|  |TAMS 0x0000000090900000| PB 0x0000000090900000| Untracked 
| 234|0x0000000090a00000, 0x0000000090a00000, 0x0000000090b00000|  0%| F|  |TAMS 0x0000000090a00000| PB 0x0000000090a00000| Untracked 
| 235|0x0000000090b00000, 0x0000000090b00000, 0x0000000090c00000|  0%| F|  |TAMS 0x0000000090b00000| PB 0x0000000090b00000| Untracked 
| 236|0x0000000090c00000, 0x0000000090c00000, 0x0000000090d00000|  0%| F|  |TAMS 0x0000000090c00000| PB 0x0000000090c00000| Untracked 
| 237|0x0000000090d00000, 0x0000000090d00000, 0x0000000090e00000|  0%| F|  |TAMS 0x0000000090d00000| PB 0x0000000090d00000| Untracked 
| 238|0x0000000090e00000, 0x0000000090e80000, 0x0000000090f00000| 50%| E|  |TAMS 0x0000000090e00000| PB 0x0000000090e00000| Complete 
| 239|0x0000000090f00000, 0x0000000091000000, 0x0000000091000000|100%| E|CS|TAMS 0x0000000090f00000| PB 0x0000000090f00000| Complete 
| 240|0x0000000091000000, 0x0000000091100000, 0x0000000091100000|100%| E|CS|TAMS 0x0000000091000000| PB 0x0000000091000000| Complete 
| 241|0x0000000091100000, 0x0000000091200000, 0x0000000091200000|100%| E|CS|TAMS 0x0000000091100000| PB 0x0000000091100000| Complete 
| 242|0x0000000091200000, 0x0000000091300000, 0x0000000091300000|100%| E|CS|TAMS 0x0000000091200000| PB 0x0000000091200000| Complete 
| 243|0x0000000091300000, 0x0000000091400000, 0x0000000091400000|100%| E|CS|TAMS 0x0000000091300000| PB 0x0000000091300000| Complete 
| 244|0x0000000091400000, 0x0000000091500000, 0x0000000091500000|100%| E|CS|TAMS 0x0000000091400000| PB 0x0000000091400000| Complete 
| 245|0x0000000091500000, 0x0000000091600000, 0x0000000091600000|100%| E|CS|TAMS 0x0000000091500000| PB 0x0000000091500000| Complete 
| 246|0x0000000091600000, 0x0000000091700000, 0x0000000091700000|100%| E|CS|TAMS 0x0000000091600000| PB 0x0000000091600000| Complete 
| 247|0x0000000091700000, 0x0000000091800000, 0x0000000091800000|100%| E|CS|TAMS 0x0000000091700000| PB 0x0000000091700000| Complete 
| 248|0x0000000091800000, 0x0000000091900000, 0x0000000091900000|100%| E|CS|TAMS 0x0000000091800000| PB 0x0000000091800000| Complete 
| 249|0x0000000091900000, 0x0000000091a00000, 0x0000000091a00000|100%| E|CS|TAMS 0x0000000091900000| PB 0x0000000091900000| Complete 
| 250|0x0000000091a00000, 0x0000000091b00000, 0x0000000091b00000|100%| E|CS|TAMS 0x0000000091a00000| PB 0x0000000091a00000| Complete 
| 251|0x0000000091b00000, 0x0000000091c00000, 0x0000000091c00000|100%| E|CS|TAMS 0x0000000091b00000| PB 0x0000000091b00000| Complete 
| 252|0x0000000091c00000, 0x0000000091d00000, 0x0000000091d00000|100%| E|CS|TAMS 0x0000000091c00000| PB 0x0000000091c00000| Complete 
| 253|0x0000000091d00000, 0x0000000091e00000, 0x0000000091e00000|100%| E|CS|TAMS 0x0000000091d00000| PB 0x0000000091d00000| Complete 
|2013|0x00000000ffd00000, 0x00000000ffe00000, 0x00000000ffe00000|100%| E|CS|TAMS 0x00000000ffd00000| PB 0x00000000ffd00000| Complete 
|2014|0x00000000ffe00000, 0x00000000fff00000, 0x00000000fff00000|100%| O|  |TAMS 0x00000000fff00000| PB 0x00000000fff00000| Untracked 
|2015|0x00000000fff00000, 0x0000000100000000, 0x0000000100000000|100%| O|  |TAMS 0x0000000100000000| PB 0x0000000100000000| Untracked 

Card table byte_map: [0x000001e37e730000,0x000001e37eb20000] _byte_map_base: 0x000001e37e320000

Marking Bits: (CMBitMap*) 0x000001e37e2bfe70
 Bits: [0x000001e312090000, 0x000001e314010000)

Polling page: 0x000001e37da40000

Metaspace:

Usage:
  Non-class:     71.22 MB used.
      Class:      8.48 MB used.
       Both:     79.70 MB used.

Virtual space:
  Non-class space:      128.00 MB reserved,      71.38 MB ( 56%) committed,  2 nodes.
      Class space:        1.00 GB reserved,       8.62 MB ( <1%) committed,  1 nodes.
             Both:        1.12 GB reserved,      80.00 MB (  7%) committed. 

Chunk freelists:
   Non-Class:  8.20 MB
       Class:  7.42 MB
        Both:  15.62 MB

MaxMetaspaceSize: unlimited
CompressedClassSpaceSize: 1.00 GB
Initial GC threshold: 21.00 MB
Current GC threshold: 123.75 MB
CDS: off
 - commit_granule_bytes: 65536.
 - commit_granule_words: 8192.
 - virtual_space_node_default_size: 8388608.
 - enlarge_chunks_in_place: 1.
 - use_allocation_guard: 0.


Internal statistics:

num_allocs_failed_limit: 3.
num_arena_births: 324.
num_arena_deaths: 0.
num_vsnodes_births: 3.
num_vsnodes_deaths: 0.
num_space_committed: 1278.
num_space_uncommitted: 0.
num_chunks_returned_to_freelist: 3.
num_chunks_taken_from_freelist: 2837.
num_chunk_merges: 3.
num_chunk_splits: 2380.
num_chunks_enlarged: 2187.
num_inconsistent_stats: 0.

CodeHeap 'non-profiled nmethods': size=120000Kb used=11772Kb max_used=13615Kb free=108227Kb
 bounds [0x000001e30ab60000, 0x000001e30b8b0000, 0x000001e312090000]
CodeHeap 'profiled nmethods': size=120000Kb used=46243Kb max_used=53069Kb free=73756Kb
 bounds [0x000001e303090000, 0x000001e306470000, 0x000001e30a5c0000]
CodeHeap 'non-nmethods': size=5760Kb used=1759Kb max_used=1777Kb free=4000Kb
 bounds [0x000001e30a5c0000, 0x000001e30a830000, 0x000001e30ab60000]
CodeCache: size=245760Kb, used=59774Kb, max_used=68461Kb, free=185983Kb
 total_blobs=13384, nmethods=12610, adapters=673, full_count=0
Compilation: enabled, stopped_count=0, restarted_count=0

Compilation events (20 events):
Event: 209.712 Thread 0x000001e316077b90 nmethod 17899 0x000001e30b8aa290 code [0x000001e30b8aa420, 0x000001e30b8aa4e8]
Event: 209.724 Thread 0x000001e316071920 17902       4       org.jetbrains.kotlin.ir.symbols.impl.IrSymbolBase::<init> (181 bytes)
Event: 209.727 Thread 0x000001e316071920 nmethod 17902 0x000001e30b8aa590 code [0x000001e30b8aa760, 0x000001e30b8aab78]
Event: 209.728 Thread 0x000001e316077b90 17903       3       org.jetbrains.kotlin.ir.declarations.IrDeclarationOrigin$Companion::getENUM_CLASS_SPECIAL_MEMBER (19 bytes)
Event: 209.728 Thread 0x000001e316077b90 nmethod 17903 0x000001e306462d10 code [0x000001e306462f40, 0x000001e306463598]
Event: 209.730 Thread 0x000001e316071920 17904       4       org.jetbrains.kotlin.ir.symbols.impl.IrSymbolWithSignature::<init> (11 bytes)
Event: 209.731 Thread 0x000001e316077b90 17905       3       org.jetbrains.kotlin.fir.backend.generators.Fir2IrCallableDeclarationsGenerator::getSession (10 bytes)
Event: 209.731 Thread 0x000001e316077b90 nmethod 17905 0x000001e306463890 code [0x000001e306463a40, 0x000001e306463c10]
Event: 209.733 Thread 0x000001e316077b90 17906       3       org.jetbrains.kotlin.ir.expressions.impl.IrErrorExpressionImpl::<init> (49 bytes)
Event: 209.734 Thread 0x000001e316077b90 nmethod 17906 0x000001e306463d10 code [0x000001e306463fc0, 0x000001e306464c68]
Event: 209.734 Thread 0x000001e316077b90 17907       3       org.jetbrains.kotlin.fir.backend.utils.VariousUtilsKt::getDefaultTypeWithoutArguments (34 bytes)
Event: 209.734 Thread 0x000001e316077b90 nmethod 17907 0x000001e306465110 code [0x000001e306465360, 0x000001e306465b50]
Event: 209.738 Thread 0x000001e316071920 nmethod 17904 0x000001e30b8aae10 code [0x000001e30b8ab040, 0x000001e30b8ab8f8]
Event: 209.742 Thread 0x000001e316077b90 17908       3       org.jetbrains.kotlin.fir.backend.Fir2IrTypeConverterKt::toIrType (44 bytes)
Event: 209.744 Thread 0x000001e316077b90 nmethod 17908 0x000001e306465e90 code [0x000001e3064661c0, 0x000001e3064670e8]
Event: 209.744 Thread 0x000001e316077b90 17909       3       org.jetbrains.kotlin.fir.backend.Fir2IrDeclarationStorage::getCachedIrPropertySymbols (42 bytes)
Event: 209.745 Thread 0x000001e316077b90 nmethod 17909 0x000001e306467690 code [0x000001e306467a20, 0x000001e306468de8]
Event: 209.745 Thread 0x000001e316077b90 17917       3       org.jetbrains.kotlin.ir.declarations.IrDeclarationOrigin$Companion::getDEFAULT_PROPERTY_ACCESSOR (19 bytes)
Event: 209.745 Thread 0x000001e316077b90 nmethod 17917 0x000001e306469510 code [0x000001e306469740, 0x000001e306469d98]
Event: 209.745 Thread 0x000001e316077b90 17910       3       org.jetbrains.kotlin.fir.backend.Fir2IrDeclarationStorage::getCachedIrPropertySymbol (328 bytes)

GC Heap History (20 events):
Event: 94.270 GC heap before
{Heap before GC invocations=45 (full 0):
 garbage-first heap   total 181248K, used 158720K [0x0000000082000000, 0x0000000100000000)
  region size 1024K, 46 young (47104K), 7 survivors (7168K)
 Metaspace       used 70653K, committed 70912K, reserved 1114112K
  class space    used 7843K, committed 7936K, reserved 1048576K
}
Event: 94.291 GC heap after
{Heap after GC invocations=46 (full 0):
 garbage-first heap   total 181248K, used 125952K [0x0000000082000000, 0x0000000100000000)
  region size 1024K, 6 young (6144K), 6 survivors (6144K)
 Metaspace       used 70653K, committed 70912K, reserved 1114112K
  class space    used 7843K, committed 7936K, reserved 1048576K
}
Event: 96.627 GC heap before
{Heap before GC invocations=47 (full 0):
 garbage-first heap   total 209920K, used 162816K [0x0000000082000000, 0x0000000100000000)
  region size 1024K, 42 young (43008K), 6 survivors (6144K)
 Metaspace       used 70850K, committed 71168K, reserved 1114112K
  class space    used 7852K, committed 8000K, reserved 1048576K
}
Event: 96.644 GC heap after
{Heap after GC invocations=48 (full 0):
 garbage-first heap   total 209920K, used 132825K [0x0000000082000000, 0x0000000100000000)
  region size 1024K, 6 young (6144K), 6 survivors (6144K)
 Metaspace       used 70850K, committed 71168K, reserved 1114112K
  class space    used 7852K, committed 8000K, reserved 1048576K
}
Event: 111.635 GC heap before
{Heap before GC invocations=48 (full 0):
 garbage-first heap   total 209920K, used 181977K [0x0000000082000000, 0x0000000100000000)
  region size 1024K, 54 young (55296K), 6 survivors (6144K)
 Metaspace       used 71048K, committed 71360K, reserved 1114112K
  class space    used 7859K, committed 8000K, reserved 1048576K
}
Event: 111.712 GC heap after
{Heap after GC invocations=49 (full 0):
 garbage-first heap   total 209920K, used 139264K [0x0000000082000000, 0x0000000100000000)
  region size 1024K, 7 young (7168K), 7 survivors (7168K)
 Metaspace       used 71048K, committed 71360K, reserved 1114112K
  class space    used 7859K, committed 8000K, reserved 1048576K
}
Event: 140.743 GC heap before
{Heap before GC invocations=49 (full 0):
 garbage-first heap   total 209920K, used 187392K [0x0000000082000000, 0x0000000100000000)
  region size 1024K, 54 young (55296K), 7 survivors (7168K)
 Metaspace       used 71238K, committed 71552K, reserved 1114112K
  class space    used 7865K, committed 8000K, reserved 1048576K
}
Event: 140.981 GC heap after
{Heap after GC invocations=50 (full 0):
 garbage-first heap   total 209920K, used 144691K [0x0000000082000000, 0x0000000100000000)
  region size 1024K, 6 young (6144K), 6 survivors (6144K)
 Metaspace       used 71238K, committed 71552K, reserved 1114112K
  class space    used 7865K, committed 8000K, reserved 1048576K
}
Event: 159.868 GC heap before
{Heap before GC invocations=51 (full 0):
 garbage-first heap   total 242688K, used 189747K [0x0000000082000000, 0x0000000100000000)
  region size 1024K, 50 young (51200K), 6 survivors (6144K)
 Metaspace       used 71613K, committed 71872K, reserved 1114112K
  class space    used 7893K, committed 8000K, reserved 1048576K
}
Event: 159.965 GC heap after
{Heap after GC invocations=52 (full 0):
 garbage-first heap   total 242688K, used 148824K [0x0000000082000000, 0x0000000100000000)
  region size 1024K, 4 young (4096K), 4 survivors (4096K)
 Metaspace       used 71613K, committed 71872K, reserved 1114112K
  class space    used 7893K, committed 8000K, reserved 1048576K
}
Event: 174.275 GC heap before
{Heap before GC invocations=52 (full 0):
 garbage-first heap   total 242688K, used 217432K [0x0000000082000000, 0x0000000100000000)
  region size 1024K, 71 young (72704K), 4 survivors (4096K)
 Metaspace       used 71855K, committed 72128K, reserved 1114112K
  class space    used 7901K, committed 8000K, reserved 1048576K
}
Event: 174.354 GC heap after
{Heap after GC invocations=53 (full 0):
 garbage-first heap   total 242688K, used 153111K [0x0000000082000000, 0x0000000100000000)
  region size 1024K, 9 young (9216K), 9 survivors (9216K)
 Metaspace       used 71855K, committed 72128K, reserved 1114112K
  class space    used 7901K, committed 8000K, reserved 1048576K
}
Event: 190.043 GC heap before
{Heap before GC invocations=53 (full 0):
 garbage-first heap   total 242688K, used 219671K [0x0000000082000000, 0x0000000100000000)
  region size 1024K, 74 young (75776K), 9 survivors (9216K)
 Metaspace       used 75650K, committed 75968K, reserved 1179648K
  class space    used 8203K, committed 8320K, reserved 1048576K
}
Event: 190.091 GC heap after
{Heap after GC invocations=54 (full 0):
 garbage-first heap   total 242688K, used 157088K [0x0000000082000000, 0x0000000100000000)
  region size 1024K, 4 young (4096K), 4 survivors (4096K)
 Metaspace       used 75650K, committed 75968K, reserved 1179648K
  class space    used 8203K, committed 8320K, reserved 1048576K
}
Event: 203.650 GC heap before
{Heap before GC invocations=55 (full 0):
 garbage-first heap   total 263168K, used 222624K [0x0000000082000000, 0x0000000100000000)
  region size 1024K, 68 young (69632K), 4 survivors (4096K)
 Metaspace       used 76345K, committed 76608K, reserved 1179648K
  class space    used 8224K, committed 8320K, reserved 1048576K
}
Event: 203.677 GC heap after
{Heap after GC invocations=56 (full 0):
 garbage-first heap   total 263168K, used 161904K [0x0000000082000000, 0x0000000100000000)
  region size 1024K, 9 young (9216K), 9 survivors (9216K)
 Metaspace       used 76345K, committed 76608K, reserved 1179648K
  class space    used 8224K, committed 8320K, reserved 1048576K
}
Event: 206.259 GC heap before
{Heap before GC invocations=56 (full 0):
 garbage-first heap   total 263168K, used 238704K [0x0000000082000000, 0x0000000100000000)
  region size 1024K, 84 young (86016K), 9 survivors (9216K)
 Metaspace       used 77053K, committed 77312K, reserved 1179648K
  class space    used 8280K, committed 8384K, reserved 1048576K
}
Event: 206.311 GC heap after
{Heap after GC invocations=57 (full 0):
 garbage-first heap   total 263168K, used 168296K [0x0000000082000000, 0x0000000100000000)
  region size 1024K, 11 young (11264K), 11 survivors (11264K)
 Metaspace       used 77053K, committed 77312K, reserved 1179648K
  class space    used 8280K, committed 8384K, reserved 1048576K
}
Event: 208.160 GC heap before
{Heap before GC invocations=57 (full 0):
 garbage-first heap   total 263168K, used 236904K [0x0000000082000000, 0x0000000100000000)
  region size 1024K, 78 young (79872K), 11 survivors (11264K)
 Metaspace       used 78587K, committed 78912K, reserved 1179648K
  class space    used 8431K, committed 8576K, reserved 1048576K
}
Event: 208.201 GC heap after
{Heap after GC invocations=58 (full 0):
 garbage-first heap   total 263168K, used 179712K [0x0000000082000000, 0x0000000100000000)
  region size 1024K, 10 young (10240K), 10 survivors (10240K)
 Metaspace       used 78587K, committed 78912K, reserved 1179648K
  class space    used 8431K, committed 8576K, reserved 1048576K
}

Dll operation events (3 events):
Event: 0.023 Loaded shared library C:\Program Files\Android\Android Studio1\jbr\bin\java.dll
Event: 0.075 Loaded shared library C:\Program Files\Android\Android Studio1\jbr\bin\zip.dll
Event: 10.064 Loaded shared library C:\Program Files\Android\Android Studio1\jbr\bin\verify.dll

Deoptimization events (20 events):
Event: 208.620 Thread 0x000001e37c069fe0 Uncommon trap: trap_request=0xffffffde fr.pc=0x000001e30ae283e0 relative=0x0000000000000220
Event: 208.620 Thread 0x000001e37c069fe0 Uncommon trap: reason=class_check action=maybe_recompile pc=0x000001e30ae283e0 method=org.jetbrains.kotlin.protobuf.CodedOutputStream.refreshBuffer()V @ 28 c2
Event: 208.620 Thread 0x000001e37c069fe0 DEOPT PACKING pc=0x000001e30ae283e0 sp=0x00000004092fe470
Event: 208.620 Thread 0x000001e37c069fe0 DEOPT UNPACKING pc=0x000001e30a6146a2 sp=0x00000004092fe3d8 mode 2
Event: 208.620 Thread 0x000001e37c069fe0 Uncommon trap: trap_request=0xffffffde fr.pc=0x000001e30ae275e0 relative=0x0000000000000220
Event: 208.620 Thread 0x000001e37c069fe0 Uncommon trap: reason=class_check action=maybe_recompile pc=0x000001e30ae275e0 method=org.jetbrains.kotlin.protobuf.CodedOutputStream.refreshBuffer()V @ 28 c2
Event: 208.620 Thread 0x000001e37c069fe0 DEOPT PACKING pc=0x000001e30ae275e0 sp=0x00000004092fe410
Event: 208.620 Thread 0x000001e37c069fe0 DEOPT UNPACKING pc=0x000001e30a6146a2 sp=0x00000004092fe3d8 mode 2
Event: 209.271 Thread 0x000001e37c069fe0 Uncommon trap: trap_request=0xffffff45 fr.pc=0x000001e30b147850 relative=0x00000000000000b0
Event: 209.271 Thread 0x000001e37c069fe0 Uncommon trap: reason=unstable_if action=reinterpret pc=0x000001e30b147850 method=java.util.regex.Pattern$LastNode.match(Ljava/util/regex/Matcher;ILjava/lang/CharSequence;)Z @ 5 c2
Event: 209.271 Thread 0x000001e37c069fe0 DEOPT PACKING pc=0x000001e30b147850 sp=0x00000004092fe1f0
Event: 209.271 Thread 0x000001e37c069fe0 DEOPT UNPACKING pc=0x000001e30a6146a2 sp=0x00000004092fe168 mode 2
Event: 209.271 Thread 0x000001e37c069fe0 Uncommon trap: trap_request=0xffffff45 fr.pc=0x000001e30b56e204 relative=0x00000000000003a4
Event: 209.271 Thread 0x000001e37c069fe0 Uncommon trap: reason=unstable_if action=reinterpret pc=0x000001e30b56e204 method=java.util.regex.Matcher.match(II)Z @ 126 c2
Event: 209.271 Thread 0x000001e37c069fe0 DEOPT PACKING pc=0x000001e30b56e204 sp=0x00000004092fe2a0
Event: 209.271 Thread 0x000001e37c069fe0 DEOPT UNPACKING pc=0x000001e30a6146a2 sp=0x00000004092fe250 mode 2
Event: 209.276 Thread 0x000001e37c069fe0 Uncommon trap: trap_request=0xffffff45 fr.pc=0x000001e30b0d07a4 relative=0x0000000000000264
Event: 209.276 Thread 0x000001e37c069fe0 Uncommon trap: reason=unstable_if action=reinterpret pc=0x000001e30b0d07a4 method=org.jetbrains.kotlin.fir.scopes.FirKotlinScopeProviderKt.unsubstitutedScope(Lorg/jetbrains/kotlin/fir/declarations/FirClass;Lorg/jetbrains/kotlin/fir/FirSession;Lorg/jetbrai
Event: 209.276 Thread 0x000001e37c069fe0 DEOPT PACKING pc=0x000001e30b0d07a4 sp=0x00000004092fe410
Event: 209.276 Thread 0x000001e37c069fe0 DEOPT UNPACKING pc=0x000001e30a6146a2 sp=0x00000004092fe3b0 mode 2

Classes loaded (20 events):
Event: 207.809 Loading class java/util/ServiceLoader$LazyClassPathLookupIterator
Event: 207.811 Loading class java/util/ServiceLoader$LazyClassPathLookupIterator done
Event: 207.811 Loading class java/util/ServiceLoader$2
Event: 207.811 Loading class java/util/ServiceLoader$2 done
Event: 207.811 Loading class java/util/ServiceLoader$3
Event: 207.812 Loading class java/util/ServiceLoader$3 done
Event: 207.828 Loading class java/util/Collections$EmptyEnumeration
Event: 207.832 Loading class java/util/Collections$EmptyEnumeration done
Event: 207.832 Loading class jdk/internal/loader/BuiltinClassLoader$1
Event: 207.834 Loading class jdk/internal/loader/BuiltinClassLoader$1 done
Event: 207.836 Loading class java/lang/CompoundEnumeration
Event: 207.837 Loading class java/lang/CompoundEnumeration done
Event: 207.838 Loading class jdk/internal/loader/URLClassPath$1
Event: 207.838 Loading class jdk/internal/loader/URLClassPath$1 done
Event: 207.862 Loading class java/util/ServiceLoader$1
Event: 207.862 Loading class java/util/ServiceLoader$1 done
Event: 207.867 Loading class java/util/ServiceLoader$ProviderImpl
Event: 207.868 Loading class java/util/ServiceLoader$Provider
Event: 207.868 Loading class java/util/ServiceLoader$Provider done
Event: 207.868 Loading class java/util/ServiceLoader$ProviderImpl done

Classes unloaded (0 events):
No events

Classes redefined (0 events):
No events

Internal exceptions (20 events):
Event: 59.509 Thread 0x000001e37c069fe0 Exception <a 'java/lang/NoSuchMethodError'{0x0000000088b25cf0}: 'java.lang.Object java.lang.invoke.DirectMethodHandle$Holder.newInvokeSpecial(java.lang.Object, java.lang.Object, java.lang.Object, java.lang.Object, java.lang.Object, int)'> (0x0000000088b25cf0) 
thrown [s\src\hotspot\share\interpreter\linkResolver.cpp, line 784]
Event: 59.510 Thread 0x000001e37c069fe0 Exception <a 'java/lang/NoSuchMethodError'{0x0000000088b2a740}: 'java.lang.Object java.lang.invoke.DirectMethodHandle$Holder.invokeSpecial(java.lang.Object, java.lang.Object, java.lang.Object, java.lang.Object, java.lang.Object, java.lang.Object, int)'> (0x0000000088b2a740) 
thrown [s\src\hotspot\share\interpreter\linkResolver.cpp, line 784]
Event: 59.510 Thread 0x000001e37c069fe0 Exception <a 'java/lang/NoSuchMethodError'{0x0000000088b2ea90}: 'java.lang.Object java.lang.invoke.Invokers$Holder.linkToTargetMethod(java.lang.Object, java.lang.Object, java.lang.Object, java.lang.Object, int, java.lang.Object)'> (0x0000000088b2ea90) 
thrown [s\src\hotspot\share\interpreter\linkResolver.cpp, line 784]
Event: 60.493 Thread 0x000001e31604b1d0 Implicit null exception at 0x000001e30affc64b to 0x000001e30affca54
Event: 60.695 Thread 0x000001e37c069fe0 Implicit null exception at 0x000001e30adb1718 to 0x000001e30adb1918
Event: 118.070 Thread 0x000001e37c069fe0 Exception <a 'java/lang/NoSuchMethodError'{0x000000008e1b4cc8}: 'java.lang.Object java.lang.invoke.DirectMethodHandle$Holder.newInvokeSpecial(java.lang.Object, java.lang.Object, java.lang.Object, java.lang.Object, java.lang.Object, java.lang.Object, int)'> (0x000000008e1b4cc8) 
thrown [s\src\hotspot\share\interpreter\linkResolver.cpp, line 784]
Event: 118.209 Thread 0x000001e37c069fe0 Exception <a 'java/lang/NoSuchMethodError'{0x000000008e1b9da0}: 'java.lang.Object java.lang.invoke.DirectMethodHandle$Holder.invokeSpecial(java.lang.Object, java.lang.Object, java.lang.Object, java.lang.Object, java.lang.Object, java.lang.Object, java.lang.Object, int)'> (0x000000008e1b9da0) 
thrown [s\src\hotspot\share\interpreter\linkResolver.cpp, line 784]
Event: 134.746 Thread 0x000001e37c069fe0 Implicit null exception at 0x000001e30b3f0e54 to 0x000001e30b3f3cac
Event: 134.747 Thread 0x000001e37c069fe0 Implicit null exception at 0x000001e30b030faf to 0x000001e30b031258
Event: 152.664 Thread 0x000001e37c069fe0 Implicit null exception at 0x000001e30afaec00 to 0x000001e30afb291c
Event: 185.593 Thread 0x000001e37c069fe0 Implicit null exception at 0x000001e30ae0095a to 0x000001e30ae00da4
Event: 186.238 Thread 0x000001e37c069fe0 Implicit null exception at 0x000001e30afc1a31 to 0x000001e30afc1ddc
Event: 199.567 Thread 0x000001e37c069fe0 Implicit null exception at 0x000001e30ac15504 to 0x000001e30ac155a4
Event: 199.568 Thread 0x000001e37c069fe0 Implicit null exception at 0x000001e30b1d6a04 to 0x000001e30b1d6b87
Event: 204.749 Thread 0x000001e37c069fe0 Implicit null exception at 0x000001e30b613140 to 0x000001e30b61342c
Event: 204.833 Thread 0x000001e37c069fe0 Exception <a 'java/lang/NoSuchMethodError'{0x00000000907e2d20}: 'java.lang.Object java.lang.invoke.DirectMethodHandle$Holder.newInvokeSpecial(java.lang.Object, java.lang.Object, int, java.lang.Object, java.lang.Object, java.lang.Object)'> (0x00000000907e2d20) 
thrown [s\src\hotspot\share\interpreter\linkResolver.cpp, line 784]
Event: 204.836 Thread 0x000001e37c069fe0 Exception <a 'java/lang/NoSuchMethodError'{0x00000000907e6e58}: 'java.lang.Object java.lang.invoke.DirectMethodHandle$Holder.invokeSpecial(java.lang.Object, java.lang.Object, java.lang.Object, int, java.lang.Object, java.lang.Object, java.lang.Object)'> (0x00000000907e6e58) 
thrown [s\src\hotspot\share\interpreter\linkResolver.cpp, line 784]
Event: 204.836 Thread 0x000001e37c069fe0 Exception <a 'java/lang/NoSuchMethodError'{0x00000000907ea4d0}: 'java.lang.Object java.lang.invoke.Invokers$Holder.linkToTargetMethod(java.lang.Object, int, java.lang.Object, java.lang.Object, java.lang.Object, java.lang.Object)'> (0x00000000907ea4d0) 
thrown [s\src\hotspot\share\interpreter\linkResolver.cpp, line 784]
Event: 208.229 Thread 0x000001e37c069fe0 Implicit null exception at 0x000001e30adcaaa2 to 0x000001e30adcaeb4
Event: 208.247 Thread 0x000001e37c069fe0 Implicit null exception at 0x000001e30ad5a522 to 0x000001e30ad5a930

ZGC Phase Switch (0 events):
No events

VM Operations (20 events):
Event: 206.234 Executing VM operation: HandshakeAllThreads (Deoptimize) done
Event: 206.259 Executing VM operation: G1CollectForAllocation (G1 Evacuation Pause)
Event: 206.311 Executing VM operation: G1CollectForAllocation (G1 Evacuation Pause) done
Event: 206.557 Executing VM operation: HandshakeAllThreads (Deoptimize)
Event: 206.557 Executing VM operation: HandshakeAllThreads (Deoptimize) done
Event: 207.557 Executing VM operation: Cleanup
Event: 207.558 Executing VM operation: Cleanup done
Event: 208.160 Executing VM operation: G1CollectForAllocation (G1 Evacuation Pause)
Event: 208.201 Executing VM operation: G1CollectForAllocation (G1 Evacuation Pause) done
Event: 208.510 Executing VM operation: HandshakeAllThreads (Deoptimize)
Event: 208.510 Executing VM operation: HandshakeAllThreads (Deoptimize) done
Event: 208.513 Executing VM operation: HandshakeAllThreads (Deoptimize)
Event: 208.513 Executing VM operation: HandshakeAllThreads (Deoptimize) done
Event: 208.518 Executing VM operation: HandshakeAllThreads (Deoptimize)
Event: 208.518 Executing VM operation: HandshakeAllThreads (Deoptimize) done
Event: 208.521 Executing VM operation: HandshakeAllThreads (Deoptimize)
Event: 208.521 Executing VM operation: HandshakeAllThreads (Deoptimize) done
Event: 208.822 Executing VM operation: HandshakeAllThreads (Deoptimize)
Event: 208.822 Executing VM operation: HandshakeAllThreads (Deoptimize) done
Event: 209.749 Executing VM operation: G1PauseRemark

Memory protections (0 events):
No events

Nmethod flushes (20 events):
Event: 209.822 Thread 0x000001e37eff44f0 flushing  nmethod 0x000001e304d0ab90
Event: 209.822 Thread 0x000001e37eff44f0 flushing  nmethod 0x000001e304d26a90
Event: 209.822 Thread 0x000001e37eff44f0 flushing  nmethod 0x000001e304d2e490
Event: 209.822 Thread 0x000001e37eff44f0 flushing  nmethod 0x000001e304dc0990
Event: 209.822 Thread 0x000001e37eff44f0 flushing  nmethod 0x000001e304dc1590
Event: 209.822 Thread 0x000001e37eff44f0 flushing  nmethod 0x000001e304dc6090
Event: 209.822 Thread 0x000001e37eff44f0 flushing  nmethod 0x000001e304dcd090
Event: 209.823 Thread 0x000001e37eff44f0 flushing  nmethod 0x000001e304dd5a10
Event: 209.823 Thread 0x000001e37eff44f0 flushing  nmethod 0x000001e304e55690
Event: 209.823 Thread 0x000001e37eff44f0 flushing  nmethod 0x000001e304e56d90
Event: 209.823 Thread 0x000001e37eff44f0 flushing  nmethod 0x000001e304e71710
Event: 209.823 Thread 0x000001e37eff44f0 flushing  nmethod 0x000001e304eca510
Event: 209.823 Thread 0x000001e37eff44f0 flushing  nmethod 0x000001e304ecb310
Event: 209.823 Thread 0x000001e37eff44f0 flushing  nmethod 0x000001e304ecd310
Event: 209.823 Thread 0x000001e37eff44f0 flushing  nmethod 0x000001e304f81090
Event: 209.823 Thread 0x000001e37eff44f0 flushing  nmethod 0x000001e304fe6590
Event: 209.823 Thread 0x000001e37eff44f0 flushing  nmethod 0x000001e304ff1f90
Event: 209.823 Thread 0x000001e37eff44f0 flushing  nmethod 0x000001e305041410
Event: 209.823 Thread 0x000001e37eff44f0 flushing  nmethod 0x000001e30504e110
Event: 209.823 Thread 0x000001e37eff44f0 flushing  nmethod 0x000001e30504e590

Events (15 events):
Event: 0.038 Thread 0x000001e37c069fe0 Thread added: 0x000001e37c069fe0
Event: 0.270 Thread 0x000001e37c069fe0 Thread added: 0x000001e31604b1d0
Event: 0.280 Thread 0x000001e37c069fe0 Thread added: 0x000001e316058650
Event: 0.281 Thread 0x000001e37c069fe0 Thread added: 0x000001e316064600
Event: 0.282 Thread 0x000001e37c069fe0 Thread added: 0x000001e31606cc60
Event: 0.283 Thread 0x000001e37c069fe0 Thread added: 0x000001e31606d6c0
Event: 0.283 Thread 0x000001e37c069fe0 Thread added: 0x000001e31606e120
Event: 0.283 Thread 0x000001e37c069fe0 Thread added: 0x000001e31606eb80
Event: 0.283 Thread 0x000001e37c069fe0 Thread added: 0x000001e316071920
Event: 0.289 Thread 0x000001e37c069fe0 Thread added: 0x000001e316077b90
Event: 0.571 Thread 0x000001e37c069fe0 Thread added: 0x000001e316175f50
Event: 0.751 Loaded shared library C:\Program Files\Android\Android Studio1\jbr\bin\net.dll
Event: 0.757 Loaded shared library C:\Program Files\Android\Android Studio1\jbr\bin\nio.dll
Event: 1.100 Loaded shared library C:\Program Files\Android\Android Studio1\jbr\bin\zip.dll
Event: 1.166 Loaded shared library C:\Program Files\Android\Android Studio1\jbr\bin\jimage.dll


Dynamic libraries:
0x00007ff7bea50000 - 0x00007ff7bea5a000 	C:\Program Files\Android\Android Studio1\jbr\bin\java.exe
0x00007ffbd3dd0000 - 0x00007ffbd3fc8000 	C:\Windows\SYSTEM32\ntdll.dll
0x00007ffbd3100000 - 0x00007ffbd31c2000 	C:\Windows\System32\KERNEL32.DLL
0x00007ffbd1970000 - 0x00007ffbd1c66000 	C:\Windows\System32\KERNELBASE.dll
0x00007ffbd1460000 - 0x00007ffbd1560000 	C:\Windows\System32\ucrtbase.dll
0x00007ffbc67d0000 - 0x00007ffbc67e8000 	C:\Program Files\Android\Android Studio1\jbr\bin\jli.dll
0x00007ffb9e2b0000 - 0x00007ffb9e2cb000 	C:\Program Files\Android\Android Studio1\jbr\bin\VCRUNTIME140.dll
0x00007ffbd2ac0000 - 0x00007ffbd2c61000 	C:\Windows\System32\USER32.dll
0x00007ffbbefe0000 - 0x00007ffbbf27b000 	C:\Windows\WinSxS\amd64_microsoft.windows.common-controls_6595b64144ccf1df_6.0.19041.6456_none_60b8a6cb71f64256\COMCTL32.dll
0x00007ffbd17b0000 - 0x00007ffbd17d2000 	C:\Windows\System32\win32u.dll
0x00007ffbd2d70000 - 0x00007ffbd2e0e000 	C:\Windows\System32\msvcrt.dll
0x00007ffbd32f0000 - 0x00007ffbd331b000 	C:\Windows\System32\GDI32.dll
0x00007ffbd1600000 - 0x00007ffbd1719000 	C:\Windows\System32\gdi32full.dll
0x00007ffbd1560000 - 0x00007ffbd15fd000 	C:\Windows\System32\msvcp_win.dll
0x00007ffbd20b0000 - 0x00007ffbd20df000 	C:\Windows\System32\IMM32.DLL
0x00007ffbb5f70000 - 0x00007ffbb5f7c000 	C:\Program Files\Android\Android Studio1\jbr\bin\vcruntime140_1.dll
0x00007ffbc6740000 - 0x00007ffbc67cd000 	C:\Program Files\Android\Android Studio1\jbr\bin\msvcp140.dll
0x00007ffb78a70000 - 0x00007ffb79706000 	C:\Program Files\Android\Android Studio1\jbr\bin\server\jvm.dll
0x00007ffbd2e90000 - 0x00007ffbd2f41000 	C:\Windows\System32\ADVAPI32.dll
0x00007ffbd21e0000 - 0x00007ffbd227f000 	C:\Windows\System32\sechost.dll
0x00007ffbd1e80000 - 0x00007ffbd1fa0000 	C:\Windows\System32\RPCRT4.dll
0x00007ffbd1940000 - 0x00007ffbd1967000 	C:\Windows\System32\bcrypt.dll
0x00007ffbd2280000 - 0x00007ffbd22eb000 	C:\Windows\System32\WS2_32.dll
0x00007ffbd1340000 - 0x00007ffbd138b000 	C:\Windows\SYSTEM32\POWRPROF.dll
0x00007ffbbab20000 - 0x00007ffbbab47000 	C:\Windows\SYSTEM32\WINMM.dll
0x00007ffbc94c0000 - 0x00007ffbc94ca000 	C:\Windows\SYSTEM32\VERSION.dll
0x00007ffbd12a0000 - 0x00007ffbd12b2000 	C:\Windows\SYSTEM32\UMPDC.dll
0x00007ffbcfcc0000 - 0x00007ffbcfcd2000 	C:\Windows\SYSTEM32\kernel.appcore.dll
0x00007ffbb3800000 - 0x00007ffbb380a000 	C:\Program Files\Android\Android Studio1\jbr\bin\jimage.dll
0x00007ffbcf920000 - 0x00007ffbcfb21000 	C:\Windows\SYSTEM32\DBGHELP.DLL
0x00007ffbaef60000 - 0x00007ffbaef94000 	C:\Windows\SYSTEM32\dbgcore.DLL
0x00007ffbd1720000 - 0x00007ffbd17a2000 	C:\Windows\System32\bcryptPrimitives.dll
0x00007ffb9e260000 - 0x00007ffb9e280000 	C:\Program Files\Android\Android Studio1\jbr\bin\java.dll
0x00007ffb9e050000 - 0x00007ffb9e068000 	C:\Program Files\Android\Android Studio1\jbr\bin\zip.dll
0x00007ffbd22f0000 - 0x00007ffbd2a60000 	C:\Windows\System32\SHELL32.dll
0x00007ffbcf0a0000 - 0x00007ffbcf845000 	C:\Windows\SYSTEM32\windows.storage.dll
0x00007ffbd3920000 - 0x00007ffbd3c74000 	C:\Windows\System32\combase.dll
0x00007ffbd0db0000 - 0x00007ffbd0ddb000 	C:\Windows\SYSTEM32\Wldp.dll
0x00007ffbd2c70000 - 0x00007ffbd2d3d000 	C:\Windows\System32\OLEAUT32.dll
0x00007ffbd3ce0000 - 0x00007ffbd3d8d000 	C:\Windows\System32\SHCORE.dll
0x00007ffbd3c80000 - 0x00007ffbd3cdb000 	C:\Windows\System32\shlwapi.dll
0x00007ffbd1390000 - 0x00007ffbd13b4000 	C:\Windows\SYSTEM32\profapi.dll
0x00007ffbaf620000 - 0x00007ffbaf630000 	C:\Program Files\Android\Android Studio1\jbr\bin\net.dll
0x00007ffbc5b10000 - 0x00007ffbc5c1a000 	C:\Windows\SYSTEM32\WINHTTP.dll
0x00007ffbd0b10000 - 0x00007ffbd0b7a000 	C:\Windows\system32\mswsock.dll
0x00007ffb9d810000 - 0x00007ffb9d826000 	C:\Program Files\Android\Android Studio1\jbr\bin\nio.dll
0x00007ffbcb3c0000 - 0x00007ffbcb3d0000 	C:\Program Files\Android\Android Studio1\jbr\bin\verify.dll

JVMTI agents: none

dbghelp: loaded successfully - version: 4.0.5 - missing functions: none
symbol engine: initialized successfully - sym options: 0x614 - pdb path: .;C:\Program Files\Android\Android Studio1\jbr\bin;C:\Windows\SYSTEM32;C:\Windows\WinSxS\amd64_microsoft.windows.common-controls_6595b64144ccf1df_6.0.19041.6456_none_60b8a6cb71f64256;C:\Program Files\Android\Android Studio1\jbr\bin\server

VM Arguments:
java_command: org.jetbrains.kotlin.cli.jvm.K2JVMCompiler @D:\Mobile\app\build\20251124_5693647962452645174.compiler.options
java_class_path (initial): C:\Users\Admin\.gradle\caches\modules-2\files-2.1\org.jetbrains.kotlin\kotlin-compiler-embeddable\2.0.21\79346ed53db48b18312a472602eb5c057070c54d\kotlin-compiler-embeddable-2.0.21.jar;C:\Users\Admin\.gradle\caches\modules-2\files-2.1\org.jetbrains.kotlin\kotlin-stdlib\2.0.21\618b539767b4899b4660a83006e052b63f1db551\kotlin-stdlib-2.0.21.jar;C:\Users\Admin\.gradle\caches\modules-2\files-2.1\org.jetbrains.kotlin\kotlin-script-runtime\2.0.21\c9b044380ad41f89aa89aa896c2d32a8c0b2129d\kotlin-script-runtime-2.0.21.jar;C:\Users\Admin\.gradle\caches\modules-2\files-2.1\org.jetbrains.kotlin\kotlin-reflect\1.6.10\1cbe9c92c12a94eea200d23c2bbaedaf3daf5132\kotlin-reflect-1.6.10.jar;C:\Users\Admin\.gradle\caches\modules-2\files-2.1\org.jetbrains.kotlin\kotlin-daemon-embeddable\2.0.21\c9e933b23287de9b5a17e2116b4657bb91aea72c\kotlin-daemon-embeddable-2.0.21.jar;C:\Users\Admin\.gradle\caches\modules-2\files-2.1\org.jetbrains.intellij.deps\trove4j\1.0.20200330\3afb14d5f9ceb459d724e907a21145e8ff394f02\trove4j-1.0.20200330.jar;C:\Users\Admin\.gradle\caches\modules-2\files-2.1\org.jetbrains.kotlinx\kotlinx-coroutines-core-jvm\1.6.4\2c997cd1c0ef33f3e751d3831929aeff1390cb30\kotlinx-coroutines-core-jvm-1.6.4.jar;C:\Users\Admin\.gradle\caches\modules-2\files-2.1\org.jetbrains\annotations\13.0\919f0dfe192fb4e063e7dacadee7f8bb9a2672a9\annotations-13.0.jar
Launcher Type: SUN_STANDARD

[Global flags]
     intx CICompilerCount                          = 3                                         {product} {ergonomic}
     uint ConcGCThreads                            = 1                                         {product} {ergonomic}
     uint G1ConcRefinementThreads                  = 4                                         {product} {ergonomic}
   size_t G1HeapRegionSize                         = 1048576                                   {product} {ergonomic}
    uintx GCDrainStackTargetSize                   = 64                                        {product} {ergonomic}
   size_t InitialHeapSize                          = 132120576                                 {product} {ergonomic}
   size_t MarkStackSize                            = 4194304                                   {product} {ergonomic}
   size_t MaxHeapSize                              = 2113929216                                {product} {ergonomic}
   size_t MaxNewSize                               = 1267728384                                {product} {ergonomic}
   size_t MinHeapDeltaBytes                        = 1048576                                   {product} {ergonomic}
   size_t MinHeapSize                              = 8388608                                   {product} {ergonomic}
    uintx NonNMethodCodeHeapSize                   = 5832780                                {pd product} {ergonomic}
    uintx NonProfiledCodeHeapSize                  = 122912730                              {pd product} {ergonomic}
    uintx ProfiledCodeHeapSize                     = 122912730                              {pd product} {ergonomic}
    uintx ReservedCodeCacheSize                    = 251658240                              {pd product} {ergonomic}
     bool SegmentedCodeCache                       = true                                      {product} {ergonomic}
   size_t SoftMaxHeapSize                          = 2113929216                             {manageable} {ergonomic}
     bool UseCompressedOops                        = true                           {product lp64_product} {ergonomic}
     bool UseG1GC                                  = true                                      {product} {ergonomic}
     bool UseLargePagesIndividualAllocation        = false                                  {pd product} {ergonomic}

Logging:
Log output configuration:
 #0: stdout all=warning uptime,level,tags foldmultilines=false
 #1: stderr all=off uptime,level,tags foldmultilines=false

Environment Variables:
PATH=C:\Program Files\Eclipse Adoptium\jdk-17.0.17.10-hotspot\bin;C:\Windows\system32;C:\Windows;C:\Windows\System32\Wbem;C:\Windows\System32\WindowsPowerShell\v1.0\;C:\Windows\System32\OpenSSH\;C:\Program Files\Microsoft SQL Server\150\Tools\Binn\;C:\Program Files\Microsoft SQL Server\Client SDK\ODBC\170\Tools\Binn\;C:\Program Files (x86)\Microsoft SQL Server\160\Tools\Binn\;C:\Program Files\Microsoft SQL Server\160\Tools\Binn\;C:\Program Files\Microsoft SQL Server\160\DTS\Binn\;C:\Program Files (x86)\Microsoft SQL Server\160\DTS\Binn\;D:\Git\cmd;D:\App\;C:\Program Files\dotnet\;D:\cursor\resources\app\bin;C:\Users\Admin\AppData\Local\Microsoft\WindowsApps;D:\Microsoft VS Code\bin;C:\Users\Admin\AppData\Roaming\npm;D:\App\;C:\Users\Admin\AppData\Local\Programs\Microsoft VS Code\bin;C:\Users\Admin\.dotnet\tools
USERNAME=Admin
OS=Windows_NT
PROCESSOR_IDENTIFIER=Intel64 Family 6 Model 142 Stepping 9, GenuineIntel
TMP=C:\Users\Admin\AppData\Local\Temp
TEMP=C:\Users\Admin\AppData\Local\Temp




Periodic native trim disabled

JNI global refs:
JNI global refs: 10, weak refs: 6

JNI global refs memory usage: 835, weak refs: 833

Process memory usage:
Resident Set Size: 410784K (4% of 8251440K total physical memory with 32996K free physical memory)

OOME stack traces (most recent first):
Classloader memory used:
Loader jdk.internal.loader.ClassLoaders$AppClassLoader                                 : 69662K
Loader bootstrap                                                                       : 11717K
Loader java.net.URLClassLoader                                                         : 232K

---------------  S Y S T E M  ---------------

OS:
 Windows 10 , 64 bit Build 19041 (10.0.19041.5915)
OS uptime: 1 days 12:23 hours

CPU: total 4 (initial active 4) (2 cores per cpu, 2 threads per core) family 6 model 142 stepping 9 microcode 0xb4, cx8, cmov, fxsr, ht, mmx, 3dnowpref, sse, sse2, sse3, ssse3, sse4.1, sse4.2, popcnt, lzcnt, tsc, tscinvbit, avx, avx2, aes, erms, clmul, bmi1, bmi2, adx, fma, vzeroupper, clflush, clflushopt, rdtscp, f16c
Processor Information for the first 4 processors :
  Max Mhz: 2701, Current Mhz: 2701, Mhz Limit: 2701

Memory: 4k page, system-wide physical 8058M (31M free)
TotalPageFile size 24406M (AvailPageFile size 32M)
current process WorkingSet (physical memory assigned to process): 401M, peak: 412M
current process commit charge ("private bytes"): 534M, peak: 573M

vm_info: OpenJDK 64-Bit Server VM (21.0.8+-14196175-b1038.72) for windows-amd64 JRE (21.0.8+-14196175-b1038.72), built on 2025-10-01T10:24:33Z by "builder" with MS VC++ 16.10 / 16.11 (VS2019)

END.
