#
# There is insufficient memory for the Java Runtime Environment to continue.
# Native memory allocation (malloc) failed to allocate 1510096 bytes. Error detail: Chunk::new
# Possible reasons:
#   The system is out of physical RAM or swap space
#   This process is running with CompressedOops enabled, and the Java Heap may be blocking the growth of the native heap
# Possible solutions:
#   Reduce memory load on the system
#   Increase physical memory or swap space
#   Check if swap backing store is full
#   Decrease Java heap size (-Xmx/-Xms)
#   Decrease number of Java threads
#   Decrease Java thread stack sizes (-Xss)
#   Set larger code cache with -XX:ReservedCodeCacheSize=
#   JVM is running with Unscaled Compressed Oops mode in which the Java heap is
#     placed in the first 4GB address space. The Java Heap base address is the
#     maximum limit for the native heap growth. Please use -XX:HeapBaseMinAddress
#     to set the Java Heap base and to place the Java Heap above 4GB virtual address.
# This output file may be truncated or incomplete.
#
#  Out of Memory Error (arena.cpp:168), pid=18740, tid=18900
#
# JRE version: OpenJDK Runtime Environment (21.0.8) (build 21.0.8+-14196175-b1038.72)
# Java VM: OpenJDK 64-Bit Server VM (21.0.8+-14196175-b1038.72, mixed mode, tiered, compressed oops, compressed class ptrs, g1 gc, windows-amd64)
# No core dump will be written. Minidumps are not enabled by default on client versions of Windows
#

---------------  S U M M A R Y ------------

Command Line: org.jetbrains.kotlin.cli.jvm.K2JVMCompiler @D:\mobileBackup\garapro_mobile\app\build\20251202_11803866270388555849.compiler.options

Host: Intel(R) Core(TM) i5-7200U CPU @ 2.50GHz, 4 cores, 7G,  Windows 10 , 64 bit Build 19041 (10.0.19041.5915)
Time: Tue Dec  2 19:46:19 2025 SE Asia Standard Time elapsed time: 51.255986 seconds (0d 0h 0m 51s)

---------------  T H R E A D  ---------------

Current thread (0x000001ab5e7eeac0):  JavaThread "C2 CompilerThread0" daemon [_thread_in_native, id=18900, stack(0x0000003564b00000,0x0000003564c00000) (1024K)]


Current CompileTask:
C2:51256 14993       4       org.jetbrains.kotlin.resolve.calls.inference.ConstraintSystemBuilderKt::addSubtypeConstraintIfCompatible (35 bytes)

Stack: [0x0000003564b00000,0x0000003564c00000]
Native frames: (J=compiled Java code, j=interpreted, Vv=VM code, C=native code)
V  [jvm.dll+0x6d68d9]
V  [jvm.dll+0x866693]
V  [jvm.dll+0x868c4e]
V  [jvm.dll+0x869333]
V  [jvm.dll+0x280566]
V  [jvm.dll+0xc07cd]
V  [jvm.dll+0xc0d03]
V  [jvm.dll+0x3b95e1]
V  [jvm.dll+0x385507]
V  [jvm.dll+0x38497a]
V  [jvm.dll+0x249252]
V  [jvm.dll+0x248821]
V  [jvm.dll+0x1c73a4]
V  [jvm.dll+0x257f9e]
V  [jvm.dll+0x2564e6]
V  [jvm.dll+0x3f4696]
V  [jvm.dll+0x80eac8]
V  [jvm.dll+0x6d512d]
C  [ucrtbase.dll+0x21bb2]
C  [KERNEL32.DLL+0x17374]
C  [ntdll.dll+0x4cc91]


---------------  P R O C E S S  ---------------

Threads class SMR info:
_java_thread_list=0x000001ab667152f0, length=12, elements={
0x000001ab4556bd40, 0x000001ab5e7ca440, 0x000001ab5e7e0150, 0x000001ab5e7e4e90,
0x000001ab5e7f9d50, 0x000001ab5e7e90b0, 0x000001ab5e7e9b10, 0x000001ab5e7ecd20,
0x000001ab5e7eeac0, 0x000001ab5e7fd780, 0x000001ab5e997a50, 0x000001ab6a62f790
}

Java Threads: ( => current thread )
  0x000001ab4556bd40 JavaThread "main"                              [_thread_in_Java, id=15720, stack(0x0000003563c00000,0x0000003563d00000) (1024K)]
  0x000001ab5e7ca440 JavaThread "Common-Cleaner"             daemon [_thread_blocked, id=14212, stack(0x0000003564400000,0x0000003564500000) (1024K)]
  0x000001ab5e7e0150 JavaThread "Reference Handler"          daemon [_thread_blocked, id=18828, stack(0x0000003564500000,0x0000003564600000) (1024K)]
  0x000001ab5e7e4e90 JavaThread "Finalizer"                  daemon [_thread_blocked, id=18892, stack(0x0000003564600000,0x0000003564700000) (1024K)]
  0x000001ab5e7f9d50 JavaThread "Signal Dispatcher"          daemon [_thread_blocked, id=18756, stack(0x0000003564700000,0x0000003564800000) (1024K)]
  0x000001ab5e7e90b0 JavaThread "Attach Listener"            daemon [_thread_blocked, id=18808, stack(0x0000003564800000,0x0000003564900000) (1024K)]
  0x000001ab5e7e9b10 JavaThread "Service Thread"             daemon [_thread_blocked, id=18508, stack(0x0000003564900000,0x0000003564a00000) (1024K)]
  0x000001ab5e7ecd20 JavaThread "Monitor Deflation Thread"   daemon [_thread_blocked, id=18560, stack(0x0000003564a00000,0x0000003564b00000) (1024K)]
=>0x000001ab5e7eeac0 JavaThread "C2 CompilerThread0"         daemon [_thread_in_native, id=18900, stack(0x0000003564b00000,0x0000003564c00000) (1024K)]
  0x000001ab5e7fd780 JavaThread "C1 CompilerThread0"         daemon [_thread_blocked, id=18932, stack(0x0000003564c00000,0x0000003564d00000) (1024K)]
  0x000001ab5e997a50 JavaThread "Notification Thread"        daemon [_thread_blocked, id=18776, stack(0x0000003564d00000,0x0000003564e00000) (1024K)]
  0x000001ab6a62f790 JavaThread "C2 CompilerThread1"         daemon [_thread_in_native, id=18652, stack(0x0000003565100000,0x0000003565200000) (1024K)]
Total: 12

Other Threads:
  0x000001ab5e65dad0 VMThread "VM Thread"                           [id=17868, stack(0x0000003564300000,0x0000003564400000) (1024K)]
  0x000001ab5e5ca370 WatcherThread "VM Periodic Task Thread"        [id=10812, stack(0x0000003564200000,0x0000003564300000) (1024K)]
  0x000001ab478e0c80 WorkerThread "GC Thread#0"                     [id=18672, stack(0x0000003563d00000,0x0000003563e00000) (1024K)]
  0x000001ab63372660 WorkerThread "GC Thread#1"                     [id=18648, stack(0x0000003564e00000,0x0000003564f00000) (1024K)]
  0x000001ab63372a00 WorkerThread "GC Thread#2"                     [id=18624, stack(0x0000003564f00000,0x0000003565000000) (1024K)]
  0x000001ab63399c40 WorkerThread "GC Thread#3"                     [id=18680, stack(0x0000003565000000,0x0000003565100000) (1024K)]
  0x000001ab478f2070 ConcurrentGCThread "G1 Main Marker"            [id=18600, stack(0x0000003563e00000,0x0000003563f00000) (1024K)]
  0x000001ab478f2b70 WorkerThread "G1 Conc#0"                       [id=18820, stack(0x0000003563f00000,0x0000003564000000) (1024K)]
  0x000001ab5e4a24c0 ConcurrentGCThread "G1 Refine#0"               [id=14244, stack(0x0000003564000000,0x0000003564100000) (1024K)]
  0x000001ab47959d00 ConcurrentGCThread "G1 Service"                [id=2940, stack(0x0000003564100000,0x0000003564200000) (1024K)]
Total: 10

Threads with active compile tasks:
C2 CompilerThread0  51318 14993       4       org.jetbrains.kotlin.resolve.calls.inference.ConstraintSystemBuilderKt::addSubtypeConstraintIfCompatible (35 bytes)
C2 CompilerThread1  51318 15045       4       org.jetbrains.kotlin.fir.java.JavaTypeConversionKt::toConeKotlinTypeForFlexibleBound (850 bytes)
Total: 2

VM state: not at safepoint (normal execution)

VM Mutex/Monitor currently owned by a thread: None

Heap address: 0x0000000082000000, size: 2016 MB, Compressed Oops mode: 32-bit

CDS archive(s) not mapped
Compressed class space mapped at: 0x0000000100000000-0x0000000140000000, reserved size: 1073741824
Narrow klass base: 0x0000000000000000, Narrow klass shift: 3, Narrow klass range: 0x140000000

GC Precious Log:
 CardTable entry size: 512
 Card Set container configuration: InlinePtr #cards 5 size 8 Array Of Cards #cards 12 size 40 Howl #buckets 4 coarsen threshold 1843 Howl Bitmap #cards 512 size 80 coarsen threshold 460 Card regions per heap region 1 cards per card region 2048
 CPUs: 4 total, 4 available
 Memory: 8058M
 Large Page Support: Disabled
 NUMA Support: Disabled
 Compressed Oops: Enabled (32-bit)
 Heap Region Size: 1M
 Heap Min Capacity: 8M
 Heap Initial Capacity: 126M
 Heap Max Capacity: 2016M
 Pre-touch: Disabled
 Parallel Workers: 4
 Concurrent Workers: 1
 Concurrent Refinement Workers: 4
 Periodic GC: Disabled

Heap:
 garbage-first heap   total 247808K, used 203528K [0x0000000082000000, 0x0000000100000000)
  region size 1024K, 51 young (52224K), 6 survivors (6144K)
 Metaspace       used 72082K, committed 72384K, reserved 1114112K
  class space    used 7901K, committed 8064K, reserved 1048576K

Heap Regions: E=young(eden), S=young(survivor), O=old, HS=humongous(starts), HC=humongous(continues), CS=collection set, F=free, TAMS=top-at-mark-start, PB=parsable bottom
|   0|0x0000000082000000, 0x0000000082100000, 0x0000000082100000|100%|HS|  |TAMS 0x0000000082000000| PB 0x0000000082000000| Complete 
|   1|0x0000000082100000, 0x0000000082200000, 0x0000000082200000|100%|HC|  |TAMS 0x0000000082100000| PB 0x0000000082100000| Complete 
|   2|0x0000000082200000, 0x0000000082300000, 0x0000000082300000|100%|HC|  |TAMS 0x0000000082200000| PB 0x0000000082200000| Complete 
|   3|0x0000000082300000, 0x0000000082400000, 0x0000000082400000|100%| O|  |TAMS 0x0000000082300000| PB 0x0000000082300000| Untracked 
|   4|0x0000000082400000, 0x0000000082500000, 0x0000000082500000|100%| O|  |TAMS 0x0000000082400000| PB 0x0000000082400000| Untracked 
|   5|0x0000000082500000, 0x0000000082600000, 0x0000000082600000|100%| O|  |TAMS 0x0000000082500000| PB 0x0000000082500000| Untracked 
|   6|0x0000000082600000, 0x0000000082700000, 0x0000000082700000|100%| O|  |TAMS 0x0000000082600000| PB 0x0000000082600000| Untracked 
|   7|0x0000000082700000, 0x0000000082800000, 0x0000000082800000|100%| O|  |TAMS 0x0000000082700000| PB 0x0000000082700000| Untracked 
|   8|0x0000000082800000, 0x0000000082900000, 0x0000000082900000|100%| O|  |TAMS 0x0000000082800000| PB 0x0000000082800000| Untracked 
|   9|0x0000000082900000, 0x0000000082a00000, 0x0000000082a00000|100%| O|  |TAMS 0x0000000082900000| PB 0x0000000082900000| Untracked 
|  10|0x0000000082a00000, 0x0000000082b00000, 0x0000000082b00000|100%| O|  |TAMS 0x0000000082a00000| PB 0x0000000082a00000| Untracked 
|  11|0x0000000082b00000, 0x0000000082c00000, 0x0000000082c00000|100%| O|  |TAMS 0x0000000082b00000| PB 0x0000000082b00000| Untracked 
|  12|0x0000000082c00000, 0x0000000082d00000, 0x0000000082d00000|100%| O|  |TAMS 0x0000000082c00000| PB 0x0000000082c00000| Untracked 
|  13|0x0000000082d00000, 0x0000000082e00000, 0x0000000082e00000|100%| O|  |TAMS 0x0000000082d00000| PB 0x0000000082d00000| Untracked 
|  14|0x0000000082e00000, 0x0000000082f00000, 0x0000000082f00000|100%| O|  |TAMS 0x0000000082e00000| PB 0x0000000082e00000| Untracked 
|  15|0x0000000082f00000, 0x0000000083000000, 0x0000000083000000|100%| O|  |TAMS 0x0000000082f00000| PB 0x0000000082f00000| Untracked 
|  16|0x0000000083000000, 0x0000000083100000, 0x0000000083100000|100%| O|  |TAMS 0x0000000083000000| PB 0x0000000083000000| Untracked 
|  17|0x0000000083100000, 0x0000000083200000, 0x0000000083200000|100%| O|  |TAMS 0x0000000083100000| PB 0x0000000083100000| Untracked 
|  18|0x0000000083200000, 0x0000000083300000, 0x0000000083300000|100%| O|  |TAMS 0x0000000083200000| PB 0x0000000083200000| Untracked 
|  19|0x0000000083300000, 0x0000000083400000, 0x0000000083400000|100%| O|  |TAMS 0x0000000083300000| PB 0x0000000083300000| Untracked 
|  20|0x0000000083400000, 0x0000000083500000, 0x0000000083500000|100%| O|  |TAMS 0x0000000083400000| PB 0x0000000083400000| Untracked 
|  21|0x0000000083500000, 0x0000000083600000, 0x0000000083600000|100%| O|  |TAMS 0x0000000083500000| PB 0x0000000083500000| Untracked 
|  22|0x0000000083600000, 0x0000000083700000, 0x0000000083700000|100%| O|  |TAMS 0x0000000083600000| PB 0x0000000083600000| Untracked 
|  23|0x0000000083700000, 0x0000000083800000, 0x0000000083800000|100%| O|  |TAMS 0x0000000083700000| PB 0x0000000083700000| Untracked 
|  24|0x0000000083800000, 0x0000000083900000, 0x0000000083900000|100%| O|  |TAMS 0x0000000083800000| PB 0x0000000083800000| Untracked 
|  25|0x0000000083900000, 0x0000000083a00000, 0x0000000083a00000|100%| O|  |TAMS 0x0000000083900000| PB 0x0000000083900000| Untracked 
|  26|0x0000000083a00000, 0x0000000083b00000, 0x0000000083b00000|100%| O|  |TAMS 0x0000000083a00000| PB 0x0000000083a00000| Untracked 
|  27|0x0000000083b00000, 0x0000000083c00000, 0x0000000083c00000|100%| O|  |TAMS 0x0000000083b00000| PB 0x0000000083b00000| Untracked 
|  28|0x0000000083c00000, 0x0000000083d00000, 0x0000000083d00000|100%| O|  |TAMS 0x0000000083c00000| PB 0x0000000083c00000| Untracked 
|  29|0x0000000083d00000, 0x0000000083e00000, 0x0000000083e00000|100%| O|  |TAMS 0x0000000083d00000| PB 0x0000000083d00000| Untracked 
|  30|0x0000000083e00000, 0x0000000083f00000, 0x0000000083f00000|100%| O|  |TAMS 0x0000000083e00000| PB 0x0000000083e00000| Untracked 
|  31|0x0000000083f00000, 0x0000000084000000, 0x0000000084000000|100%| O|  |TAMS 0x0000000083f00000| PB 0x0000000083f00000| Untracked 
|  32|0x0000000084000000, 0x0000000084100000, 0x0000000084100000|100%| O|  |TAMS 0x0000000084000000| PB 0x0000000084000000| Untracked 
|  33|0x0000000084100000, 0x0000000084200000, 0x0000000084200000|100%| O|  |TAMS 0x0000000084100000| PB 0x0000000084100000| Untracked 
|  34|0x0000000084200000, 0x0000000084300000, 0x0000000084300000|100%| O|  |TAMS 0x0000000084200000| PB 0x0000000084200000| Untracked 
|  35|0x0000000084300000, 0x0000000084400000, 0x0000000084400000|100%| O|  |TAMS 0x0000000084300000| PB 0x0000000084300000| Untracked 
|  36|0x0000000084400000, 0x0000000084500000, 0x0000000084500000|100%| O|  |TAMS 0x0000000084400000| PB 0x0000000084400000| Untracked 
|  37|0x0000000084500000, 0x0000000084600000, 0x0000000084600000|100%| O|  |TAMS 0x0000000084500000| PB 0x0000000084500000| Untracked 
|  38|0x0000000084600000, 0x0000000084700000, 0x0000000084700000|100%| O|  |TAMS 0x0000000084600000| PB 0x0000000084600000| Untracked 
|  39|0x0000000084700000, 0x0000000084800000, 0x0000000084800000|100%| O|  |TAMS 0x0000000084700000| PB 0x0000000084700000| Untracked 
|  40|0x0000000084800000, 0x0000000084900000, 0x0000000084900000|100%| O|  |TAMS 0x0000000084800000| PB 0x0000000084800000| Untracked 
|  41|0x0000000084900000, 0x0000000084a00000, 0x0000000084a00000|100%| O|  |TAMS 0x0000000084900000| PB 0x0000000084900000| Untracked 
|  42|0x0000000084a00000, 0x0000000084b00000, 0x0000000084b00000|100%| O|  |TAMS 0x0000000084a00000| PB 0x0000000084a00000| Untracked 
|  43|0x0000000084b00000, 0x0000000084c00000, 0x0000000084c00000|100%| O|  |TAMS 0x0000000084b00000| PB 0x0000000084b00000| Untracked 
|  44|0x0000000084c00000, 0x0000000084d00000, 0x0000000084d00000|100%| O|  |TAMS 0x0000000084c00000| PB 0x0000000084c00000| Untracked 
|  45|0x0000000084d00000, 0x0000000084e00000, 0x0000000084e00000|100%| O|  |TAMS 0x0000000084d00000| PB 0x0000000084d00000| Untracked 
|  46|0x0000000084e00000, 0x0000000084f00000, 0x0000000084f00000|100%| O|  |TAMS 0x0000000084e00000| PB 0x0000000084e00000| Untracked 
|  47|0x0000000084f00000, 0x0000000085000000, 0x0000000085000000|100%| O|  |TAMS 0x0000000084f00000| PB 0x0000000084f00000| Untracked 
|  48|0x0000000085000000, 0x0000000085100000, 0x0000000085100000|100%| O|  |TAMS 0x0000000085000000| PB 0x0000000085000000| Untracked 
|  49|0x0000000085100000, 0x0000000085200000, 0x0000000085200000|100%| O|  |TAMS 0x0000000085100000| PB 0x0000000085100000| Untracked 
|  50|0x0000000085200000, 0x0000000085300000, 0x0000000085300000|100%| O|  |TAMS 0x0000000085200000| PB 0x0000000085200000| Untracked 
|  51|0x0000000085300000, 0x0000000085400000, 0x0000000085400000|100%| O|  |TAMS 0x0000000085300000| PB 0x0000000085300000| Untracked 
|  52|0x0000000085400000, 0x0000000085500000, 0x0000000085500000|100%| O|  |TAMS 0x0000000085400000| PB 0x0000000085400000| Untracked 
|  53|0x0000000085500000, 0x0000000085600000, 0x0000000085600000|100%| O|  |TAMS 0x0000000085500000| PB 0x0000000085500000| Untracked 
|  54|0x0000000085600000, 0x0000000085700000, 0x0000000085700000|100%| O|  |TAMS 0x0000000085600000| PB 0x0000000085600000| Untracked 
|  55|0x0000000085700000, 0x0000000085800000, 0x0000000085800000|100%| O|  |TAMS 0x0000000085700000| PB 0x0000000085700000| Untracked 
|  56|0x0000000085800000, 0x0000000085900000, 0x0000000085900000|100%| O|  |TAMS 0x0000000085800000| PB 0x0000000085800000| Untracked 
|  57|0x0000000085900000, 0x0000000085a00000, 0x0000000085a00000|100%| O|  |TAMS 0x0000000085900000| PB 0x0000000085900000| Untracked 
|  58|0x0000000085a00000, 0x0000000085b00000, 0x0000000085b00000|100%| O|  |TAMS 0x0000000085a00000| PB 0x0000000085a00000| Untracked 
|  59|0x0000000085b00000, 0x0000000085c00000, 0x0000000085c00000|100%| O|  |TAMS 0x0000000085b00000| PB 0x0000000085b00000| Untracked 
|  60|0x0000000085c00000, 0x0000000085d00000, 0x0000000085d00000|100%| O|  |TAMS 0x0000000085c00000| PB 0x0000000085c00000| Untracked 
|  61|0x0000000085d00000, 0x0000000085e00000, 0x0000000085e00000|100%| O|  |TAMS 0x0000000085d00000| PB 0x0000000085d00000| Untracked 
|  62|0x0000000085e00000, 0x0000000085f00000, 0x0000000085f00000|100%| O|  |TAMS 0x0000000085e00000| PB 0x0000000085e00000| Untracked 
|  63|0x0000000085f00000, 0x0000000086000000, 0x0000000086000000|100%| O|  |TAMS 0x0000000085f00000| PB 0x0000000085f00000| Untracked 
|  64|0x0000000086000000, 0x0000000086100000, 0x0000000086100000|100%| O|  |TAMS 0x0000000086000000| PB 0x0000000086000000| Untracked 
|  65|0x0000000086100000, 0x0000000086200000, 0x0000000086200000|100%| O|  |TAMS 0x0000000086100000| PB 0x0000000086100000| Untracked 
|  66|0x0000000086200000, 0x0000000086300000, 0x0000000086300000|100%| O|  |TAMS 0x0000000086200000| PB 0x0000000086200000| Untracked 
|  67|0x0000000086300000, 0x0000000086400000, 0x0000000086400000|100%| O|  |TAMS 0x0000000086300000| PB 0x0000000086300000| Untracked 
|  68|0x0000000086400000, 0x0000000086500000, 0x0000000086500000|100%| O|  |TAMS 0x0000000086400000| PB 0x0000000086400000| Untracked 
|  69|0x0000000086500000, 0x0000000086600000, 0x0000000086600000|100%| O|  |TAMS 0x0000000086500000| PB 0x0000000086500000| Untracked 
|  70|0x0000000086600000, 0x0000000086700000, 0x0000000086700000|100%| O|  |TAMS 0x0000000086600000| PB 0x0000000086600000| Untracked 
|  71|0x0000000086700000, 0x0000000086800000, 0x0000000086800000|100%| O|  |TAMS 0x0000000086700000| PB 0x0000000086700000| Untracked 
|  72|0x0000000086800000, 0x0000000086900000, 0x0000000086900000|100%| O|  |TAMS 0x0000000086800000| PB 0x0000000086800000| Untracked 
|  73|0x0000000086900000, 0x0000000086a00000, 0x0000000086a00000|100%| O|  |TAMS 0x0000000086900000| PB 0x0000000086900000| Untracked 
|  74|0x0000000086a00000, 0x0000000086b00000, 0x0000000086b00000|100%| O|  |TAMS 0x0000000086a00000| PB 0x0000000086a00000| Untracked 
|  75|0x0000000086b00000, 0x0000000086c00000, 0x0000000086c00000|100%| O|  |TAMS 0x0000000086b00000| PB 0x0000000086b00000| Untracked 
|  76|0x0000000086c00000, 0x0000000086d00000, 0x0000000086d00000|100%| O|  |TAMS 0x0000000086c00000| PB 0x0000000086c00000| Untracked 
|  77|0x0000000086d00000, 0x0000000086e00000, 0x0000000086e00000|100%| O|  |TAMS 0x0000000086d00000| PB 0x0000000086d00000| Untracked 
|  78|0x0000000086e00000, 0x0000000086f00000, 0x0000000086f00000|100%| O|  |TAMS 0x0000000086e00000| PB 0x0000000086e00000| Untracked 
|  79|0x0000000086f00000, 0x0000000087000000, 0x0000000087000000|100%| O|  |TAMS 0x0000000086f00000| PB 0x0000000086f00000| Untracked 
|  80|0x0000000087000000, 0x0000000087100000, 0x0000000087100000|100%| O|  |TAMS 0x0000000087000000| PB 0x0000000087000000| Untracked 
|  81|0x0000000087100000, 0x0000000087200000, 0x0000000087200000|100%| O|  |TAMS 0x0000000087100000| PB 0x0000000087100000| Untracked 
|  82|0x0000000087200000, 0x0000000087300000, 0x0000000087300000|100%| O|  |TAMS 0x0000000087200000| PB 0x0000000087200000| Untracked 
|  83|0x0000000087300000, 0x0000000087400000, 0x0000000087400000|100%| O|  |TAMS 0x0000000087300000| PB 0x0000000087300000| Untracked 
|  84|0x0000000087400000, 0x0000000087500000, 0x0000000087500000|100%| O|  |TAMS 0x0000000087400000| PB 0x0000000087400000| Untracked 
|  85|0x0000000087500000, 0x0000000087600000, 0x0000000087600000|100%| O|  |TAMS 0x0000000087500000| PB 0x0000000087500000| Untracked 
|  86|0x0000000087600000, 0x0000000087700000, 0x0000000087700000|100%| O|  |TAMS 0x0000000087600000| PB 0x0000000087600000| Untracked 
|  87|0x0000000087700000, 0x0000000087800000, 0x0000000087800000|100%| O|  |TAMS 0x0000000087700000| PB 0x0000000087700000| Untracked 
|  88|0x0000000087800000, 0x0000000087900000, 0x0000000087900000|100%| O|  |TAMS 0x0000000087800000| PB 0x0000000087800000| Untracked 
|  89|0x0000000087900000, 0x0000000087a00000, 0x0000000087a00000|100%| O|  |TAMS 0x0000000087900000| PB 0x0000000087900000| Untracked 
|  90|0x0000000087a00000, 0x0000000087b00000, 0x0000000087b00000|100%| O|  |TAMS 0x0000000087a00000| PB 0x0000000087a00000| Untracked 
|  91|0x0000000087b00000, 0x0000000087c00000, 0x0000000087c00000|100%| O|  |TAMS 0x0000000087b00000| PB 0x0000000087b00000| Untracked 
|  92|0x0000000087c00000, 0x0000000087d00000, 0x0000000087d00000|100%| O|  |TAMS 0x0000000087c00000| PB 0x0000000087c00000| Untracked 
|  93|0x0000000087d00000, 0x0000000087e00000, 0x0000000087e00000|100%| O|  |TAMS 0x0000000087d00000| PB 0x0000000087d00000| Untracked 
|  94|0x0000000087e00000, 0x0000000087f00000, 0x0000000087f00000|100%| O|  |TAMS 0x0000000087e00000| PB 0x0000000087e00000| Untracked 
|  95|0x0000000087f00000, 0x0000000088000000, 0x0000000088000000|100%| O|  |TAMS 0x0000000087f00000| PB 0x0000000087f00000| Untracked 
|  96|0x0000000088000000, 0x0000000088100000, 0x0000000088100000|100%| O|  |TAMS 0x0000000088000000| PB 0x0000000088000000| Untracked 
|  97|0x0000000088100000, 0x0000000088200000, 0x0000000088200000|100%| O|  |TAMS 0x0000000088100000| PB 0x0000000088100000| Untracked 
|  98|0x0000000088200000, 0x0000000088300000, 0x0000000088300000|100%| O|  |TAMS 0x0000000088200000| PB 0x0000000088200000| Untracked 
|  99|0x0000000088300000, 0x0000000088400000, 0x0000000088400000|100%| O|  |TAMS 0x0000000088300000| PB 0x0000000088300000| Untracked 
| 100|0x0000000088400000, 0x0000000088500000, 0x0000000088500000|100%| O|  |TAMS 0x0000000088400000| PB 0x0000000088400000| Untracked 
| 101|0x0000000088500000, 0x0000000088600000, 0x0000000088600000|100%| O|  |TAMS 0x0000000088500000| PB 0x0000000088500000| Untracked 
| 102|0x0000000088600000, 0x0000000088700000, 0x0000000088700000|100%| O|  |TAMS 0x0000000088600000| PB 0x0000000088600000| Untracked 
| 103|0x0000000088700000, 0x0000000088800000, 0x0000000088800000|100%| O|  |TAMS 0x0000000088700000| PB 0x0000000088700000| Untracked 
| 104|0x0000000088800000, 0x0000000088900000, 0x0000000088900000|100%| O|  |TAMS 0x0000000088800000| PB 0x0000000088800000| Untracked 
| 105|0x0000000088900000, 0x0000000088a00000, 0x0000000088a00000|100%| O|  |TAMS 0x0000000088900000| PB 0x0000000088900000| Untracked 
| 106|0x0000000088a00000, 0x0000000088b00000, 0x0000000088b00000|100%| O|  |TAMS 0x0000000088a00000| PB 0x0000000088a00000| Untracked 
| 107|0x0000000088b00000, 0x0000000088c00000, 0x0000000088c00000|100%| O|  |TAMS 0x0000000088b00000| PB 0x0000000088b00000| Untracked 
| 108|0x0000000088c00000, 0x0000000088d00000, 0x0000000088d00000|100%| O|  |TAMS 0x0000000088c00000| PB 0x0000000088c00000| Untracked 
| 109|0x0000000088d00000, 0x0000000088e00000, 0x0000000088e00000|100%| O|  |TAMS 0x0000000088d00000| PB 0x0000000088d00000| Untracked 
| 110|0x0000000088e00000, 0x0000000088f00000, 0x0000000088f00000|100%| O|  |TAMS 0x0000000088e00000| PB 0x0000000088e00000| Untracked 
| 111|0x0000000088f00000, 0x0000000089000000, 0x0000000089000000|100%| O|  |TAMS 0x0000000088f00000| PB 0x0000000088f00000| Untracked 
| 112|0x0000000089000000, 0x0000000089000000, 0x0000000089100000|  0%| F|  |TAMS 0x0000000089000000| PB 0x0000000089000000| Untracked 
| 113|0x0000000089100000, 0x0000000089200000, 0x0000000089200000|100%| O|  |TAMS 0x0000000089100000| PB 0x0000000089100000| Untracked 
| 114|0x0000000089200000, 0x0000000089300000, 0x0000000089300000|100%| O|  |TAMS 0x0000000089200000| PB 0x0000000089200000| Untracked 
| 115|0x0000000089300000, 0x0000000089300000, 0x0000000089400000|  0%| F|  |TAMS 0x0000000089300000| PB 0x0000000089300000| Untracked 
| 116|0x0000000089400000, 0x0000000089500000, 0x0000000089500000|100%| O|  |TAMS 0x0000000089400000| PB 0x0000000089400000| Untracked 
| 117|0x0000000089500000, 0x0000000089600000, 0x0000000089600000|100%| O|  |TAMS 0x0000000089500000| PB 0x0000000089500000| Untracked 
| 118|0x0000000089600000, 0x0000000089700000, 0x0000000089700000|100%| O|  |TAMS 0x0000000089600000| PB 0x0000000089600000| Untracked 
| 119|0x0000000089700000, 0x0000000089800000, 0x0000000089800000|100%| O|  |TAMS 0x0000000089700000| PB 0x0000000089700000| Untracked 
| 120|0x0000000089800000, 0x0000000089900000, 0x0000000089900000|100%| O|  |TAMS 0x0000000089800000| PB 0x0000000089800000| Untracked 
| 121|0x0000000089900000, 0x0000000089a00000, 0x0000000089a00000|100%| O|  |TAMS 0x0000000089900000| PB 0x0000000089900000| Untracked 
| 122|0x0000000089a00000, 0x0000000089b00000, 0x0000000089b00000|100%| O|  |TAMS 0x0000000089a00000| PB 0x0000000089a00000| Untracked 
| 123|0x0000000089b00000, 0x0000000089c00000, 0x0000000089c00000|100%| O|  |TAMS 0x0000000089b00000| PB 0x0000000089b00000| Untracked 
| 124|0x0000000089c00000, 0x0000000089d00000, 0x0000000089d00000|100%| O|  |TAMS 0x0000000089c00000| PB 0x0000000089c00000| Untracked 
| 125|0x0000000089d00000, 0x0000000089e00000, 0x0000000089e00000|100%| O|  |TAMS 0x0000000089d00000| PB 0x0000000089d00000| Untracked 
| 126|0x0000000089e00000, 0x0000000089e00000, 0x0000000089f00000|  0%| F|  |TAMS 0x0000000089e00000| PB 0x0000000089e00000| Untracked 
| 127|0x0000000089f00000, 0x000000008a000000, 0x000000008a000000|100%| O|  |TAMS 0x0000000089f00000| PB 0x0000000089f00000| Untracked 
| 128|0x000000008a000000, 0x000000008a100000, 0x000000008a100000|100%| O|  |TAMS 0x000000008a000000| PB 0x000000008a000000| Untracked 
| 129|0x000000008a100000, 0x000000008a200000, 0x000000008a200000|100%| O|  |TAMS 0x000000008a100000| PB 0x000000008a100000| Untracked 
| 130|0x000000008a200000, 0x000000008a300000, 0x000000008a300000|100%| O|  |TAMS 0x000000008a200000| PB 0x000000008a200000| Untracked 
| 131|0x000000008a300000, 0x000000008a400000, 0x000000008a400000|100%| O|  |TAMS 0x000000008a300000| PB 0x000000008a300000| Untracked 
| 132|0x000000008a400000, 0x000000008a500000, 0x000000008a500000|100%| O|  |TAMS 0x000000008a400000| PB 0x000000008a400000| Untracked 
| 133|0x000000008a500000, 0x000000008a600000, 0x000000008a600000|100%| O|  |TAMS 0x000000008a500000| PB 0x000000008a500000| Untracked 
| 134|0x000000008a600000, 0x000000008a700000, 0x000000008a700000|100%| O|  |TAMS 0x000000008a600000| PB 0x000000008a600000| Untracked 
| 135|0x000000008a700000, 0x000000008a800000, 0x000000008a800000|100%| O|  |TAMS 0x000000008a700000| PB 0x000000008a700000| Untracked 
| 136|0x000000008a800000, 0x000000008a900000, 0x000000008a900000|100%| O|  |TAMS 0x000000008a800000| PB 0x000000008a800000| Untracked 
| 137|0x000000008a900000, 0x000000008aa00000, 0x000000008aa00000|100%| O|  |TAMS 0x000000008a900000| PB 0x000000008a900000| Untracked 
| 138|0x000000008aa00000, 0x000000008ab00000, 0x000000008ab00000|100%| O|  |TAMS 0x000000008aa00000| PB 0x000000008aa00000| Untracked 
| 139|0x000000008ab00000, 0x000000008ac00000, 0x000000008ac00000|100%| O|  |TAMS 0x000000008ab00000| PB 0x000000008ab00000| Untracked 
| 140|0x000000008ac00000, 0x000000008ad00000, 0x000000008ad00000|100%| O|  |TAMS 0x000000008ac00000| PB 0x000000008ac00000| Untracked 
| 141|0x000000008ad00000, 0x000000008ae00000, 0x000000008ae00000|100%| O|  |TAMS 0x000000008ad00000| PB 0x000000008ad00000| Untracked 
| 142|0x000000008ae00000, 0x000000008af00000, 0x000000008af00000|100%| O|  |TAMS 0x000000008ae00000| PB 0x000000008ae00000| Untracked 
| 143|0x000000008af00000, 0x000000008b000000, 0x000000008b000000|100%| O|  |TAMS 0x000000008af00000| PB 0x000000008af00000| Untracked 
| 144|0x000000008b000000, 0x000000008b100000, 0x000000008b100000|100%| O|  |TAMS 0x000000008b000000| PB 0x000000008b000000| Untracked 
| 145|0x000000008b100000, 0x000000008b200000, 0x000000008b200000|100%| O|  |TAMS 0x000000008b100000| PB 0x000000008b100000| Untracked 
| 146|0x000000008b200000, 0x000000008b300000, 0x000000008b300000|100%| O|  |TAMS 0x000000008b200000| PB 0x000000008b200000| Untracked 
| 147|0x000000008b300000, 0x000000008b400000, 0x000000008b400000|100%| O|  |TAMS 0x000000008b300000| PB 0x000000008b300000| Untracked 
| 148|0x000000008b400000, 0x000000008b400000, 0x000000008b500000|  0%| F|  |TAMS 0x000000008b400000| PB 0x000000008b400000| Untracked 
| 149|0x000000008b500000, 0x000000008b500000, 0x000000008b600000|  0%| F|  |TAMS 0x000000008b500000| PB 0x000000008b500000| Untracked 
| 150|0x000000008b600000, 0x000000008b600000, 0x000000008b700000|  0%| F|  |TAMS 0x000000008b600000| PB 0x000000008b600000| Untracked 
| 151|0x000000008b700000, 0x000000008b700000, 0x000000008b800000|  0%| F|  |TAMS 0x000000008b700000| PB 0x000000008b700000| Untracked 
| 152|0x000000008b800000, 0x000000008b800000, 0x000000008b900000|  0%| F|  |TAMS 0x000000008b800000| PB 0x000000008b800000| Untracked 
| 153|0x000000008b900000, 0x000000008b900000, 0x000000008ba00000|  0%| F|  |TAMS 0x000000008b900000| PB 0x000000008b900000| Untracked 
| 154|0x000000008ba00000, 0x000000008ba00000, 0x000000008bb00000|  0%| F|  |TAMS 0x000000008ba00000| PB 0x000000008ba00000| Untracked 
| 155|0x000000008bb00000, 0x000000008bb00000, 0x000000008bc00000|  0%| F|  |TAMS 0x000000008bb00000| PB 0x000000008bb00000| Untracked 
| 156|0x000000008bc00000, 0x000000008bc00000, 0x000000008bd00000|  0%| F|  |TAMS 0x000000008bc00000| PB 0x000000008bc00000| Untracked 
| 157|0x000000008bd00000, 0x000000008bd00000, 0x000000008be00000|  0%| F|  |TAMS 0x000000008bd00000| PB 0x000000008bd00000| Untracked 
| 158|0x000000008be00000, 0x000000008be00000, 0x000000008bf00000|  0%| F|  |TAMS 0x000000008be00000| PB 0x000000008be00000| Untracked 
| 159|0x000000008bf00000, 0x000000008bf00000, 0x000000008c000000|  0%| F|  |TAMS 0x000000008bf00000| PB 0x000000008bf00000| Untracked 
| 160|0x000000008c000000, 0x000000008c000000, 0x000000008c100000|  0%| F|  |TAMS 0x000000008c000000| PB 0x000000008c000000| Untracked 
| 161|0x000000008c100000, 0x000000008c100000, 0x000000008c200000|  0%| F|  |TAMS 0x000000008c100000| PB 0x000000008c100000| Untracked 
| 162|0x000000008c200000, 0x000000008c200000, 0x000000008c300000|  0%| F|  |TAMS 0x000000008c200000| PB 0x000000008c200000| Untracked 
| 163|0x000000008c300000, 0x000000008c3c2328, 0x000000008c400000| 75%| S|CS|TAMS 0x000000008c300000| PB 0x000000008c300000| Complete 
| 164|0x000000008c400000, 0x000000008c500000, 0x000000008c500000|100%| S|CS|TAMS 0x000000008c400000| PB 0x000000008c400000| Complete 
| 165|0x000000008c500000, 0x000000008c600000, 0x000000008c600000|100%| S|CS|TAMS 0x000000008c500000| PB 0x000000008c500000| Complete 
| 166|0x000000008c600000, 0x000000008c700000, 0x000000008c700000|100%| S|CS|TAMS 0x000000008c600000| PB 0x000000008c600000| Complete 
| 167|0x000000008c700000, 0x000000008c800000, 0x000000008c800000|100%| S|CS|TAMS 0x000000008c700000| PB 0x000000008c700000| Complete 
| 168|0x000000008c800000, 0x000000008c900000, 0x000000008c900000|100%| S|CS|TAMS 0x000000008c800000| PB 0x000000008c800000| Complete 
| 169|0x000000008c900000, 0x000000008c900000, 0x000000008ca00000|  0%| F|  |TAMS 0x000000008c900000| PB 0x000000008c900000| Untracked 
| 170|0x000000008ca00000, 0x000000008ca00000, 0x000000008cb00000|  0%| F|  |TAMS 0x000000008ca00000| PB 0x000000008ca00000| Untracked 
| 171|0x000000008cb00000, 0x000000008cb00000, 0x000000008cc00000|  0%| F|  |TAMS 0x000000008cb00000| PB 0x000000008cb00000| Untracked 
| 172|0x000000008cc00000, 0x000000008cc00000, 0x000000008cd00000|  0%| F|  |TAMS 0x000000008cc00000| PB 0x000000008cc00000| Untracked 
| 173|0x000000008cd00000, 0x000000008cd00000, 0x000000008ce00000|  0%| F|  |TAMS 0x000000008cd00000| PB 0x000000008cd00000| Untracked 
| 174|0x000000008ce00000, 0x000000008ce00000, 0x000000008cf00000|  0%| F|  |TAMS 0x000000008ce00000| PB 0x000000008ce00000| Untracked 
| 175|0x000000008cf00000, 0x000000008cf00000, 0x000000008d000000|  0%| F|  |TAMS 0x000000008cf00000| PB 0x000000008cf00000| Untracked 
| 176|0x000000008d000000, 0x000000008d000000, 0x000000008d100000|  0%| F|  |TAMS 0x000000008d000000| PB 0x000000008d000000| Untracked 
| 177|0x000000008d100000, 0x000000008d100000, 0x000000008d200000|  0%| F|  |TAMS 0x000000008d100000| PB 0x000000008d100000| Untracked 
| 178|0x000000008d200000, 0x000000008d200000, 0x000000008d300000|  0%| F|  |TAMS 0x000000008d200000| PB 0x000000008d200000| Untracked 
| 179|0x000000008d300000, 0x000000008d300000, 0x000000008d400000|  0%| F|  |TAMS 0x000000008d300000| PB 0x000000008d300000| Untracked 
| 180|0x000000008d400000, 0x000000008d400000, 0x000000008d500000|  0%| F|  |TAMS 0x000000008d400000| PB 0x000000008d400000| Untracked 
| 181|0x000000008d500000, 0x000000008d500000, 0x000000008d600000|  0%| F|  |TAMS 0x000000008d500000| PB 0x000000008d500000| Untracked 
| 182|0x000000008d600000, 0x000000008d600000, 0x000000008d700000|  0%| F|  |TAMS 0x000000008d600000| PB 0x000000008d600000| Untracked 
| 183|0x000000008d700000, 0x000000008d700000, 0x000000008d800000|  0%| F|  |TAMS 0x000000008d700000| PB 0x000000008d700000| Untracked 
| 184|0x000000008d800000, 0x000000008d800000, 0x000000008d900000|  0%| F|  |TAMS 0x000000008d800000| PB 0x000000008d800000| Untracked 
| 185|0x000000008d900000, 0x000000008d900000, 0x000000008da00000|  0%| F|  |TAMS 0x000000008d900000| PB 0x000000008d900000| Untracked 
| 186|0x000000008da00000, 0x000000008da00000, 0x000000008db00000|  0%| F|  |TAMS 0x000000008da00000| PB 0x000000008da00000| Untracked 
| 187|0x000000008db00000, 0x000000008db00000, 0x000000008dc00000|  0%| F|  |TAMS 0x000000008db00000| PB 0x000000008db00000| Untracked 
| 188|0x000000008dc00000, 0x000000008dc00000, 0x000000008dd00000|  0%| F|  |TAMS 0x000000008dc00000| PB 0x000000008dc00000| Untracked 
| 189|0x000000008dd00000, 0x000000008dd00000, 0x000000008de00000|  0%| F|  |TAMS 0x000000008dd00000| PB 0x000000008dd00000| Untracked 
| 190|0x000000008de00000, 0x000000008de00000, 0x000000008df00000|  0%| F|  |TAMS 0x000000008de00000| PB 0x000000008de00000| Untracked 
| 191|0x000000008df00000, 0x000000008df00000, 0x000000008e000000|  0%| F|  |TAMS 0x000000008df00000| PB 0x000000008df00000| Untracked 
| 192|0x000000008e000000, 0x000000008e000000, 0x000000008e100000|  0%| F|  |TAMS 0x000000008e000000| PB 0x000000008e000000| Untracked 
| 193|0x000000008e100000, 0x000000008e200000, 0x000000008e200000|100%| E|  |TAMS 0x000000008e100000| PB 0x000000008e100000| Complete 
| 194|0x000000008e200000, 0x000000008e300000, 0x000000008e300000|100%| E|CS|TAMS 0x000000008e200000| PB 0x000000008e200000| Complete 
| 195|0x000000008e300000, 0x000000008e400000, 0x000000008e400000|100%| E|CS|TAMS 0x000000008e300000| PB 0x000000008e300000| Complete 
| 196|0x000000008e400000, 0x000000008e500000, 0x000000008e500000|100%| E|CS|TAMS 0x000000008e400000| PB 0x000000008e400000| Complete 
| 197|0x000000008e500000, 0x000000008e600000, 0x000000008e600000|100%| E|CS|TAMS 0x000000008e500000| PB 0x000000008e500000| Complete 
| 198|0x000000008e600000, 0x000000008e700000, 0x000000008e700000|100%| E|CS|TAMS 0x000000008e600000| PB 0x000000008e600000| Complete 
| 199|0x000000008e700000, 0x000000008e800000, 0x000000008e800000|100%| E|CS|TAMS 0x000000008e700000| PB 0x000000008e700000| Complete 
| 200|0x000000008e800000, 0x000000008e900000, 0x000000008e900000|100%| E|CS|TAMS 0x000000008e800000| PB 0x000000008e800000| Complete 
| 201|0x000000008e900000, 0x000000008ea00000, 0x000000008ea00000|100%| E|CS|TAMS 0x000000008e900000| PB 0x000000008e900000| Complete 
| 202|0x000000008ea00000, 0x000000008eb00000, 0x000000008eb00000|100%| E|CS|TAMS 0x000000008ea00000| PB 0x000000008ea00000| Complete 
| 203|0x000000008eb00000, 0x000000008ec00000, 0x000000008ec00000|100%| E|CS|TAMS 0x000000008eb00000| PB 0x000000008eb00000| Complete 
| 204|0x000000008ec00000, 0x000000008ed00000, 0x000000008ed00000|100%| E|CS|TAMS 0x000000008ec00000| PB 0x000000008ec00000| Complete 
| 205|0x000000008ed00000, 0x000000008ee00000, 0x000000008ee00000|100%| E|CS|TAMS 0x000000008ed00000| PB 0x000000008ed00000| Complete 
| 206|0x000000008ee00000, 0x000000008ef00000, 0x000000008ef00000|100%| E|CS|TAMS 0x000000008ee00000| PB 0x000000008ee00000| Complete 
| 207|0x000000008ef00000, 0x000000008f000000, 0x000000008f000000|100%| E|CS|TAMS 0x000000008ef00000| PB 0x000000008ef00000| Complete 
| 208|0x000000008f000000, 0x000000008f100000, 0x000000008f100000|100%| E|CS|TAMS 0x000000008f000000| PB 0x000000008f000000| Complete 
| 209|0x000000008f100000, 0x000000008f200000, 0x000000008f200000|100%| E|CS|TAMS 0x000000008f100000| PB 0x000000008f100000| Complete 
| 210|0x000000008f200000, 0x000000008f300000, 0x000000008f300000|100%| E|CS|TAMS 0x000000008f200000| PB 0x000000008f200000| Complete 
| 211|0x000000008f300000, 0x000000008f400000, 0x000000008f400000|100%| E|CS|TAMS 0x000000008f300000| PB 0x000000008f300000| Complete 
| 212|0x000000008f400000, 0x000000008f500000, 0x000000008f500000|100%| E|CS|TAMS 0x000000008f400000| PB 0x000000008f400000| Complete 
| 213|0x000000008f500000, 0x000000008f600000, 0x000000008f600000|100%| E|CS|TAMS 0x000000008f500000| PB 0x000000008f500000| Complete 
| 214|0x000000008f600000, 0x000000008f700000, 0x000000008f700000|100%| E|CS|TAMS 0x000000008f600000| PB 0x000000008f600000| Complete 
| 215|0x000000008f700000, 0x000000008f800000, 0x000000008f800000|100%| E|CS|TAMS 0x000000008f700000| PB 0x000000008f700000| Complete 
| 216|0x000000008f800000, 0x000000008f900000, 0x000000008f900000|100%| E|CS|TAMS 0x000000008f800000| PB 0x000000008f800000| Complete 
| 217|0x000000008f900000, 0x000000008fa00000, 0x000000008fa00000|100%| E|CS|TAMS 0x000000008f900000| PB 0x000000008f900000| Complete 
| 218|0x000000008fa00000, 0x000000008fb00000, 0x000000008fb00000|100%| E|CS|TAMS 0x000000008fa00000| PB 0x000000008fa00000| Complete 
| 219|0x000000008fb00000, 0x000000008fc00000, 0x000000008fc00000|100%| E|CS|TAMS 0x000000008fb00000| PB 0x000000008fb00000| Complete 
| 220|0x000000008fc00000, 0x000000008fd00000, 0x000000008fd00000|100%| E|CS|TAMS 0x000000008fc00000| PB 0x000000008fc00000| Complete 
| 221|0x000000008fd00000, 0x000000008fe00000, 0x000000008fe00000|100%| E|CS|TAMS 0x000000008fd00000| PB 0x000000008fd00000| Complete 
| 222|0x000000008fe00000, 0x000000008ff00000, 0x000000008ff00000|100%| E|CS|TAMS 0x000000008fe00000| PB 0x000000008fe00000| Complete 
| 223|0x000000008ff00000, 0x0000000090000000, 0x0000000090000000|100%| E|CS|TAMS 0x000000008ff00000| PB 0x000000008ff00000| Complete 
| 224|0x0000000090000000, 0x0000000090100000, 0x0000000090100000|100%| E|CS|TAMS 0x0000000090000000| PB 0x0000000090000000| Complete 
| 225|0x0000000090100000, 0x0000000090200000, 0x0000000090200000|100%| E|CS|TAMS 0x0000000090100000| PB 0x0000000090100000| Complete 
| 226|0x0000000090200000, 0x0000000090300000, 0x0000000090300000|100%| E|CS|TAMS 0x0000000090200000| PB 0x0000000090200000| Complete 
| 227|0x0000000090300000, 0x0000000090400000, 0x0000000090400000|100%| E|CS|TAMS 0x0000000090300000| PB 0x0000000090300000| Complete 
| 228|0x0000000090400000, 0x0000000090500000, 0x0000000090500000|100%| E|CS|TAMS 0x0000000090400000| PB 0x0000000090400000| Complete 
| 229|0x0000000090500000, 0x0000000090600000, 0x0000000090600000|100%| E|CS|TAMS 0x0000000090500000| PB 0x0000000090500000| Complete 
| 230|0x0000000090600000, 0x0000000090700000, 0x0000000090700000|100%| E|CS|TAMS 0x0000000090600000| PB 0x0000000090600000| Complete 
| 231|0x0000000090700000, 0x0000000090800000, 0x0000000090800000|100%| E|CS|TAMS 0x0000000090700000| PB 0x0000000090700000| Complete 
| 232|0x0000000090800000, 0x0000000090900000, 0x0000000090900000|100%| E|CS|TAMS 0x0000000090800000| PB 0x0000000090800000| Complete 
| 233|0x0000000090900000, 0x0000000090a00000, 0x0000000090a00000|100%| E|CS|TAMS 0x0000000090900000| PB 0x0000000090900000| Complete 
| 234|0x0000000090a00000, 0x0000000090b00000, 0x0000000090b00000|100%| E|CS|TAMS 0x0000000090a00000| PB 0x0000000090a00000| Complete 
| 235|0x0000000090b00000, 0x0000000090c00000, 0x0000000090c00000|100%| E|CS|TAMS 0x0000000090b00000| PB 0x0000000090b00000| Complete 
| 236|0x0000000090c00000, 0x0000000090d00000, 0x0000000090d00000|100%| E|CS|TAMS 0x0000000090c00000| PB 0x0000000090c00000| Complete 
|2011|0x00000000ffb00000, 0x00000000ffc00000, 0x00000000ffc00000|100%| E|CS|TAMS 0x00000000ffb00000| PB 0x00000000ffb00000| Complete 
|2012|0x00000000ffc00000, 0x00000000ffd00000, 0x00000000ffd00000|100%| O|  |TAMS 0x00000000ffc00000| PB 0x00000000ffc00000| Untracked 
|2013|0x00000000ffd00000, 0x00000000ffe00000, 0x00000000ffe00000|100%| O|  |TAMS 0x00000000ffd00000| PB 0x00000000ffd00000| Untracked 
|2014|0x00000000ffe00000, 0x00000000fff00000, 0x00000000fff00000|100%| O|  |TAMS 0x00000000ffe00000| PB 0x00000000ffe00000| Untracked 
|2015|0x00000000fff00000, 0x0000000100000000, 0x0000000100000000|100%| O|  |TAMS 0x00000000fff00000| PB 0x00000000fff00000| Untracked 

Card table byte_map: [0x000001ab59de0000,0x000001ab5a1d0000] _byte_map_base: 0x000001ab599d0000

Marking Bits: (CMBitMap*) 0x000001ab478e1380
 Bits: [0x000001ab5a1d0000, 0x000001ab5c150000)

Polling page: 0x000001ab458a0000

Metaspace:

Usage:
  Non-class:     62.68 MB used.
      Class:      7.72 MB used.
       Both:     70.39 MB used.

Virtual space:
  Non-class space:       64.00 MB reserved,      62.81 MB ( 98%) committed,  1 nodes.
      Class space:        1.00 GB reserved,       7.88 MB ( <1%) committed,  1 nodes.
             Both:        1.06 GB reserved,      70.69 MB (  6%) committed. 

Chunk freelists:
   Non-Class:  640.00 KB
       Class:  8.18 MB
        Both:  8.81 MB

MaxMetaspaceSize: unlimited
CompressedClassSpaceSize: 1.00 GB
Initial GC threshold: 21.00 MB
Current GC threshold: 116.88 MB
CDS: off
 - commit_granule_bytes: 65536.
 - commit_granule_words: 8192.
 - virtual_space_node_default_size: 8388608.
 - enlarge_chunks_in_place: 1.
 - use_allocation_guard: 0.


Internal statistics:

num_allocs_failed_limit: 3.
num_arena_births: 314.
num_arena_deaths: 0.
num_vsnodes_births: 2.
num_vsnodes_deaths: 0.
num_space_committed: 1129.
num_space_uncommitted: 0.
num_chunks_returned_to_freelist: 3.
num_chunks_taken_from_freelist: 2521.
num_chunk_merges: 3.
num_chunk_splits: 2102.
num_chunks_enlarged: 1919.
num_inconsistent_stats: 0.

CodeHeap 'non-profiled nmethods': size=120000Kb used=10751Kb max_used=10751Kb free=109248Kb
 bounds [0x000001ab524c0000, 0x000001ab52f40000, 0x000001ab599f0000]
CodeHeap 'profiled nmethods': size=120000Kb used=43562Kb max_used=44157Kb free=76437Kb
 bounds [0x000001ab4a9f0000, 0x000001ab4d550000, 0x000001ab51f20000]
CodeHeap 'non-nmethods': size=5760Kb used=1658Kb max_used=1774Kb free=4101Kb
 bounds [0x000001ab51f20000, 0x000001ab52190000, 0x000001ab524c0000]
CodeCache: size=245760Kb, used=55971Kb, max_used=56682Kb, free=189786Kb
 total_blobs=13387, nmethods=12692, adapters=594, full_count=0
Compilation: enabled, stopped_count=0, restarted_count=0

Compilation events (20 events):
Event: 50.983 Thread 0x000001ab5e7fd780 15050       3       java.lang.invoke.LambdaForm::<init> (53 bytes)
Event: 50.983 Thread 0x000001ab5e7fd780 nmethod 15050 0x000001ab4bfa4f90 code [0x000001ab4bfa5140, 0x000001ab4bfa5410]
Event: 50.998 Thread 0x000001ab5e7fd780 15053       2       org.jetbrains.kotlin.fir.FirVisibilityChecker::isVisible (310 bytes)
Event: 51.002 Thread 0x000001ab5e7fd780 nmethod 15053 0x000001ab4c1dde90 code [0x000001ab4c1de460, 0x000001ab4c1dff48]
Event: 51.010 Thread 0x000001ab6a62f790 nmethod 14972 0x000001ab52f35610 code [0x000001ab52f35c60, 0x000001ab52f3bf90]
Event: 51.011 Thread 0x000001ab6a62f790 15045       4       org.jetbrains.kotlin.fir.java.JavaTypeConversionKt::toConeKotlinTypeForFlexibleBound (850 bytes)
Event: 51.032 Thread 0x000001ab5e7fd780 15055       2       org.jetbrains.kotlin.fir.FirVisibilityChecker::isSpecificDeclarationVisible (297 bytes)
Event: 51.036 Thread 0x000001ab5e7fd780 nmethod 15055 0x000001ab4af24d10 code [0x000001ab4af251e0, 0x000001ab4af266f8]
Event: 51.040 Thread 0x000001ab5e7fd780 15056       3       org.jetbrains.kotlin.fir.resolve.transformers.body.resolve.BodyResolveContext::getPrimaryConstructorPureParametersScope (8 bytes)
Event: 51.041 Thread 0x000001ab5e7fd780 nmethod 15056 0x000001ab4b055390 code [0x000001ab4b055520, 0x000001ab4b055650]
Event: 51.048 Thread 0x000001ab5e7fd780 15059       2       org.jetbrains.kotlin.fir.java.FirJavaVisibilityChecker::platformVisibilityCheck (299 bytes)
Event: 51.052 Thread 0x000001ab5e7fd780 nmethod 15059 0x000001ab4c35b910 code [0x000001ab4c35be40, 0x000001ab4c35d528]
Event: 51.141 Thread 0x000001ab5e7fd780 15060       2       org.jetbrains.kotlin.fir.resolve.ResolveUtilsKt::typeFromSymbol (265 bytes)
Event: 51.143 Thread 0x000001ab5e7fd780 nmethod 15060 0x000001ab4ba56110 code [0x000001ab4ba56520, 0x000001ab4ba575b0]
Event: 51.213 Thread 0x000001ab5e7fd780 15061       2       org.jetbrains.kotlin.fir.resolve.ResolveUtilsKt::typeFromCallee (533 bytes)
Event: 51.217 Thread 0x000001ab5e7fd780 nmethod 15061 0x000001ab4c081c10 code [0x000001ab4c082260, 0x000001ab4c0842d0]
Event: 51.221 Thread 0x000001ab5e7fd780 15062   !   3       org.jetbrains.kotlin.fir.resolve.transformers.body.resolve.FirDeclarationsResolveTransformer::doTransformConstructor (666 bytes)
Event: 51.230 Thread 0x000001ab5e7fd780 nmethod 15062 0x000001ab4b5cf590 code [0x000001ab4b5d00a0, 0x000001ab4b5d5b58]
Event: 51.239 Thread 0x000001ab5e7fd780 15064       3       org.jetbrains.kotlin.fir.impl.FirLabelImpl::acceptChildren (7 bytes)
Event: 51.240 Thread 0x000001ab5e7fd780 nmethod 15064 0x000001ab4bd92790 code [0x000001ab4bd929a0, 0x000001ab4bd92f08]

GC Heap History (20 events):
Event: 30.764 GC heap before
{Heap before GC invocations=32 (full 0):
 garbage-first heap   total 153600K, used 130048K [0x0000000082000000, 0x0000000100000000)
  region size 1024K, 36 young (36864K), 3 survivors (3072K)
 Metaspace       used 66220K, committed 66496K, reserved 1114112K
  class space    used 7633K, committed 7744K, reserved 1048576K
}
Event: 30.782 GC heap after
{Heap after GC invocations=33 (full 0):
 garbage-first heap   total 184320K, used 101872K [0x0000000082000000, 0x0000000100000000)
  region size 1024K, 5 young (5120K), 5 survivors (5120K)
 Metaspace       used 66220K, committed 66496K, reserved 1114112K
  class space    used 7633K, committed 7744K, reserved 1048576K
}
Event: 33.764 GC heap before
{Heap before GC invocations=33 (full 0):
 garbage-first heap   total 184320K, used 157168K [0x0000000082000000, 0x0000000100000000)
  region size 1024K, 59 young (60416K), 5 survivors (5120K)
 Metaspace       used 68907K, committed 69248K, reserved 1114112K
  class space    used 7783K, committed 7936K, reserved 1048576K
}
Event: 33.783 GC heap after
{Heap after GC invocations=34 (full 0):
 garbage-first heap   total 184320K, used 111068K [0x0000000082000000, 0x0000000100000000)
  region size 1024K, 8 young (8192K), 8 survivors (8192K)
 Metaspace       used 68907K, committed 69248K, reserved 1114112K
  class space    used 7783K, committed 7936K, reserved 1048576K
}
Event: 35.358 GC heap before
{Heap before GC invocations=34 (full 0):
 garbage-first heap   total 184320K, used 156124K [0x0000000082000000, 0x0000000100000000)
  region size 1024K, 52 young (53248K), 8 survivors (8192K)
 Metaspace       used 69579K, committed 69888K, reserved 1114112K
  class space    used 7819K, committed 7936K, reserved 1048576K
}
Event: 35.378 GC heap after
{Heap after GC invocations=35 (full 0):
 garbage-first heap   total 184320K, used 119519K [0x0000000082000000, 0x0000000100000000)
  region size 1024K, 7 young (7168K), 7 survivors (7168K)
 Metaspace       used 69579K, committed 69888K, reserved 1114112K
  class space    used 7819K, committed 7936K, reserved 1048576K
}
Event: 37.311 GC heap before
{Heap before GC invocations=35 (full 0):
 garbage-first heap   total 184320K, used 160479K [0x0000000082000000, 0x0000000100000000)
  region size 1024K, 47 young (48128K), 7 survivors (7168K)
 Metaspace       used 69960K, committed 70208K, reserved 1114112K
  class space    used 7828K, committed 7936K, reserved 1048576K
}
Event: 37.325 GC heap after
{Heap after GC invocations=36 (full 0):
 garbage-first heap   total 184320K, used 124256K [0x0000000082000000, 0x0000000100000000)
  region size 1024K, 5 young (5120K), 5 survivors (5120K)
 Metaspace       used 69960K, committed 70208K, reserved 1114112K
  class space    used 7828K, committed 7936K, reserved 1048576K
}
Event: 39.568 GC heap before
{Heap before GC invocations=37 (full 0):
 garbage-first heap   total 206848K, used 163168K [0x0000000082000000, 0x0000000100000000)
  region size 1024K, 44 young (45056K), 5 survivors (5120K)
 Metaspace       used 70311K, committed 70528K, reserved 1114112K
  class space    used 7847K, committed 7936K, reserved 1048576K
}
Event: 39.578 GC heap after
{Heap after GC invocations=38 (full 0):
 garbage-first heap   total 206848K, used 126770K [0x0000000082000000, 0x0000000100000000)
  region size 1024K, 4 young (4096K), 4 survivors (4096K)
 Metaspace       used 70311K, committed 70528K, reserved 1114112K
  class space    used 7847K, committed 7936K, reserved 1048576K
}
Event: 41.482 GC heap before
{Heap before GC invocations=38 (full 0):
 garbage-first heap   total 206848K, used 182066K [0x0000000082000000, 0x0000000100000000)
  region size 1024K, 58 young (59392K), 4 survivors (4096K)
 Metaspace       used 70676K, committed 71040K, reserved 1114112K
  class space    used 7851K, committed 8000K, reserved 1048576K
}
Event: 41.501 GC heap after
{Heap after GC invocations=39 (full 0):
 garbage-first heap   total 206848K, used 133580K [0x0000000082000000, 0x0000000100000000)
  region size 1024K, 8 young (8192K), 8 survivors (8192K)
 Metaspace       used 70676K, committed 71040K, reserved 1114112K
  class space    used 7851K, committed 8000K, reserved 1048576K
}
Event: 43.172 GC heap before
{Heap before GC invocations=39 (full 0):
 garbage-first heap   total 206848K, used 184780K [0x0000000082000000, 0x0000000100000000)
  region size 1024K, 58 young (59392K), 8 survivors (8192K)
 Metaspace       used 71139K, committed 71488K, reserved 1114112K
  class space    used 7861K, committed 8000K, reserved 1048576K
}
Event: 43.192 GC heap after
{Heap after GC invocations=40 (full 0):
 garbage-first heap   total 206848K, used 142246K [0x0000000082000000, 0x0000000100000000)
  region size 1024K, 8 young (8192K), 8 survivors (8192K)
 Metaspace       used 71139K, committed 71488K, reserved 1114112K
  class space    used 7861K, committed 8000K, reserved 1048576K
}
Event: 44.994 GC heap before
{Heap before GC invocations=40 (full 0):
 garbage-first heap   total 206848K, used 186278K [0x0000000082000000, 0x0000000100000000)
  region size 1024K, 51 young (52224K), 8 survivors (8192K)
 Metaspace       used 71469K, committed 71808K, reserved 1114112K
  class space    used 7870K, committed 8000K, reserved 1048576K
}
Event: 45.011 GC heap after
{Heap after GC invocations=41 (full 0):
 garbage-first heap   total 206848K, used 147865K [0x0000000082000000, 0x0000000100000000)
  region size 1024K, 6 young (6144K), 6 survivors (6144K)
 Metaspace       used 71469K, committed 71808K, reserved 1114112K
  class space    used 7870K, committed 8000K, reserved 1048576K
}
Event: 47.070 GC heap before
{Heap before GC invocations=42 (full 0):
 garbage-first heap   total 247808K, used 186777K [0x0000000082000000, 0x0000000100000000)
  region size 1024K, 44 young (45056K), 6 survivors (6144K)
 Metaspace       used 71744K, committed 72064K, reserved 1114112K
  class space    used 7890K, committed 8000K, reserved 1048576K
}
Event: 47.085 GC heap after
{Heap after GC invocations=43 (full 0):
 garbage-first heap   total 247808K, used 153500K [0x0000000082000000, 0x0000000100000000)
  region size 1024K, 6 young (6144K), 6 survivors (6144K)
 Metaspace       used 71744K, committed 72064K, reserved 1114112K
  class space    used 7890K, committed 8000K, reserved 1048576K
}
Event: 49.615 GC heap before
{Heap before GC invocations=43 (full 0):
 garbage-first heap   total 247808K, used 218012K [0x0000000082000000, 0x0000000100000000)
  region size 1024K, 69 young (70656K), 6 survivors (6144K)
 Metaspace       used 71943K, committed 72192K, reserved 1114112K
  class space    used 7894K, committed 8000K, reserved 1048576K
}
Event: 49.633 GC heap after
{Heap after GC invocations=44 (full 0):
 garbage-first heap   total 247808K, used 158472K [0x0000000082000000, 0x0000000100000000)
  region size 1024K, 6 young (6144K), 6 survivors (6144K)
 Metaspace       used 71943K, committed 72192K, reserved 1114112K
  class space    used 7894K, committed 8000K, reserved 1048576K
}

Dll operation events (3 events):
Event: 0.042 Loaded shared library C:\Program Files\Android\Android Studio1\jbr\bin\java.dll
Event: 0.056 Loaded shared library C:\Program Files\Android\Android Studio1\jbr\bin\zip.dll
Event: 6.750 Loaded shared library C:\Program Files\Android\Android Studio1\jbr\bin\verify.dll

Deoptimization events (20 events):
Event: 50.547 Thread 0x000001ab4556bd40 Uncommon trap: trap_request=0xffffff66 fr.pc=0x000001ab52f19458 relative=0x0000000000001cb8
Event: 50.547 Thread 0x000001ab4556bd40 Uncommon trap: reason=speculate_class_check action=maybe_recompile pc=0x000001ab52f19458 method=org.jetbrains.kotlin.fir.types.ConeTypeUtilsKt.getClassId(Lorg/jetbrains/kotlin/fir/types/ConeKotlinType;)Lorg/jetbrains/kotlin/name/ClassId; @ 7 c2
Event: 50.547 Thread 0x000001ab4556bd40 DEOPT PACKING pc=0x000001ab52f19458 sp=0x0000003563cf8140
Event: 50.547 Thread 0x000001ab4556bd40 DEOPT UNPACKING pc=0x000001ab51f746a2 sp=0x0000003563cf7fc8 mode 2
Event: 50.621 Thread 0x000001ab4556bd40 Uncommon trap: trap_request=0xffffff45 fr.pc=0x000001ab52c18bb8 relative=0x0000000000000178
Event: 50.621 Thread 0x000001ab4556bd40 Uncommon trap: reason=unstable_if action=reinterpret pc=0x000001ab52c18bb8 method=org.jetbrains.kotlin.fir.resolve.dfa.cfg.ControlFlowGraphBuilder.addEdge(Lorg/jetbrains/kotlin/fir/resolve/dfa/cfg/CFGNode;Lorg/jetbrains/kotlin/fir/resolve/dfa/cfg/CFGNode;
Event: 50.621 Thread 0x000001ab4556bd40 DEOPT PACKING pc=0x000001ab52c18bb8 sp=0x0000003563cf8a50
Event: 50.621 Thread 0x000001ab4556bd40 DEOPT UNPACKING pc=0x000001ab51f746a2 sp=0x0000003563cf8958 mode 2
Event: 50.943 Thread 0x000001ab4556bd40 Uncommon trap: trap_request=0xfffffff4 fr.pc=0x000001ab5288efe0 relative=0x0000000000006e40
Event: 50.943 Thread 0x000001ab4556bd40 Uncommon trap: reason=null_check action=make_not_entrant pc=0x000001ab5288efe0 method=org.jetbrains.kotlin.com.intellij.psi.impl.source.PsiClassImpl.getQualifiedName()Ljava/lang/String; @ 4 c2
Event: 50.943 Thread 0x000001ab4556bd40 DEOPT PACKING pc=0x000001ab5288efe0 sp=0x0000003563cf98a0
Event: 50.943 Thread 0x000001ab4556bd40 DEOPT UNPACKING pc=0x000001ab51f746a2 sp=0x0000003563cf9780 mode 2
Event: 51.115 Thread 0x000001ab4556bd40 Uncommon trap: trap_request=0xffffff66 fr.pc=0x000001ab52f0032c relative=0x0000000000002f2c
Event: 51.115 Thread 0x000001ab4556bd40 Uncommon trap: reason=speculate_class_check action=maybe_recompile pc=0x000001ab52f0032c method=org.jetbrains.kotlin.fir.references.FirReferenceUtilsKt.getSymbol(Lorg/jetbrains/kotlin/fir/references/FirReference;)Lorg/jetbrains/kotlin/fir/symbols/FirBased
Event: 51.115 Thread 0x000001ab4556bd40 DEOPT PACKING pc=0x000001ab52f0032c sp=0x0000003563cf6fd0
Event: 51.115 Thread 0x000001ab4556bd40 DEOPT UNPACKING pc=0x000001ab51f746a2 sp=0x0000003563cf6ec8 mode 2
Event: 51.215 Thread 0x000001ab4556bd40 Uncommon trap: trap_request=0xffffff66 fr.pc=0x000001ab52f0032c relative=0x0000000000002f2c
Event: 51.215 Thread 0x000001ab4556bd40 Uncommon trap: reason=speculate_class_check action=maybe_recompile pc=0x000001ab52f0032c method=org.jetbrains.kotlin.fir.references.FirReferenceUtilsKt.getSymbol(Lorg/jetbrains/kotlin/fir/references/FirReference;)Lorg/jetbrains/kotlin/fir/symbols/FirBased
Event: 51.216 Thread 0x000001ab4556bd40 DEOPT PACKING pc=0x000001ab52f0032c sp=0x0000003563cf99a0
Event: 51.216 Thread 0x000001ab4556bd40 DEOPT UNPACKING pc=0x000001ab51f746a2 sp=0x0000003563cf9898 mode 2

Classes loaded (20 events):
Event: 26.432 Loading class java/util/stream/Nodes$ArrayNode done
Event: 26.432 Loading class java/util/stream/Nodes$FixedNodeBuilder done
Event: 26.642 Loading class java/util/ComparableTimSort
Event: 26.642 Loading class java/util/ComparableTimSort done
Event: 29.454 Loading class java/util/AbstractList$RandomAccessSubList
Event: 29.454 Loading class java/util/AbstractList$RandomAccessSubList done
Event: 30.511 Loading class java/lang/Character$UnicodeBlock
Event: 30.514 Loading class java/lang/Character$Subset
Event: 30.514 Loading class java/lang/Character$Subset done
Event: 30.515 Loading class java/lang/Character$UnicodeBlock done
Event: 30.722 Loading class jdk/internal/math/DoubleToDecimal
Event: 30.724 Loading class jdk/internal/math/DoubleToDecimal done
Event: 30.724 Loading class jdk/internal/math/MathUtils
Event: 30.725 Loading class jdk/internal/math/MathUtils done
Event: 31.367 Loading class jdk/internal/math/FloatToDecimal
Event: 31.367 Loading class jdk/internal/math/FloatToDecimal done
Event: 31.619 Loading class java/lang/Byte$ByteCache
Event: 31.619 Loading class java/lang/Byte$ByteCache done
Event: 37.699 Loading class java/lang/Short$ShortCache
Event: 37.699 Loading class java/lang/Short$ShortCache done

Classes unloaded (0 events):
No events

Classes redefined (0 events):
No events

Internal exceptions (20 events):
Event: 29.501 Thread 0x000001ab4556bd40 Exception <a 'java/lang/NoSuchMethodError'{0x000000008a7c2fa8}: 'java.lang.Object java.lang.invoke.Invokers$Holder.linkToTargetMethod(java.lang.Object, java.lang.Object, java.lang.Object, int, java.lang.Object, java.lang.Object, java.lang.Object)'> (0x000000008a7c2fa8) 
thrown [s\src\hotspot\share\interpreter\linkResolver.cpp, line 784]
Event: 29.780 Thread 0x000001ab4556bd40 Exception <a 'java/lang/NoSuchMethodError'{0x0000000089ec0958}: 'java.lang.Object java.lang.invoke.DirectMethodHandle$Holder.newInvokeSpecial(java.lang.Object, java.lang.Object, java.lang.Object, java.lang.Object, java.lang.Object, java.lang.Object, java.lang.Object, java.lang.Object, java.lang.Object)'> (0x0000000089ec0958) 
thrown [s\src\hotspot\share\interpreter\linkResolver.cpp, line 784]
Event: 29.789 Thread 0x000001ab4556bd40 Exception <a 'java/lang/NoSuchMethodError'{0x0000000089eee688}: 'java.lang.Object java.lang.invoke.DirectMethodHandle$Holder.newInvokeSpecial(java.lang.Object, java.lang.Object, java.lang.Object, int)'> (0x0000000089eee688) 
thrown [s\src\hotspot\share\interpreter\linkResolver.cpp, line 784]
Event: 29.790 Thread 0x000001ab4556bd40 Exception <a 'java/lang/NoSuchMethodError'{0x0000000089ef2a48}: 'java.lang.Object java.lang.invoke.DirectMethodHandle$Holder.invokeSpecial(java.lang.Object, java.lang.Object, java.lang.Object, java.lang.Object, int)'> (0x0000000089ef2a48) 
thrown [s\src\hotspot\share\interpreter\linkResolver.cpp, line 784]
Event: 29.790 Thread 0x000001ab4556bd40 Exception <a 'java/lang/NoSuchMethodError'{0x0000000089ef66f0}: 'java.lang.Object java.lang.invoke.Invokers$Holder.linkToTargetMethod(java.lang.Object, java.lang.Object, int, java.lang.Object)'> (0x0000000089ef66f0) 
thrown [s\src\hotspot\share\interpreter\linkResolver.cpp, line 784]
Event: 29.794 Thread 0x000001ab4556bd40 Exception <a 'java/lang/NoSuchMethodError'{0x0000000089d064f0}: 'java.lang.Object java.lang.invoke.DirectMethodHandle$Holder.newInvokeSpecial(java.lang.Object, int, java.lang.Object)'> (0x0000000089d064f0) 
thrown [s\src\hotspot\share\interpreter\linkResolver.cpp, line 784]
Event: 29.966 Thread 0x000001ab4556bd40 Implicit null exception at 0x000001ab5257d898 to 0x000001ab5257dab0
Event: 29.974 Thread 0x000001ab4556bd40 Exception <a 'java/lang/NoSuchMethodError'{0x00000000897df4f0}: 'java.lang.Object java.lang.invoke.DirectMethodHandle$Holder.invokeSpecial(java.lang.Object, java.lang.Object, int, java.lang.Object, java.lang.Object)'> (0x00000000897df4f0) 
thrown [s\src\hotspot\share\interpreter\linkResolver.cpp, line 784]
Event: 30.002 Thread 0x000001ab4556bd40 Exception <a 'java/lang/NoSuchMethodError'{0x0000000089658960}: 'java.lang.Object java.lang.invoke.DirectMethodHandle$Holder.invokeStatic(java.lang.Object, int, java.lang.Object, java.lang.Object)'> (0x0000000089658960) 
thrown [s\src\hotspot\share\interpreter\linkResolver.cpp, line 784]
Event: 30.492 Thread 0x000001ab4556bd40 Exception <a 'java/lang/IncompatibleClassChangeError'{0x00000000892156b0}: Found class java.lang.Object, but interface was expected> (0x00000000892156b0) 
thrown [s\src\hotspot\share\interpreter\linkResolver.cpp, line 851]
Event: 30.872 Thread 0x000001ab4556bd40 Exception <a 'java/lang/NoSuchMethodError'{0x000000008ce56ec0}: 'java.lang.Object java.lang.invoke.DirectMethodHandle$Holder.invokeStatic(java.lang.Object, int, java.lang.Object, java.lang.Object, java.lang.Object, java.lang.Object, java.lang.Object)'> (0x000000008ce56ec0) 
thrown [s\src\hotspot\share\interpreter\linkResolver.cpp, line 784]
Event: 30.873 Thread 0x000001ab4556bd40 Exception <a 'java/lang/NoSuchMethodError'{0x000000008ce608d0}: 'java.lang.Object java.lang.invoke.DirectMethodHandle$Holder.newInvokeSpecial(java.lang.Object, int, java.lang.Object, java.lang.Object, java.lang.Object)'> (0x000000008ce608d0) 
thrown [s\src\hotspot\share\interpreter\linkResolver.cpp, line 784]
Event: 30.874 Thread 0x000001ab4556bd40 Exception <a 'java/lang/NoSuchMethodError'{0x000000008ce68800}: 'java.lang.Object java.lang.invoke.Invokers$Holder.linkToTargetMethod(int, java.lang.Object, java.lang.Object, java.lang.Object, java.lang.Object)'> (0x000000008ce68800) 
thrown [s\src\hotspot\share\interpreter\linkResolver.cpp, line 784]
Event: 31.343 Thread 0x000001ab4556bd40 Exception <a 'java/lang/NoSuchMethodError'{0x000000008c7efe10}: 'java.lang.Object java.lang.invoke.DirectMethodHandle$Holder.newInvokeSpecial(java.lang.Object, java.lang.Object, java.lang.Object, java.lang.Object, java.lang.Object, int)'> (0x000000008c7efe10) 
thrown [s\src\hotspot\share\interpreter\linkResolver.cpp, line 784]
Event: 31.343 Thread 0x000001ab4556bd40 Exception <a 'java/lang/NoSuchMethodError'{0x000000008c7f4b58}: 'java.lang.Object java.lang.invoke.DirectMethodHandle$Holder.invokeSpecial(java.lang.Object, java.lang.Object, java.lang.Object, java.lang.Object, java.lang.Object, java.lang.Object, int)'> (0x000000008c7f4b58) 
thrown [s\src\hotspot\share\interpreter\linkResolver.cpp, line 784]
Event: 31.344 Thread 0x000001ab4556bd40 Exception <a 'java/lang/NoSuchMethodError'{0x000000008c7f91a0}: 'java.lang.Object java.lang.invoke.Invokers$Holder.linkToTargetMethod(java.lang.Object, java.lang.Object, java.lang.Object, java.lang.Object, int, java.lang.Object)'> (0x000000008c7f91a0) 
thrown [s\src\hotspot\share\interpreter\linkResolver.cpp, line 784]
Event: 31.540 Thread 0x000001ab4556bd40 Exception <a 'java/lang/NoSuchMethodError'{0x000000008c251c18}: 'java.lang.Object java.lang.invoke.DirectMethodHandle$Holder.invokeStatic(java.lang.Object, java.lang.Object, java.lang.Object, int, java.lang.Object, java.lang.Object)'> (0x000000008c251c18) 
thrown [s\src\hotspot\share\interpreter\linkResolver.cpp, line 784]
Event: 50.943 Thread 0x000001ab4556bd40 Implicit null exception at 0x000001ab5288b3cf to 0x000001ab5288efb4
Event: 50.982 Thread 0x000001ab4556bd40 Exception <a 'java/lang/NoSuchMethodError'{0x000000008e41b3d8}: 'java.lang.Object java.lang.invoke.DirectMethodHandle$Holder.newInvokeSpecial(java.lang.Object, java.lang.Object, java.lang.Object, java.lang.Object, java.lang.Object, java.lang.Object, int)'> (0x000000008e41b3d8) 
thrown [s\src\hotspot\share\interpreter\linkResolver.cpp, line 784]
Event: 50.983 Thread 0x000001ab4556bd40 Exception <a 'java/lang/NoSuchMethodError'{0x000000008e4204f8}: 'java.lang.Object java.lang.invoke.DirectMethodHandle$Holder.invokeSpecial(java.lang.Object, java.lang.Object, java.lang.Object, java.lang.Object, java.lang.Object, java.lang.Object, java.lang.Object, int)'> (0x000000008e4204f8) 
thrown [s\src\hotspot\share\interpreter\linkResolver.cpp, line 784]

ZGC Phase Switch (0 events):
No events

VM Operations (20 events):
Event: 46.537 Executing VM operation: ICBufferFull
Event: 46.537 Executing VM operation: ICBufferFull done
Event: 47.070 Executing VM operation: G1CollectForAllocation (G1 Evacuation Pause)
Event: 47.085 Executing VM operation: G1CollectForAllocation (G1 Evacuation Pause) done
Event: 47.517 Executing VM operation: ICBufferFull
Event: 47.518 Executing VM operation: ICBufferFull done
Event: 48.238 Executing VM operation: HandshakeAllThreads (Deoptimize)
Event: 48.238 Executing VM operation: HandshakeAllThreads (Deoptimize) done
Event: 48.241 Executing VM operation: HandshakeAllThreads (Deoptimize)
Event: 48.241 Executing VM operation: HandshakeAllThreads (Deoptimize) done
Event: 48.286 Executing VM operation: ICBufferFull
Event: 48.286 Executing VM operation: ICBufferFull done
Event: 49.286 Executing VM operation: Cleanup
Event: 49.287 Executing VM operation: Cleanup done
Event: 49.615 Executing VM operation: G1CollectForAllocation (G1 Evacuation Pause)
Event: 49.633 Executing VM operation: G1CollectForAllocation (G1 Evacuation Pause) done
Event: 50.903 Executing VM operation: ICBufferFull
Event: 50.904 Executing VM operation: ICBufferFull done
Event: 50.988 Executing VM operation: HandshakeAllThreads (Deoptimize)
Event: 50.988 Executing VM operation: HandshakeAllThreads (Deoptimize) done

Memory protections (0 events):
No events

Nmethod flushes (20 events):
Event: 45.477 Thread 0x000001ab5e65dad0 flushing  nmethod 0x000001ab4befc990
Event: 45.477 Thread 0x000001ab5e65dad0 flushing  nmethod 0x000001ab4bf30710
Event: 45.477 Thread 0x000001ab5e65dad0 flushing  nmethod 0x000001ab4bf40b10
Event: 45.477 Thread 0x000001ab5e65dad0 flushing  nmethod 0x000001ab4bfaf610
Event: 45.477 Thread 0x000001ab5e65dad0 flushing  nmethod 0x000001ab4bfb1610
Event: 45.477 Thread 0x000001ab5e65dad0 flushing  nmethod 0x000001ab4bfbd390
Event: 45.477 Thread 0x000001ab5e65dad0 flushing  nmethod 0x000001ab4bfbe610
Event: 45.477 Thread 0x000001ab5e65dad0 flushing  nmethod 0x000001ab4bfc2a10
Event: 45.477 Thread 0x000001ab5e65dad0 flushing  nmethod 0x000001ab4bfc5810
Event: 45.477 Thread 0x000001ab5e65dad0 flushing  nmethod 0x000001ab4c098710
Event: 45.477 Thread 0x000001ab5e65dad0 flushing  nmethod 0x000001ab4c09be90
Event: 45.477 Thread 0x000001ab5e65dad0 flushing  nmethod 0x000001ab4c0a1b90
Event: 45.477 Thread 0x000001ab5e65dad0 flushing  nmethod 0x000001ab4c141190
Event: 45.477 Thread 0x000001ab5e65dad0 flushing  nmethod 0x000001ab4c151190
Event: 45.477 Thread 0x000001ab5e65dad0 flushing  nmethod 0x000001ab4c153890
Event: 45.477 Thread 0x000001ab5e65dad0 flushing  nmethod 0x000001ab4c1dce90
Event: 45.477 Thread 0x000001ab5e65dad0 flushing  nmethod 0x000001ab4c29ab10
Event: 45.477 Thread 0x000001ab5e65dad0 flushing  nmethod 0x000001ab4c29bd10
Event: 45.477 Thread 0x000001ab5e65dad0 flushing  nmethod 0x000001ab4c36c810
Event: 45.477 Thread 0x000001ab5e65dad0 flushing  nmethod 0x000001ab4c7e0210

Events (20 events):
Event: 7.061 Thread 0x000001ab64128490 Thread exited: 0x000001ab64128490
Event: 9.577 Thread 0x000001ab5e7fd780 Thread added: 0x000001ab64a8a830
Event: 11.701 Thread 0x000001ab64a8a830 Thread exited: 0x000001ab64a8a830
Event: 13.044 Thread 0x000001ab5e7eeac0 Thread added: 0x000001ab66bf2010
Event: 13.782 Thread 0x000001ab66bf2010 Thread exited: 0x000001ab66bf2010
Event: 13.996 Thread 0x000001ab5e7fd780 Thread added: 0x000001ab640f3430
Event: 14.510 Thread 0x000001ab640f3430 Thread exited: 0x000001ab640f3430
Event: 14.572 Thread 0x000001ab5e7fd780 Thread added: 0x000001ab64128970
Event: 15.493 Thread 0x000001ab64128970 Thread exited: 0x000001ab64128970
Event: 16.662 Thread 0x000001ab5e7fd780 Thread added: 0x000001ab64902880
Event: 17.859 Thread 0x000001ab64902880 Thread exited: 0x000001ab64902880
Event: 18.258 Thread 0x000001ab5e7fd780 Thread added: 0x000001ab660a0dc0
Event: 19.295 Thread 0x000001ab660a0dc0 Thread exited: 0x000001ab660a0dc0
Event: 20.706 Thread 0x000001ab5e7fd780 Thread added: 0x000001ab67026ce0
Event: 21.152 Thread 0x000001ab67026ce0 Thread exited: 0x000001ab67026ce0
Event: 21.577 Thread 0x000001ab5e7fd780 Thread added: 0x000001ab64f8e3a0
Event: 24.425 Thread 0x000001ab64f8e3a0 Thread exited: 0x000001ab64f8e3a0
Event: 24.588 Thread 0x000001ab5e7fd780 Thread added: 0x000001ab67570e20
Event: 30.542 Thread 0x000001ab67570e20 Thread exited: 0x000001ab67570e20
Event: 30.592 Thread 0x000001ab5e7fd780 Thread added: 0x000001ab6a62f790


Dynamic libraries:
0x00007ff769ff0000 - 0x00007ff769ffa000 	C:\Program Files\Android\Android Studio1\jbr\bin\java.exe
0x00007ffa423d0000 - 0x00007ffa425c8000 	C:\Windows\SYSTEM32\ntdll.dll
0x00007ffa407b0000 - 0x00007ffa40872000 	C:\Windows\System32\KERNEL32.DLL
0x00007ffa3ffa0000 - 0x00007ffa40296000 	C:\Windows\System32\KERNELBASE.dll
0x00007ffa402a0000 - 0x00007ffa403a0000 	C:\Windows\System32\ucrtbase.dll
0x00007ffa38180000 - 0x00007ffa38198000 	C:\Program Files\Android\Android Studio1\jbr\bin\jli.dll
0x00007ffa41460000 - 0x00007ffa41601000 	C:\Windows\System32\USER32.dll
0x00007ffa3fe50000 - 0x00007ffa3fe72000 	C:\Windows\System32\win32u.dll
0x00007ffa41350000 - 0x00007ffa4137b000 	C:\Windows\System32\GDI32.dll
0x00007ffa3fe80000 - 0x00007ffa3ff99000 	C:\Windows\System32\gdi32full.dll
0x00007ffa3fa60000 - 0x00007ffa3fafd000 	C:\Windows\System32\msvcp_win.dll
0x00007ffa2bde0000 - 0x00007ffa2bdfb000 	C:\Program Files\Android\Android Studio1\jbr\bin\VCRUNTIME140.dll
0x00007ffa2d410000 - 0x00007ffa2d6ab000 	C:\Windows\WinSxS\amd64_microsoft.windows.common-controls_6595b64144ccf1df_6.0.19041.6456_none_60b8a6cb71f64256\COMCTL32.dll
0x00007ffa410e0000 - 0x00007ffa4117e000 	C:\Windows\System32\msvcrt.dll
0x00007ffa41610000 - 0x00007ffa4163f000 	C:\Windows\System32\IMM32.DLL
0x00007ffa2c2e0000 - 0x00007ffa2c2ec000 	C:\Program Files\Android\Android Studio1\jbr\bin\vcruntime140_1.dll
0x00007ffa142a0000 - 0x00007ffa1432d000 	C:\Program Files\Android\Android Studio1\jbr\bin\msvcp140.dll
0x00007ffa00530000 - 0x00007ffa011c6000 	C:\Program Files\Android\Android Studio1\jbr\bin\server\jvm.dll
0x00007ffa41990000 - 0x00007ffa41a41000 	C:\Windows\System32\ADVAPI32.dll
0x00007ffa418f0000 - 0x00007ffa4198f000 	C:\Windows\System32\sechost.dll
0x00007ffa41770000 - 0x00007ffa41890000 	C:\Windows\System32\RPCRT4.dll
0x00007ffa3fb00000 - 0x00007ffa3fb27000 	C:\Windows\System32\bcrypt.dll
0x00007ffa41070000 - 0x00007ffa410db000 	C:\Windows\System32\WS2_32.dll
0x00007ffa3f8c0000 - 0x00007ffa3f90b000 	C:\Windows\SYSTEM32\POWRPROF.dll
0x00007ffa29900000 - 0x00007ffa29927000 	C:\Windows\SYSTEM32\WINMM.dll
0x00007ffa398e0000 - 0x00007ffa398ea000 	C:\Windows\SYSTEM32\VERSION.dll
0x00007ffa3f8a0000 - 0x00007ffa3f8b2000 	C:\Windows\SYSTEM32\UMPDC.dll
0x00007ffa3e2a0000 - 0x00007ffa3e2b2000 	C:\Windows\SYSTEM32\kernel.appcore.dll
0x00007ffa2c2d0000 - 0x00007ffa2c2da000 	C:\Program Files\Android\Android Studio1\jbr\bin\jimage.dll
0x00007ffa3df20000 - 0x00007ffa3e121000 	C:\Windows\SYSTEM32\DBGHELP.DLL
0x00007ffa1d5c0000 - 0x00007ffa1d5f4000 	C:\Windows\SYSTEM32\dbgcore.DLL
0x00007ffa3fdc0000 - 0x00007ffa3fe42000 	C:\Windows\System32\bcryptPrimitives.dll
0x00007ffa2bb60000 - 0x00007ffa2bb80000 	C:\Program Files\Android\Android Studio1\jbr\bin\java.dll
0x00007ffa2ba70000 - 0x00007ffa2ba88000 	C:\Program Files\Android\Android Studio1\jbr\bin\zip.dll
0x00007ffa41b70000 - 0x00007ffa422e0000 	C:\Windows\System32\SHELL32.dll
0x00007ffa3d6a0000 - 0x00007ffa3de45000 	C:\Windows\SYSTEM32\windows.storage.dll
0x00007ffa40880000 - 0x00007ffa40bd4000 	C:\Windows\System32\combase.dll
0x00007ffa3f3b0000 - 0x00007ffa3f3db000 	C:\Windows\SYSTEM32\Wldp.dll
0x00007ffa405d0000 - 0x00007ffa4069d000 	C:\Windows\System32\OLEAUT32.dll
0x00007ffa406a0000 - 0x00007ffa4074d000 	C:\Windows\System32\SHCORE.dll
0x00007ffa403f0000 - 0x00007ffa4044b000 	C:\Windows\System32\shlwapi.dll
0x00007ffa3f990000 - 0x00007ffa3f9b4000 	C:\Windows\SYSTEM32\profapi.dll
0x00007ffa2bc90000 - 0x00007ffa2bca0000 	C:\Program Files\Android\Android Studio1\jbr\bin\net.dll
0x00007ffa35510000 - 0x00007ffa3561a000 	C:\Windows\SYSTEM32\WINHTTP.dll
0x00007ffa3f110000 - 0x00007ffa3f17a000 	C:\Windows\system32\mswsock.dll
0x00007ffa2b8b0000 - 0x00007ffa2b8c6000 	C:\Program Files\Android\Android Studio1\jbr\bin\nio.dll
0x00007ffa177a0000 - 0x00007ffa177b0000 	C:\Program Files\Android\Android Studio1\jbr\bin\verify.dll

JVMTI agents: none

dbghelp: loaded successfully - version: 4.0.5 - missing functions: none
symbol engine: initialized successfully - sym options: 0x614 - pdb path: .;C:\Program Files\Android\Android Studio1\jbr\bin;C:\Windows\SYSTEM32;C:\Windows\WinSxS\amd64_microsoft.windows.common-controls_6595b64144ccf1df_6.0.19041.6456_none_60b8a6cb71f64256;C:\Program Files\Android\Android Studio1\jbr\bin\server

VM Arguments:
java_command: org.jetbrains.kotlin.cli.jvm.K2JVMCompiler @D:\mobileBackup\garapro_mobile\app\build\20251202_11803866270388555849.compiler.options
java_class_path (initial): C:\Users\Admin\.gradle\caches\modules-2\files-2.1\org.jetbrains.kotlin\kotlin-compiler-embeddable\2.0.21\79346ed53db48b18312a472602eb5c057070c54d\kotlin-compiler-embeddable-2.0.21.jar;C:\Users\Admin\.gradle\caches\modules-2\files-2.1\org.jetbrains.kotlin\kotlin-stdlib\2.0.21\618b539767b4899b4660a83006e052b63f1db551\kotlin-stdlib-2.0.21.jar;C:\Users\Admin\.gradle\caches\modules-2\files-2.1\org.jetbrains.kotlin\kotlin-script-runtime\2.0.21\c9b044380ad41f89aa89aa896c2d32a8c0b2129d\kotlin-script-runtime-2.0.21.jar;C:\Users\Admin\.gradle\caches\modules-2\files-2.1\org.jetbrains.kotlin\kotlin-reflect\1.6.10\1cbe9c92c12a94eea200d23c2bbaedaf3daf5132\kotlin-reflect-1.6.10.jar;C:\Users\Admin\.gradle\caches\modules-2\files-2.1\org.jetbrains.kotlin\kotlin-daemon-embeddable\2.0.21\c9e933b23287de9b5a17e2116b4657bb91aea72c\kotlin-daemon-embeddable-2.0.21.jar;C:\Users\Admin\.gradle\caches\modules-2\files-2.1\org.jetbrains.intellij.deps\trove4j\1.0.20200330\3afb14d5f9ceb459d724e907a21145e8ff394f02\trove4j-1.0.20200330.jar;C:\Users\Admin\.gradle\caches\modules-2\files-2.1\org.jetbrains.kotlinx\kotlinx-coroutines-core-jvm\1.6.4\2c997cd1c0ef33f3e751d3831929aeff1390cb30\kotlinx-coroutines-core-jvm-1.6.4.jar;C:\Users\Admin\.gradle\caches\modules-2\files-2.1\org.jetbrains\annotations\13.0\919f0dfe192fb4e063e7dacadee7f8bb9a2672a9\annotations-13.0.jar
Launcher Type: SUN_STANDARD

[Global flags]
     intx CICompilerCount                          = 3                                         {product} {ergonomic}
     uint ConcGCThreads                            = 1                                         {product} {ergonomic}
     uint G1ConcRefinementThreads                  = 4                                         {product} {ergonomic}
   size_t G1HeapRegionSize                         = 1048576                                   {product} {ergonomic}
    uintx GCDrainStackTargetSize                   = 64                                        {product} {ergonomic}
   size_t InitialHeapSize                          = 132120576                                 {product} {ergonomic}
   size_t MarkStackSize                            = 4194304                                   {product} {ergonomic}
   size_t MaxHeapSize                              = 2113929216                                {product} {ergonomic}
   size_t MaxNewSize                               = 1267728384                                {product} {ergonomic}
   size_t MinHeapDeltaBytes                        = 1048576                                   {product} {ergonomic}
   size_t MinHeapSize                              = 8388608                                   {product} {ergonomic}
    uintx NonNMethodCodeHeapSize                   = 5832780                                {pd product} {ergonomic}
    uintx NonProfiledCodeHeapSize                  = 122912730                              {pd product} {ergonomic}
    uintx ProfiledCodeHeapSize                     = 122912730                              {pd product} {ergonomic}
    uintx ReservedCodeCacheSize                    = 251658240                              {pd product} {ergonomic}
     bool SegmentedCodeCache                       = true                                      {product} {ergonomic}
   size_t SoftMaxHeapSize                          = 2113929216                             {manageable} {ergonomic}
     bool UseCompressedOops                        = true                           {product lp64_product} {ergonomic}
     bool UseG1GC                                  = true                                      {product} {ergonomic}
     bool UseLargePagesIndividualAllocation        = false                                  {pd product} {ergonomic}

Logging:
Log output configuration:
 #0: stdout all=warning uptime,level,tags foldmultilines=false
 #1: stderr all=off uptime,level,tags foldmultilines=false

Environment Variables:
PATH=C:\Program Files\Eclipse Adoptium\jdk-17.0.17.10-hotspot\bin;C:\Windows\system32;C:\Windows;C:\Windows\System32\Wbem;C:\Windows\System32\WindowsPowerShell\v1.0\;C:\Windows\System32\OpenSSH\;C:\Program Files\Microsoft SQL Server\150\Tools\Binn\;C:\Program Files\Microsoft SQL Server\Client SDK\ODBC\170\Tools\Binn\;C:\Program Files (x86)\Microsoft SQL Server\160\Tools\Binn\;C:\Program Files\Microsoft SQL Server\160\Tools\Binn\;C:\Program Files\Microsoft SQL Server\160\DTS\Binn\;C:\Program Files (x86)\Microsoft SQL Server\160\DTS\Binn\;D:\Git\cmd;D:\App\;C:\Program Files\dotnet\;D:\cursor\resources\app\bin;C:\Program Files\Docker\Docker\resources\bin;C:\Users\Admin\AppData\Local\Microsoft\WindowsApps;D:\Microsoft VS Code\bin;C:\Users\Admin\AppData\Roaming\npm;D:\App\;C:\Users\Admin\AppData\Local\Programs\Microsoft VS Code\bin;C:\Users\Admin\.dotnet\tools
USERNAME=Admin
OS=Windows_NT
PROCESSOR_IDENTIFIER=Intel64 Family 6 Model 142 Stepping 9, GenuineIntel
TMP=C:\Users\Admin\AppData\Local\Temp
TEMP=C:\Users\Admin\AppData\Local\Temp




Periodic native trim disabled

JNI global refs:
JNI global refs: 11, weak refs: 9

JNI global refs memory usage: 835, weak refs: 833

Process memory usage:
Resident Set Size: 481996K (5% of 8251440K total physical memory with 348932K free physical memory)

OOME stack traces (most recent first):
Classloader memory used:
Loader jdk.internal.loader.ClassLoaders$AppClassLoader                                 : 60371K
Loader bootstrap                                                                       : 11558K
Loader java.net.URLClassLoader                                                         : 152K

---------------  S Y S T E M  ---------------

OS:
 Windows 10 , 64 bit Build 19041 (10.0.19041.5915)
OS uptime: 0 days 0:25 hours

CPU: total 4 (initial active 4) (2 cores per cpu, 2 threads per core) family 6 model 142 stepping 9 microcode 0xb4, cx8, cmov, fxsr, ht, mmx, 3dnowpref, sse, sse2, sse3, ssse3, sse4.1, sse4.2, popcnt, lzcnt, tsc, tscinvbit, avx, avx2, aes, erms, clmul, bmi1, bmi2, adx, fma, vzeroupper, clflush, clflushopt, rdtscp, f16c
Processor Information for the first 4 processors :
  Max Mhz: 2701, Current Mhz: 2500, Mhz Limit: 2484

Memory: 4k page, system-wide physical 8058M (337M free)
TotalPageFile size 16667M (AvailPageFile size 14M)
current process WorkingSet (physical memory assigned to process): 470M, peak: 500M
current process commit charge ("private bytes"): 521M, peak: 525M

vm_info: OpenJDK 64-Bit Server VM (21.0.8+-14196175-b1038.72) for windows-amd64 JRE (21.0.8+-14196175-b1038.72), built on 2025-10-01T10:24:33Z by "builder" with MS VC++ 16.10 / 16.11 (VS2019)

END.
