2025-11-30T18:27:54.715+0700 [DEBUG] [org.gradle.launcher.daemon.bootstrap.DaemonMain] Assuming the daemon was started with following jvm opts: [-Xmx2048m, -Dfile.encoding=UTF-8, -Duser.country=US, -Duser.language=en, -Duser.variant]
2025-11-30T18:27:55.006+0700 [DEBUG] [org.gradle.internal.remote.internal.inet.InetAddresses] Adding IP addresses for network interface WAN Miniport (IP)-WFP Native MAC Layer LightWeight Filter-0000
2025-11-30T18:27:55.007+0700 [DEBUG] [org.gradle.internal.remote.internal.inet.InetAddresses] Is this a loopback interface? false
2025-11-30T18:27:55.007+0700 [DEBUG] [org.gradle.internal.remote.internal.inet.InetAddresses] Adding IP addresses for network interface WAN Miniport (IP)-QoS Packet Scheduler-0000
2025-11-30T18:27:55.008+0700 [DEBUG] [org.gradle.internal.remote.internal.inet.InetAddresses] Is this a loopback interface? false
2025-11-30T18:27:55.008+0700 [DEBUG] [org.gradle.internal.remote.internal.inet.InetAddresses] Adding IP addresses for network interface WAN Miniport (IPv6)-WFP Native MAC Layer LightWeight Filter-0000
2025-11-30T18:27:55.009+0700 [DEBUG] [org.gradle.internal.remote.internal.inet.InetAddresses] Is this a loopback interface? false
2025-11-30T18:27:55.009+0700 [DEBUG] [org.gradle.internal.remote.internal.inet.InetAddresses] Adding IP addresses for network interface WAN Miniport (IPv6)-QoS Packet Scheduler-0000
2025-11-30T18:27:55.009+0700 [DEBUG] [org.gradle.internal.remote.internal.inet.InetAddresses] Is this a loopback interface? false
2025-11-30T18:27:55.009+0700 [DEBUG] [org.gradle.internal.remote.internal.inet.InetAddresses] Adding IP addresses for network interface WAN Miniport (Network Monitor)-WFP Native MAC Layer LightWeight Filter-0000
2025-11-30T18:27:55.010+0700 [DEBUG] [org.gradle.internal.remote.internal.inet.InetAddresses] Is this a loopback interface? false
2025-11-30T18:27:55.010+0700 [DEBUG] [org.gradle.internal.remote.internal.inet.InetAddresses] Adding IP addresses for network interface WAN Miniport (Network Monitor)-QoS Packet Scheduler-0000
2025-11-30T18:27:55.010+0700 [DEBUG] [org.gradle.internal.remote.internal.inet.InetAddresses] Is this a loopback interface? false
2025-11-30T18:27:55.010+0700 [DEBUG] [org.gradle.internal.remote.internal.inet.InetAddresses] Adding IP addresses for network interface Microsoft Kernel Debug Network Adapter
2025-11-30T18:27:55.011+0700 [DEBUG] [org.gradle.internal.remote.internal.inet.InetAddresses] Is this a loopback interface? false
2025-11-30T18:27:55.011+0700 [DEBUG] [org.gradle.internal.remote.internal.inet.InetAddresses] Adding IP addresses for network interface WAN Miniport (IP)
2025-11-30T18:27:55.011+0700 [DEBUG] [org.gradle.internal.remote.internal.inet.InetAddresses] Is this a loopback interface? false
2025-11-30T18:27:55.012+0700 [DEBUG] [org.gradle.internal.remote.internal.inet.InetAddresses] Adding IP addresses for network interface WAN Miniport (IPv6)
2025-11-30T18:27:55.012+0700 [DEBUG] [org.gradle.internal.remote.internal.inet.InetAddresses] Is this a loopback interface? false
2025-11-30T18:27:55.012+0700 [DEBUG] [org.gradle.internal.remote.internal.inet.InetAddresses] Adding IP addresses for network interface WAN Miniport (Network Monitor)
2025-11-30T18:27:55.013+0700 [DEBUG] [org.gradle.internal.remote.internal.inet.InetAddresses] Is this a loopback interface? false
2025-11-30T18:27:55.013+0700 [DEBUG] [org.gradle.internal.remote.internal.inet.InetAddresses] Adding IP addresses for network interface Bluetooth Device (Personal Area Network)
2025-11-30T18:27:55.013+0700 [DEBUG] [org.gradle.internal.remote.internal.inet.InetAddresses] Is this a loopback interface? false
2025-11-30T18:27:55.014+0700 [DEBUG] [org.gradle.internal.remote.internal.inet.InetAddresses] Adding IP addresses for network interface WAN Miniport (PPPOE)
2025-11-30T18:27:55.015+0700 [DEBUG] [org.gradle.internal.remote.internal.inet.InetAddresses] Is this a loopback interface? false
2025-11-30T18:27:55.015+0700 [DEBUG] [org.gradle.internal.remote.internal.inet.InetAddresses] Adding IP addresses for network interface Software Loopback Interface 1
2025-11-30T18:27:55.015+0700 [DEBUG] [org.gradle.internal.remote.internal.inet.InetAddresses] Is this a loopback interface? true
2025-11-30T18:27:55.015+0700 [DEBUG] [org.gradle.internal.remote.internal.inet.InetAddresses] Adding loopback address /0:0:0:0:0:0:0:1
2025-11-30T18:27:55.016+0700 [DEBUG] [org.gradle.internal.remote.internal.inet.InetAddresses] Adding loopback address /127.0.0.1
2025-11-30T18:27:55.016+0700 [DEBUG] [org.gradle.internal.remote.internal.inet.InetAddresses] Adding IP addresses for network interface Intel(R) Wi-Fi 6 AX201 160MHz-WFP Native MAC Layer LightWeight Filter-0000
2025-11-30T18:27:55.016+0700 [DEBUG] [org.gradle.internal.remote.internal.inet.InetAddresses] Is this a loopback interface? false
2025-11-30T18:27:55.016+0700 [DEBUG] [org.gradle.internal.remote.internal.inet.InetAddresses] Adding IP addresses for network interface Intel(R) Wi-Fi 6 AX201 160MHz-Virtual WiFi Filter Driver-0000
2025-11-30T18:27:55.018+0700 [DEBUG] [org.gradle.internal.remote.internal.inet.InetAddresses] Is this a loopback interface? false
2025-11-30T18:27:55.018+0700 [DEBUG] [org.gradle.internal.remote.internal.inet.InetAddresses] Adding IP addresses for network interface Intel(R) Wi-Fi 6 AX201 160MHz-Native WiFi Filter Driver-0000
2025-11-30T18:27:55.019+0700 [DEBUG] [org.gradle.internal.remote.internal.inet.InetAddresses] Is this a loopback interface? false
2025-11-30T18:27:55.019+0700 [DEBUG] [org.gradle.internal.remote.internal.inet.InetAddresses] Adding IP addresses for network interface Intel(R) Wi-Fi 6 AX201 160MHz-QoS Packet Scheduler-0000
2025-11-30T18:27:55.020+0700 [DEBUG] [org.gradle.internal.remote.internal.inet.InetAddresses] Is this a loopback interface? false
2025-11-30T18:27:55.020+0700 [DEBUG] [org.gradle.internal.remote.internal.inet.InetAddresses] Adding IP addresses for network interface Intel(R) Wi-Fi 6 AX201 160MHz-WFP 802.3 MAC Layer LightWeight Filter-0000
2025-11-30T18:27:55.020+0700 [DEBUG] [org.gradle.internal.remote.internal.inet.InetAddresses] Is this a loopback interface? false
2025-11-30T18:27:55.020+0700 [DEBUG] [org.gradle.internal.remote.internal.inet.InetAddresses] Adding IP addresses for network interface Microsoft Wi-Fi Direct Virtual Adapter-WFP Native MAC Layer LightWeight Filter-0000
2025-11-30T18:27:55.021+0700 [DEBUG] [org.gradle.internal.remote.internal.inet.InetAddresses] Is this a loopback interface? false
2025-11-30T18:27:55.021+0700 [DEBUG] [org.gradle.internal.remote.internal.inet.InetAddresses] Adding IP addresses for network interface Microsoft Wi-Fi Direct Virtual Adapter-Native WiFi Filter Driver-0000
2025-11-30T18:27:55.022+0700 [DEBUG] [org.gradle.internal.remote.internal.inet.InetAddresses] Is this a loopback interface? false
2025-11-30T18:27:55.022+0700 [DEBUG] [org.gradle.internal.remote.internal.inet.InetAddresses] Adding IP addresses for network interface Microsoft Wi-Fi Direct Virtual Adapter-QoS Packet Scheduler-0000
2025-11-30T18:27:55.023+0700 [DEBUG] [org.gradle.internal.remote.internal.inet.InetAddresses] Is this a loopback interface? false
2025-11-30T18:27:55.023+0700 [DEBUG] [org.gradle.internal.remote.internal.inet.InetAddresses] Adding IP addresses for network interface Microsoft Wi-Fi Direct Virtual Adapter-WFP 802.3 MAC Layer LightWeight Filter-0000
2025-11-30T18:27:55.023+0700 [DEBUG] [org.gradle.internal.remote.internal.inet.InetAddresses] Is this a loopback interface? false
2025-11-30T18:27:55.024+0700 [DEBUG] [org.gradle.internal.remote.internal.inet.InetAddresses] Adding IP addresses for network interface Microsoft Wi-Fi Direct Virtual Adapter #2-WFP Native MAC Layer LightWeight Filter-0000
2025-11-30T18:27:55.024+0700 [DEBUG] [org.gradle.internal.remote.internal.inet.InetAddresses] Is this a loopback interface? false
2025-11-30T18:27:55.025+0700 [DEBUG] [org.gradle.internal.remote.internal.inet.InetAddresses] Adding IP addresses for network interface Microsoft Wi-Fi Direct Virtual Adapter #2-Native WiFi Filter Driver-0000
2025-11-30T18:27:55.027+0700 [DEBUG] [org.gradle.internal.remote.internal.inet.InetAddresses] Is this a loopback interface? false
2025-11-30T18:27:55.027+0700 [DEBUG] [org.gradle.internal.remote.internal.inet.InetAddresses] Adding IP addresses for network interface Microsoft Wi-Fi Direct Virtual Adapter #2-QoS Packet Scheduler-0000
2025-11-30T18:27:55.028+0700 [DEBUG] [org.gradle.internal.remote.internal.inet.InetAddresses] Is this a loopback interface? false
2025-11-30T18:27:55.028+0700 [DEBUG] [org.gradle.internal.remote.internal.inet.InetAddresses] Adding IP addresses for network interface Microsoft Wi-Fi Direct Virtual Adapter #2-WFP 802.3 MAC Layer LightWeight Filter-0000
2025-11-30T18:27:55.028+0700 [DEBUG] [org.gradle.internal.remote.internal.inet.InetAddresses] Is this a loopback interface? false
2025-11-30T18:27:55.028+0700 [DEBUG] [org.gradle.internal.remote.internal.inet.InetAddresses] Adding IP addresses for network interface Intel(R) Wi-Fi 6 AX201 160MHz
2025-11-30T18:27:55.028+0700 [DEBUG] [org.gradle.internal.remote.internal.inet.InetAddresses] Is this a loopback interface? false
2025-11-30T18:27:55.029+0700 [DEBUG] [org.gradle.internal.remote.internal.inet.InetAddresses] Adding remote address /fe80:0:0:0:1d56:eaa4:11a9:74e%wireless_32768
2025-11-30T18:27:55.029+0700 [DEBUG] [org.gradle.internal.remote.internal.inet.InetAddresses] Adding remote address /2405:4803:d351:e180:7573:a4ad:6026:476c
2025-11-30T18:27:55.029+0700 [DEBUG] [org.gradle.internal.remote.internal.inet.InetAddresses] Adding remote address /2405:4803:d351:e180:cc6:9e7b:b384:c91a
2025-11-30T18:27:55.029+0700 [DEBUG] [org.gradle.internal.remote.internal.inet.InetAddresses] Adding remote address /192.168.1.3
2025-11-30T18:27:55.029+0700 [DEBUG] [org.gradle.internal.remote.internal.inet.InetAddresses] Adding IP addresses for network interface Microsoft Wi-Fi Direct Virtual Adapter
2025-11-30T18:27:55.030+0700 [DEBUG] [org.gradle.internal.remote.internal.inet.InetAddresses] Is this a loopback interface? false
2025-11-30T18:27:55.030+0700 [DEBUG] [org.gradle.internal.remote.internal.inet.InetAddresses] Adding remote address /fe80:0:0:0:622f:48f2:6f81:566e%wireless_32769
2025-11-30T18:27:55.032+0700 [DEBUG] [org.gradle.internal.remote.internal.inet.InetAddresses] Adding IP addresses for network interface Microsoft Wi-Fi Direct Virtual Adapter #2
2025-11-30T18:27:55.033+0700 [DEBUG] [org.gradle.internal.remote.internal.inet.InetAddresses] Is this a loopback interface? false
2025-11-30T18:27:55.033+0700 [DEBUG] [org.gradle.internal.remote.internal.inet.InetAddresses] Adding remote address /fe80:0:0:0:590e:2958:a23:b82d%wireless_32770
2025-11-30T18:27:55.033+0700 [DEBUG] [org.gradle.internal.remote.internal.inet.InetAddresses] Adding IP addresses for network interface Microsoft Teredo Tunneling Adapter
2025-11-30T18:27:55.034+0700 [DEBUG] [org.gradle.internal.remote.internal.inet.InetAddresses] Is this a loopback interface? false
2025-11-30T18:27:55.034+0700 [DEBUG] [org.gradle.internal.remote.internal.inet.InetAddresses] Adding IP addresses for network interface Microsoft IP-HTTPS Platform Adapter
2025-11-30T18:27:55.035+0700 [DEBUG] [org.gradle.internal.remote.internal.inet.InetAddresses] Is this a loopback interface? false
2025-11-30T18:27:55.035+0700 [DEBUG] [org.gradle.internal.remote.internal.inet.InetAddresses] Adding IP addresses for network interface Microsoft 6to4 Adapter
2025-11-30T18:27:55.035+0700 [DEBUG] [org.gradle.internal.remote.internal.inet.InetAddresses] Is this a loopback interface? false
2025-11-30T18:27:55.035+0700 [DEBUG] [org.gradle.internal.remote.internal.inet.InetAddresses] Adding IP addresses for network interface WAN Miniport (SSTP)
2025-11-30T18:27:55.036+0700 [DEBUG] [org.gradle.internal.remote.internal.inet.InetAddresses] Is this a loopback interface? false
2025-11-30T18:27:55.036+0700 [DEBUG] [org.gradle.internal.remote.internal.inet.InetAddresses] Adding IP addresses for network interface WAN Miniport (IKEv2)
2025-11-30T18:27:55.036+0700 [DEBUG] [org.gradle.internal.remote.internal.inet.InetAddresses] Is this a loopback interface? false
2025-11-30T18:27:55.036+0700 [DEBUG] [org.gradle.internal.remote.internal.inet.InetAddresses] Adding IP addresses for network interface WAN Miniport (L2TP)
2025-11-30T18:27:55.036+0700 [DEBUG] [org.gradle.internal.remote.internal.inet.InetAddresses] Is this a loopback interface? false
2025-11-30T18:27:55.036+0700 [DEBUG] [org.gradle.internal.remote.internal.inet.InetAddresses] Adding IP addresses for network interface WAN Miniport (PPTP)
2025-11-30T18:27:55.037+0700 [DEBUG] [org.gradle.internal.remote.internal.inet.InetAddresses] Is this a loopback interface? false
2025-11-30T18:27:55.060+0700 [DEBUG] [org.gradle.internal.nativeintegration.services.NativeServices] Native-platform posix files integration is not available. Continuing with fallback.
2025-11-30T18:27:55.112+0700 [INFO] [org.gradle.launcher.daemon.server.Daemon] start() called on daemon - DefaultDaemonContext[uid=f2b3a30d-d8ae-4a9a-83cc-af55b2e83567,javaHome=D:\App\Android\AndroidSetting\jbr,javaVersion=21,javaVendor=JetBrains s.r.o.,daemonRegistryDir=D:\GaraPro\GaraPro_Mobile\garapro_mobile\daemon,pid=15892,idleTimeout=10800000,priority=NORMAL,applyInstrumentationAgent=true,nativeServicesMode=ENABLED,daemonOpts=-Xmx2048m,-Dfile.encoding=UTF-8,-Duser.country=US,-Duser.language=en,-Duser.variant]
2025-11-30T18:27:55.281+0700 [DEBUG] [org.gradle.internal.remote.internal.inet.TcpIncomingConnector] Listening on [a70908e3-368d-4877-9fa4-54dd8aec5949 port:60809, addresses:[localhost/127.0.0.1]].
2025-11-30T18:27:55.319+0700 [DEBUG] [org.gradle.launcher.daemon.server.Daemon] Daemon starting at: Sun Nov 30 18:27:55 ICT 2025, with address: [a70908e3-368d-4877-9fa4-54dd8aec5949 port:60809, addresses:[localhost/127.0.0.1]]
2025-11-30T18:27:55.320+0700 [INFO] [org.gradle.launcher.daemon.server.DaemonRegistryUpdater] Advertising the daemon address to the clients: [a70908e3-368d-4877-9fa4-54dd8aec5949 port:60809, addresses:[localhost/127.0.0.1]]
2025-11-30T18:27:55.320+0700 [DEBUG] [org.gradle.launcher.daemon.server.DaemonRegistryUpdater] Advertised daemon context: DefaultDaemonContext[uid=f2b3a30d-d8ae-4a9a-83cc-af55b2e83567,javaHome=D:\App\Android\AndroidSetting\jbr,javaVersion=21,javaVendor=JetBrains s.r.o.,daemonRegistryDir=D:\GaraPro\GaraPro_Mobile\garapro_mobile\daemon,pid=15892,idleTimeout=10800000,priority=NORMAL,applyInstrumentationAgent=true,nativeServicesMode=ENABLED,daemonOpts=-Xmx2048m,-Dfile.encoding=UTF-8,-Duser.country=US,-Duser.language=en,-Duser.variant]
2025-11-30T18:27:55.322+0700 [DEBUG] [org.gradle.launcher.daemon.registry.PersistentDaemonRegistry] Storing daemon address: [a70908e3-368d-4877-9fa4-54dd8aec5949 port:60809, addresses:[localhost/127.0.0.1]], context: DefaultDaemonContext[uid=f2b3a30d-d8ae-4a9a-83cc-af55b2e83567,javaHome=D:\App\Android\AndroidSetting\jbr,javaVersion=21,javaVendor=JetBrains s.r.o.,daemonRegistryDir=D:\GaraPro\GaraPro_Mobile\garapro_mobile\daemon,pid=15892,idleTimeout=10800000,priority=NORMAL,applyInstrumentationAgent=true,nativeServicesMode=ENABLED,daemonOpts=-Xmx2048m,-Dfile.encoding=UTF-8,-Duser.country=US,-Duser.language=en,-Duser.variant]
2025-11-30T18:27:55.340+0700 [DEBUG] [org.gradle.cache.internal.DefaultFileLockManager] Waiting to acquire exclusive lock on daemon addresses registry.
2025-11-30T18:27:55.350+0700 [DEBUG] [org.gradle.cache.internal.DefaultFileLockManager] Lock acquired on daemon addresses registry.
2025-11-30T18:27:55.360+0700 [DEBUG] [org.gradle.cache.internal.DefaultFileLockManager] Releasing lock on daemon addresses registry.
2025-11-30T18:27:55.365+0700 [LIFECYCLE] [org.gradle.launcher.daemon.server.Daemon] Daemon server started.
2025-11-30T18:27:55.369+0700 [DEBUG] [org.gradle.launcher.daemon.bootstrap.DaemonStartupCommunication] Completed writing the daemon greeting. Closing streams...
2025-11-30T18:27:55.398+0700 [DEBUG] [org.gradle.internal.remote.internal.inet.TcpIncomingConnector] Accepted connection from /127.0.0.1:60810 to /127.0.0.1:60809.
2025-11-30T18:27:55.401+0700 [DEBUG] [org.gradle.launcher.daemon.server.Daemon] stopOnExpiration() called on daemon
2025-11-30T18:27:55.403+0700 [DEBUG] [org.gradle.launcher.daemon.server.Daemon] awaitExpiration() called on daemon
2025-11-30T18:27:55.405+0700 [DEBUG] [org.gradle.launcher.daemon.server.DaemonStateCoordinator] daemon is running. Sleeping until state changes.
2025-11-30T18:27:55.619+0700 [DEBUG] [org.gradle.launcher.daemon.server.SynchronizedDispatchConnection] thread 35: received class org.gradle.launcher.daemon.protocol.Build
2025-11-30T18:27:55.619+0700 [DEBUG] [org.gradle.launcher.daemon.server.DefaultDaemonConnection] thread 35: Received non-IO message from client: Build{id=cfb07e91-2ae9-4512-bb3f-759aaf48544f, currentDir=D:\GaraPro\GaraPro_Mobile\garapro_mobile}
2025-11-30T18:27:55.619+0700 [INFO] [org.gradle.launcher.daemon.server.DefaultIncomingConnectionHandler] Received command: Build{id=cfb07e91-2ae9-4512-bb3f-759aaf48544f, currentDir=D:\GaraPro\GaraPro_Mobile\garapro_mobile}.
2025-11-30T18:27:55.619+0700 [DEBUG] [org.gradle.launcher.daemon.server.DefaultIncomingConnectionHandler] Starting executing command: Build{id=cfb07e91-2ae9-4512-bb3f-759aaf48544f, currentDir=D:\GaraPro\GaraPro_Mobile\garapro_mobile} with connection: socket connection from /127.0.0.1:60809 to /127.0.0.1:60810.
2025-11-30T18:27:55.626+0700 [DEBUG] [org.gradle.launcher.daemon.server.DaemonStateCoordinator] Command execution: started DaemonCommandExecution[command = Build{id=cfb07e91-2ae9-4512-bb3f-759aaf48544f, currentDir=D:\GaraPro\GaraPro_Mobile\garapro_mobile}, connection = DefaultDaemonConnection: socket connection from /127.0.0.1:60809 to /127.0.0.1:60810] after 0.0058 minutes of idle
2025-11-30T18:27:55.626+0700 [INFO] [org.gradle.launcher.daemon.server.DaemonRegistryUpdater] Marking the daemon as busy, address: [a70908e3-368d-4877-9fa4-54dd8aec5949 port:60809, addresses:[localhost/127.0.0.1]]
2025-11-30T18:27:55.626+0700 [DEBUG] [org.gradle.launcher.daemon.registry.PersistentDaemonRegistry] Marking busy by address: [a70908e3-368d-4877-9fa4-54dd8aec5949 port:60809, addresses:[localhost/127.0.0.1]]
2025-11-30T18:27:55.627+0700 [DEBUG] [org.gradle.cache.internal.DefaultFileLockManager] Waiting to acquire exclusive lock on daemon addresses registry.
2025-11-30T18:27:55.628+0700 [DEBUG] [org.gradle.cache.internal.DefaultFileLockManager] Lock acquired on daemon addresses registry.
2025-11-30T18:27:55.629+0700 [DEBUG] [org.gradle.cache.internal.DefaultFileLockManager] Releasing lock on daemon addresses registry.
2025-11-30T18:27:55.629+0700 [DEBUG] [org.gradle.launcher.daemon.server.DaemonStateCoordinator] resetting idle timer
2025-11-30T18:27:55.629+0700 [DEBUG] [org.gradle.launcher.daemon.server.DaemonStateCoordinator] daemon is running. Sleeping until state changes.
2025-11-30T18:27:55.630+0700 [INFO] [org.gradle.launcher.daemon.server.exec.StartBuildOrRespondWithBusy] Daemon is about to start building Build{id=cfb07e91-2ae9-4512-bb3f-759aaf48544f, currentDir=D:\GaraPro\GaraPro_Mobile\garapro_mobile}. Dispatching build started information...
2025-11-30T18:27:55.631+0700 [DEBUG] [org.gradle.launcher.daemon.server.SynchronizedDispatchConnection] thread 37: dispatching org.gradle.launcher.daemon.protocol.BuildStarted@63ff86b2
2025-11-30T18:27:55.634+0700 [DEBUG] [org.gradle.launcher.daemon.server.exec.EstablishBuildEnvironment] Configuring env variables: [USERDOMAIN_ROAMINGPROFILE, LOCALAPPDATA, PROCESSOR_LEVEL, IntelliJ IDEA, USERDOMAIN, LOGONSERVER, FPS_BROWSER_APP_PROFILE_STRING, SESSIONNAME, ALLUSERSPROFILE, PROCESSOR_ARCHITECTURE, PSModulePath, SystemDrive, OneDrive, APPDATA, USERNAME, ProgramFiles(x86), EFC_7288_1592913036, CommonProgramFiles, Path, FPS_BROWSER_USER_PROFILE_STRING, PATHEXT, DriverData, OS, OneDriveConsumer, COMPUTERNAME, PROCESSOR_REVISION, CommonProgramW6432, ComSpec, ProgramData, ProgramW6432, TEMP, HOMEPATH, SystemRoot, PROCESSOR_IDENTIFIER, HOMEDRIVE, USERPROFILE, TMP, CommonProgramFiles(x86), ProgramFiles, PUBLIC, windir, NUMBER_OF_PROCESSORS, =::, ZES_ENABLE_SYSMAN]
2025-11-30T18:27:55.650+0700 [DEBUG] [org.gradle.launcher.daemon.server.exec.LogToClient] About to start relaying all logs to the client via the connection.
2025-11-30T18:27:55.651+0700 [INFO] [org.gradle.launcher.daemon.server.exec.LogToClient] The client will now receive all logging from the daemon (pid: 15892). The daemon log file: D:\GaraPro\GaraPro_Mobile\garapro_mobile\daemon\8.13\daemon-15892.out.log
2025-11-30T18:27:55.657+0700 [INFO] [org.gradle.launcher.daemon.server.exec.LogAndCheckHealth] Starting build in new daemon [memory: 2 GiB]
2025-11-30T18:27:55.659+0700 [DEBUG] [org.gradle.launcher.daemon.server.exec.ExecuteBuild] The daemon has started executing the build.
2025-11-30T18:27:55.659+0700 [DEBUG] [org.gradle.launcher.daemon.server.exec.ExecuteBuild] Executing build with daemon context: DefaultDaemonContext[uid=f2b3a30d-d8ae-4a9a-83cc-af55b2e83567,javaHome=D:\App\Android\AndroidSetting\jbr,javaVersion=21,javaVendor=JetBrains s.r.o.,daemonRegistryDir=D:\GaraPro\GaraPro_Mobile\garapro_mobile\daemon,pid=15892,idleTimeout=10800000,priority=NORMAL,applyInstrumentationAgent=true,nativeServicesMode=ENABLED,daemonOpts=-Xmx2048m,-Dfile.encoding=UTF-8,-Duser.country=US,-Duser.language=en,-Duser.variant]

BUILD SUCCESSFUL in 35s
38 actionable tasks: 38 up-to-date
2025-11-30T18:28:28.055+0700 [DEBUG] [org.gradle.launcher.daemon.server.exec.ExecuteBuild] The daemon has finished executing the build.
2025-11-30T18:28:28.064+0700 [DEBUG] [org.gradle.launcher.daemon.server.DaemonStateCoordinator] daemon is running. Sleeping until state changes.
2025-11-30T18:28:28.065+0700 [DEBUG] [org.gradle.launcher.daemon.server.DaemonStateCoordinator] Command execution: finished waiting for DaemonCommandExecution[command = Build{id=cfb07e91-2ae9-4512-bb3f-759aaf48544f, currentDir=D:\GaraPro\GaraPro_Mobile\garapro_mobile}, connection = DefaultDaemonConnection: socket connection from /127.0.0.1:60809 to /127.0.0.1:60810]. Result org.gradle.launcher.daemon.server.DaemonStateCoordinator@3777d1db with state Busy
2025-11-30T18:28:28.066+0700 [DEBUG] [org.gradle.launcher.daemon.server.DaemonStateCoordinator] Command execution: completed DaemonCommandExecution[command = Build{id=cfb07e91-2ae9-4512-bb3f-759aaf48544f, currentDir=D:\GaraPro\GaraPro_Mobile\garapro_mobile}, connection = DefaultDaemonConnection: socket connection from /127.0.0.1:60809 to /127.0.0.1:60810]
2025-11-30T18:28:28.066+0700 [DEBUG] [org.gradle.launcher.daemon.server.DaemonStateCoordinator] resetting idle timer
2025-11-30T18:28:28.066+0700 [INFO] [org.gradle.launcher.daemon.server.DaemonRegistryUpdater] Marking the daemon as idle, address: [a70908e3-368d-4877-9fa4-54dd8aec5949 port:60809, addresses:[localhost/127.0.0.1]]
2025-11-30T18:28:28.066+0700 [DEBUG] [org.gradle.launcher.daemon.registry.PersistentDaemonRegistry] Marking busy by address: [a70908e3-368d-4877-9fa4-54dd8aec5949 port:60809, addresses:[localhost/127.0.0.1]]
2025-11-30T18:28:28.067+0700 [DEBUG] [org.gradle.cache.internal.DefaultFileLockManager] Waiting to acquire exclusive lock on daemon addresses registry.
2025-11-30T18:28:28.068+0700 [DEBUG] [org.gradle.cache.internal.DefaultFileLockManager] Lock acquired on daemon addresses registry.
2025-11-30T18:28:28.070+0700 [DEBUG] [org.gradle.cache.internal.DefaultFileLockManager] Releasing lock on daemon addresses registry.
2025-11-30T18:28:28.070+0700 [DEBUG] [org.gradle.launcher.daemon.server.DaemonStateCoordinator] daemon is running. Sleeping until state changes.
2025-11-30T18:28:28.071+0700 [DEBUG] [org.gradle.launcher.daemon.server.exec.ReturnResult] Daemon is dispatching the build result: Success[value=org.gradle.launcher.exec.BuildActionResult@5c1e1bab]
2025-11-30T18:28:28.071+0700 [DEBUG] [org.gradle.launcher.daemon.server.SynchronizedDispatchConnection] thread 34: dispatching Success[value=org.gradle.launcher.exec.BuildActionResult@5c1e1bab]
2025-11-30T18:28:28.078+0700 [DEBUG] [org.gradle.launcher.daemon.server.DefaultIncomingConnectionHandler] Finishing executing command: Build{id=cfb07e91-2ae9-4512-bb3f-759aaf48544f, currentDir=D:\GaraPro\GaraPro_Mobile\garapro_mobile}
2025-11-30T18:28:28.079+0700 [DEBUG] [org.gradle.launcher.daemon.server.exec.CleanUpVirtualFileSystemAfterBuild] Cleaning virtual file system after build finished
2025-11-30T18:28:28.122+0700 [DEBUG] [org.gradle.launcher.daemon.server.SynchronizedDispatchConnection] thread 35: received class org.gradle.launcher.daemon.protocol.CloseInput
2025-11-30T18:28:28.122+0700 [DEBUG] [org.gradle.launcher.daemon.server.DefaultDaemonConnection] thread 35: Received IO message from client: org.gradle.launcher.daemon.protocol.CloseInput@7110b1e8
2025-11-30T18:28:28.125+0700 [DEBUG] [org.gradle.launcher.daemon.server.SynchronizedDispatchConnection] thread 35: received class org.gradle.launcher.daemon.protocol.Finished
2025-11-30T18:28:28.125+0700 [DEBUG] [org.gradle.launcher.daemon.server.DefaultDaemonConnection] thread 35: Received non-IO message from client: org.gradle.launcher.daemon.protocol.Finished@4afbcb28
2025-11-30T18:28:28.125+0700 [DEBUG] [org.gradle.launcher.daemon.server.DefaultIncomingConnectionHandler] Received finished message: org.gradle.launcher.daemon.protocol.Finished@4afbcb28
2025-11-30T18:28:28.125+0700 [DEBUG] [org.gradle.launcher.daemon.server.SynchronizedDispatchConnection] thread 34: stopping connection
2025-11-30T18:28:28.127+0700 [DEBUG] [org.gradle.internal.remote.internal.inet.SocketConnection] Discarding EOFException: java.io.EOFException
2025-11-30T18:28:28.127+0700 [DEBUG] [org.gradle.launcher.daemon.server.SynchronizedDispatchConnection] thread 35: received null
2025-11-30T18:28:28.127+0700 [DEBUG] [org.gradle.launcher.daemon.server.DefaultDaemonConnection] thread 35: Received end-of-input from client.
2025-11-30T18:28:28.130+0700 [DEBUG] [org.gradle.launcher.daemon.server.SynchronizedDispatchConnection] thread 34: stopping connection
2025-11-30T18:28:28.998+0700 [DEBUG] [org.gradle.process.internal.health.memory.DefaultMemoryManager] 827755724 physical memory requested, 349712384 free
2025-11-30T18:28:28.998+0700 [DEBUG] [org.gradle.workers.internal.WorkerDaemonExpiration] Will attempt to release 789 of memory
2025-11-30T18:28:28.999+0700 [DEBUG] [org.gradle.process.internal.health.memory.DefaultMemoryManager] 827755724 physical memory requested, 0 released, 349712384 free
2025-11-30T18:28:34.007+0700 [DEBUG] [org.gradle.process.internal.health.memory.DefaultMemoryManager] 827755724 physical memory requested, 192364544 free
2025-11-30T18:28:34.009+0700 [DEBUG] [org.gradle.workers.internal.WorkerDaemonExpiration] Will attempt to release 789 of memory
2025-11-30T18:28:34.010+0700 [DEBUG] [org.gradle.process.internal.health.memory.DefaultMemoryManager] 827755724 physical memory requested, 0 released, 192364544 free
2025-11-30T18:28:35.419+0700 [DEBUG] [org.gradle.cache.internal.DefaultFileLockManager] Waiting to acquire shared lock on daemon addresses registry.
2025-11-30T18:28:35.424+0700 [DEBUG] [org.gradle.cache.internal.DefaultFileLockManager] Lock acquired on daemon addresses registry.
2025-11-30T18:28:35.426+0700 [DEBUG] [org.gradle.cache.internal.DefaultFileLockManager] Releasing lock on daemon addresses registry.
2025-11-30T18:28:35.430+0700 [DEBUG] [org.gradle.cache.internal.DefaultFileLockManager] Waiting to acquire shared lock on daemon addresses registry.
2025-11-30T18:28:35.431+0700 [DEBUG] [org.gradle.cache.internal.DefaultFileLockManager] Lock acquired on daemon addresses registry.
2025-11-30T18:28:35.431+0700 [DEBUG] [org.gradle.cache.internal.DefaultFileLockManager] Releasing lock on daemon addresses registry.
2025-11-30T18:28:39.074+0700 [DEBUG] [org.gradle.process.internal.health.memory.DefaultMemoryManager] 827755724 physical memory requested, 17158144 free
2025-11-30T18:28:39.115+0700 [DEBUG] [org.gradle.workers.internal.WorkerDaemonExpiration] Will attempt to release 789 of memory
2025-11-30T18:28:39.119+0700 [DEBUG] [org.gradle.process.internal.health.memory.DefaultMemoryManager] 827755724 physical memory requested, 0 released, 17158144 free
2025-11-30T18:28:44.008+0700 [DEBUG] [org.gradle.process.internal.health.memory.DefaultMemoryManager] 827755724 physical memory requested, 353837056 free
2025-11-30T18:28:44.010+0700 [DEBUG] [org.gradle.workers.internal.WorkerDaemonExpiration] Will attempt to release 789 of memory
2025-11-30T18:28:44.014+0700 [DEBUG] [org.gradle.process.internal.health.memory.DefaultMemoryManager] 827755724 physical memory requested, 0 released, 353837056 free
2025-11-30T18:28:45.413+0700 [DEBUG] [org.gradle.cache.internal.DefaultFileLockManager] Waiting to acquire shared lock on daemon addresses registry.
2025-11-30T18:28:45.414+0700 [DEBUG] [org.gradle.cache.internal.DefaultFileLockManager] Lock acquired on daemon addresses registry.
2025-11-30T18:28:45.415+0700 [DEBUG] [org.gradle.cache.internal.DefaultFileLockManager] Releasing lock on daemon addresses registry.
2025-11-30T18:28:45.422+0700 [DEBUG] [org.gradle.cache.internal.DefaultFileLockManager] Waiting to acquire shared lock on daemon addresses registry.
2025-11-30T18:28:45.422+0700 [DEBUG] [org.gradle.cache.internal.DefaultFileLockManager] Lock acquired on daemon addresses registry.
2025-11-30T18:28:45.423+0700 [DEBUG] [org.gradle.cache.internal.DefaultFileLockManager] Releasing lock on daemon addresses registry.
2025-11-30T18:28:45.425+0700 [DEBUG] [org.gradle.cache.internal.DefaultFileLockManager] Waiting to acquire shared lock on daemon addresses registry.
2025-11-30T18:28:45.425+0700 [DEBUG] [org.gradle.cache.internal.DefaultFileLockManager] Lock acquired on daemon addresses registry.
2025-11-30T18:28:45.426+0700 [DEBUG] [org.gradle.cache.internal.DefaultFileLockManager] Releasing lock on daemon addresses registry.
2025-11-30T18:28:49.000+0700 [DEBUG] [org.gradle.process.internal.health.memory.DefaultMemoryManager] 827755724 physical memory requested, 370237440 free
2025-11-30T18:28:49.000+0700 [DEBUG] [org.gradle.workers.internal.WorkerDaemonExpiration] Will attempt to release 789 of memory
2025-11-30T18:28:49.000+0700 [DEBUG] [org.gradle.process.internal.health.memory.DefaultMemoryManager] 827755724 physical memory requested, 0 released, 370237440 free
2025-11-30T18:28:55.410+0700 [DEBUG] [org.gradle.cache.internal.DefaultFileLockManager] Waiting to acquire shared lock on daemon addresses registry.
2025-11-30T18:28:55.411+0700 [DEBUG] [org.gradle.cache.internal.DefaultFileLockManager] Lock acquired on daemon addresses registry.
2025-11-30T18:28:55.411+0700 [DEBUG] [org.gradle.cache.internal.DefaultFileLockManager] Releasing lock on daemon addresses registry.
2025-11-30T18:28:55.414+0700 [DEBUG] [org.gradle.cache.internal.DefaultFileLockManager] Waiting to acquire shared lock on daemon addresses registry.
2025-11-30T18:28:55.414+0700 [DEBUG] [org.gradle.cache.internal.DefaultFileLockManager] Lock acquired on daemon addresses registry.
2025-11-30T18:28:55.414+0700 [DEBUG] [org.gradle.cache.internal.DefaultFileLockManager] Releasing lock on daemon addresses registry.
2025-11-30T18:28:55.415+0700 [DEBUG] [org.gradle.cache.internal.DefaultFileLockManager] Waiting to acquire shared lock on daemon addresses registry.
2025-11-30T18:28:55.415+0700 [DEBUG] [org.gradle.cache.internal.DefaultFileLockManager] Lock acquired on daemon addresses registry.
2025-11-30T18:28:55.415+0700 [DEBUG] [org.gradle.cache.internal.DefaultFileLockManager] Releasing lock on daemon addresses registry.
2025-11-30T18:28:58.999+0700 [DEBUG] [org.gradle.process.internal.health.memory.DefaultMemoryManager] 827755724 physical memory requested, 664076288 free
2025-11-30T18:28:58.999+0700 [DEBUG] [org.gradle.workers.internal.WorkerDaemonExpiration] Will attempt to release 789 of memory
2025-11-30T18:28:58.999+0700 [DEBUG] [org.gradle.process.internal.health.memory.DefaultMemoryManager] 827755724 physical memory requested, 0 released, 664076288 free
2025-11-30T18:29:04.000+0700 [DEBUG] [org.gradle.process.internal.health.memory.DefaultMemoryManager] 827755724 physical memory requested, 498216960 free
2025-11-30T18:29:04.001+0700 [DEBUG] [org.gradle.workers.internal.WorkerDaemonExpiration] Will attempt to release 789 of memory
2025-11-30T18:29:04.001+0700 [DEBUG] [org.gradle.process.internal.health.memory.DefaultMemoryManager] 827755724 physical memory requested, 0 released, 498216960 free
2025-11-30T18:29:05.412+0700 [DEBUG] [org.gradle.cache.internal.DefaultFileLockManager] Waiting to acquire shared lock on daemon addresses registry.
2025-11-30T18:29:05.413+0700 [DEBUG] [org.gradle.cache.internal.DefaultFileLockManager] Lock acquired on daemon addresses registry.
2025-11-30T18:29:05.413+0700 [DEBUG] [org.gradle.cache.internal.DefaultFileLockManager] Releasing lock on daemon addresses registry.
2025-11-30T18:29:05.415+0700 [DEBUG] [org.gradle.cache.internal.DefaultFileLockManager] Waiting to acquire shared lock on daemon addresses registry.
2025-11-30T18:29:05.415+0700 [DEBUG] [org.gradle.cache.internal.DefaultFileLockManager] Lock acquired on daemon addresses registry.
2025-11-30T18:29:05.416+0700 [DEBUG] [org.gradle.cache.internal.DefaultFileLockManager] Releasing lock on daemon addresses registry.
2025-11-30T18:29:05.416+0700 [DEBUG] [org.gradle.cache.internal.DefaultFileLockManager] Waiting to acquire shared lock on daemon addresses registry.
2025-11-30T18:29:05.417+0700 [DEBUG] [org.gradle.cache.internal.DefaultFileLockManager] Lock acquired on daemon addresses registry.
2025-11-30T18:29:05.417+0700 [DEBUG] [org.gradle.cache.internal.DefaultFileLockManager] Releasing lock on daemon addresses registry.
2025-11-30T18:29:09.001+0700 [DEBUG] [org.gradle.process.internal.health.memory.DefaultMemoryManager] 827755724 physical memory requested, 723968000 free
2025-11-30T18:29:09.002+0700 [DEBUG] [org.gradle.workers.internal.WorkerDaemonExpiration] Will attempt to release 789 of memory
2025-11-30T18:29:09.002+0700 [DEBUG] [org.gradle.process.internal.health.memory.DefaultMemoryManager] 827755724 physical memory requested, 0 released, 723968000 free
2025-11-30T18:29:14.010+0700 [DEBUG] [org.gradle.process.internal.health.memory.DefaultMemoryManager] 827755724 physical memory requested, 258269184 free
2025-11-30T18:29:14.012+0700 [DEBUG] [org.gradle.workers.internal.WorkerDaemonExpiration] Will attempt to release 789 of memory
2025-11-30T18:29:14.012+0700 [DEBUG] [org.gradle.process.internal.health.memory.DefaultMemoryManager] 827755724 physical memory requested, 0 released, 258269184 free
2025-11-30T18:29:15.412+0700 [DEBUG] [org.gradle.cache.internal.DefaultFileLockManager] Waiting to acquire shared lock on daemon addresses registry.
2025-11-30T18:29:15.413+0700 [DEBUG] [org.gradle.cache.internal.DefaultFileLockManager] Lock acquired on daemon addresses registry.
2025-11-30T18:29:15.413+0700 [DEBUG] [org.gradle.cache.internal.DefaultFileLockManager] Releasing lock on daemon addresses registry.
2025-11-30T18:29:15.415+0700 [DEBUG] [org.gradle.cache.internal.DefaultFileLockManager] Waiting to acquire shared lock on daemon addresses registry.
2025-11-30T18:29:15.416+0700 [DEBUG] [org.gradle.cache.internal.DefaultFileLockManager] Lock acquired on daemon addresses registry.
2025-11-30T18:29:15.416+0700 [DEBUG] [org.gradle.cache.internal.DefaultFileLockManager] Releasing lock on daemon addresses registry.
2025-11-30T18:29:15.417+0700 [DEBUG] [org.gradle.cache.internal.DefaultFileLockManager] Waiting to acquire shared lock on daemon addresses registry.
2025-11-30T18:29:15.418+0700 [DEBUG] [org.gradle.cache.internal.DefaultFileLockManager] Lock acquired on daemon addresses registry.
2025-11-30T18:29:15.418+0700 [DEBUG] [org.gradle.cache.internal.DefaultFileLockManager] Releasing lock on daemon addresses registry.
2025-11-30T18:29:19.006+0700 [DEBUG] [org.gradle.process.internal.health.memory.DefaultMemoryManager] 827755724 physical memory requested, 718557184 free
2025-11-30T18:29:19.006+0700 [DEBUG] [org.gradle.workers.internal.WorkerDaemonExpiration] Will attempt to release 789 of memory
2025-11-30T18:29:19.007+0700 [DEBUG] [org.gradle.process.internal.health.memory.DefaultMemoryManager] 827755724 physical memory requested, 0 released, 718557184 free
2025-11-30T18:29:24.004+0700 [DEBUG] [org.gradle.process.internal.health.memory.DefaultMemoryManager] 827755724 physical memory requested, 595402752 free
2025-11-30T18:29:24.005+0700 [DEBUG] [org.gradle.workers.internal.WorkerDaemonExpiration] Will attempt to release 789 of memory
2025-11-30T18:29:24.005+0700 [DEBUG] [org.gradle.process.internal.health.memory.DefaultMemoryManager] 827755724 physical memory requested, 0 released, 595402752 free
2025-11-30T18:29:25.417+0700 [DEBUG] [org.gradle.cache.internal.DefaultFileLockManager] Waiting to acquire shared lock on daemon addresses registry.
2025-11-30T18:29:25.417+0700 [DEBUG] [org.gradle.cache.internal.DefaultFileLockManager] Lock acquired on daemon addresses registry.
2025-11-30T18:29:25.418+0700 [DEBUG] [org.gradle.cache.internal.DefaultFileLockManager] Releasing lock on daemon addresses registry.
2025-11-30T18:29:25.419+0700 [DEBUG] [org.gradle.cache.internal.DefaultFileLockManager] Waiting to acquire shared lock on daemon addresses registry.
2025-11-30T18:29:25.419+0700 [DEBUG] [org.gradle.cache.internal.DefaultFileLockManager] Lock acquired on daemon addresses registry.
2025-11-30T18:29:25.420+0700 [DEBUG] [org.gradle.cache.internal.DefaultFileLockManager] Releasing lock on daemon addresses registry.
2025-11-30T18:29:25.421+0700 [DEBUG] [org.gradle.cache.internal.DefaultFileLockManager] Waiting to acquire shared lock on daemon addresses registry.
2025-11-30T18:29:25.421+0700 [DEBUG] [org.gradle.cache.internal.DefaultFileLockManager] Lock acquired on daemon addresses registry.
2025-11-30T18:29:25.422+0700 [DEBUG] [org.gradle.cache.internal.DefaultFileLockManager] Releasing lock on daemon addresses registry.
2025-11-30T18:29:29.003+0700 [DEBUG] [org.gradle.process.internal.health.memory.DefaultMemoryManager] 827755724 physical memory requested, 461803520 free
2025-11-30T18:29:29.004+0700 [DEBUG] [org.gradle.workers.internal.WorkerDaemonExpiration] Will attempt to release 789 of memory
2025-11-30T18:29:29.004+0700 [DEBUG] [org.gradle.process.internal.health.memory.DefaultMemoryManager] 827755724 physical memory requested, 0 released, 461803520 free
2025-11-30T18:29:34.004+0700 [DEBUG] [org.gradle.process.internal.health.memory.DefaultMemoryManager] 827755724 physical memory requested, 620785664 free
2025-11-30T18:29:34.004+0700 [DEBUG] [org.gradle.workers.internal.WorkerDaemonExpiration] Will attempt to release 789 of memory
2025-11-30T18:29:34.004+0700 [DEBUG] [org.gradle.process.internal.health.memory.DefaultMemoryManager] 827755724 physical memory requested, 0 released, 620785664 free
2025-11-30T18:29:35.417+0700 [DEBUG] [org.gradle.cache.internal.DefaultFileLockManager] Waiting to acquire shared lock on daemon addresses registry.
2025-11-30T18:29:35.418+0700 [DEBUG] [org.gradle.cache.internal.DefaultFileLockManager] Lock acquired on daemon addresses registry.
2025-11-30T18:29:35.423+0700 [DEBUG] [org.gradle.cache.internal.DefaultFileLockManager] Releasing lock on daemon addresses registry.
2025-11-30T18:29:35.426+0700 [DEBUG] [org.gradle.cache.internal.DefaultFileLockManager] Waiting to acquire shared lock on daemon addresses registry.
2025-11-30T18:29:35.427+0700 [DEBUG] [org.gradle.cache.internal.DefaultFileLockManager] Lock acquired on daemon addresses registry.
2025-11-30T18:29:35.427+0700 [DEBUG] [org.gradle.cache.internal.DefaultFileLockManager] Releasing lock on daemon addresses registry.
2025-11-30T18:29:35.431+0700 [DEBUG] [org.gradle.cache.internal.DefaultFileLockManager] Waiting to acquire shared lock on daemon addresses registry.
2025-11-30T18:29:35.432+0700 [DEBUG] [org.gradle.cache.internal.DefaultFileLockManager] Lock acquired on daemon addresses registry.
2025-11-30T18:29:35.432+0700 [DEBUG] [org.gradle.cache.internal.DefaultFileLockManager] Releasing lock on daemon addresses registry.
2025-11-30T18:29:39.008+0700 [DEBUG] [org.gradle.process.internal.health.memory.DefaultMemoryManager] 827755724 physical memory requested, 517607424 free
2025-11-30T18:29:39.008+0700 [DEBUG] [org.gradle.workers.internal.WorkerDaemonExpiration] Will attempt to release 789 of memory
2025-11-30T18:29:39.008+0700 [DEBUG] [org.gradle.process.internal.health.memory.DefaultMemoryManager] 827755724 physical memory requested, 0 released, 517607424 free
2025-11-30T18:29:44.008+0700 [DEBUG] [org.gradle.process.internal.health.memory.DefaultMemoryManager] 827755724 physical memory requested, 306286592 free
2025-11-30T18:29:44.010+0700 [DEBUG] [org.gradle.workers.internal.WorkerDaemonExpiration] Will attempt to release 789 of memory
2025-11-30T18:29:44.010+0700 [DEBUG] [org.gradle.process.internal.health.memory.DefaultMemoryManager] 827755724 physical memory requested, 0 released, 306286592 free
2025-11-30T18:29:45.417+0700 [DEBUG] [org.gradle.cache.internal.DefaultFileLockManager] Waiting to acquire shared lock on daemon addresses registry.
2025-11-30T18:29:45.417+0700 [DEBUG] [org.gradle.cache.internal.DefaultFileLockManager] Lock acquired on daemon addresses registry.
2025-11-30T18:29:45.418+0700 [DEBUG] [org.gradle.cache.internal.DefaultFileLockManager] Releasing lock on daemon addresses registry.
2025-11-30T18:29:45.419+0700 [DEBUG] [org.gradle.cache.internal.DefaultFileLockManager] Waiting to acquire shared lock on daemon addresses registry.
2025-11-30T18:29:45.419+0700 [DEBUG] [org.gradle.cache.internal.DefaultFileLockManager] Lock acquired on daemon addresses registry.
2025-11-30T18:29:45.420+0700 [DEBUG] [org.gradle.cache.internal.DefaultFileLockManager] Releasing lock on daemon addresses registry.
2025-11-30T18:29:45.425+0700 [DEBUG] [org.gradle.cache.internal.DefaultFileLockManager] Waiting to acquire shared lock on daemon addresses registry.
2025-11-30T18:29:45.425+0700 [DEBUG] [org.gradle.cache.internal.DefaultFileLockManager] Lock acquired on daemon addresses registry.
2025-11-30T18:29:45.425+0700 [DEBUG] [org.gradle.cache.internal.DefaultFileLockManager] Releasing lock on daemon addresses registry.
2025-11-30T18:29:49.004+0700 [DEBUG] [org.gradle.process.internal.health.memory.DefaultMemoryManager] 827755724 physical memory requested, 658886656 free
2025-11-30T18:29:49.006+0700 [DEBUG] [org.gradle.workers.internal.WorkerDaemonExpiration] Will attempt to release 789 of memory
2025-11-30T18:29:49.006+0700 [DEBUG] [org.gradle.process.internal.health.memory.DefaultMemoryManager] 827755724 physical memory requested, 0 released, 658886656 free
2025-11-30T18:29:55.418+0700 [DEBUG] [org.gradle.cache.internal.DefaultFileLockManager] Waiting to acquire shared lock on daemon addresses registry.
2025-11-30T18:29:55.418+0700 [DEBUG] [org.gradle.cache.internal.DefaultFileLockManager] Lock acquired on daemon addresses registry.
2025-11-30T18:29:55.419+0700 [DEBUG] [org.gradle.cache.internal.DefaultFileLockManager] Releasing lock on daemon addresses registry.
2025-11-30T18:29:55.420+0700 [DEBUG] [org.gradle.cache.internal.DefaultFileLockManager] Waiting to acquire shared lock on daemon addresses registry.
2025-11-30T18:29:55.420+0700 [DEBUG] [org.gradle.cache.internal.DefaultFileLockManager] Lock acquired on daemon addresses registry.
2025-11-30T18:29:55.420+0700 [DEBUG] [org.gradle.cache.internal.DefaultFileLockManager] Releasing lock on daemon addresses registry.
2025-11-30T18:29:55.421+0700 [DEBUG] [org.gradle.cache.internal.DefaultFileLockManager] Waiting to acquire shared lock on daemon addresses registry.
2025-11-30T18:29:55.421+0700 [DEBUG] [org.gradle.cache.internal.DefaultFileLockManager] Lock acquired on daemon addresses registry.
2025-11-30T18:29:55.421+0700 [DEBUG] [org.gradle.cache.internal.DefaultFileLockManager] Releasing lock on daemon addresses registry.
2025-11-30T18:29:59.008+0700 [DEBUG] [org.gradle.process.internal.health.memory.DefaultMemoryManager] 827755724 physical memory requested, 678649856 free
2025-11-30T18:29:59.009+0700 [DEBUG] [org.gradle.workers.internal.WorkerDaemonExpiration] Will attempt to release 789 of memory
2025-11-30T18:29:59.009+0700 [DEBUG] [org.gradle.process.internal.health.memory.DefaultMemoryManager] 827755724 physical memory requested, 0 released, 678649856 free
2025-11-30T18:29:59.868+0700 [DEBUG] [org.gradle.internal.remote.internal.inet.TcpIncomingConnector] Accepted connection from /127.0.0.1:55468 to /127.0.0.1:60809.
2025-11-30T18:30:00.202+0700 [DEBUG] [org.gradle.launcher.daemon.server.SynchronizedDispatchConnection] thread 155: received class org.gradle.launcher.daemon.protocol.StopWhenIdle
2025-11-30T18:30:00.207+0700 [DEBUG] [org.gradle.launcher.daemon.server.DefaultDaemonConnection] thread 155: Received non-IO message from client: StopWhenIdle[id=c0cb81ec-c385-4bb1-957b-9b8f2f8afee6]
2025-11-30T18:30:00.210+0700 [INFO] [org.gradle.launcher.daemon.server.DefaultIncomingConnectionHandler] Received command: StopWhenIdle[id=c0cb81ec-c385-4bb1-957b-9b8f2f8afee6].
2025-11-30T18:30:00.210+0700 [DEBUG] [org.gradle.launcher.daemon.server.DefaultIncomingConnectionHandler] Starting executing command: StopWhenIdle[id=c0cb81ec-c385-4bb1-957b-9b8f2f8afee6] with connection: socket connection from /127.0.0.1:60809 to /127.0.0.1:55468.
2025-11-30T18:30:00.254+0700 [DEBUG] [org.gradle.launcher.daemon.server.DaemonRegistryUpdater] Storing daemon stop event: stop command received
2025-11-30T18:30:00.483+0700 [DEBUG] [org.gradle.launcher.daemon.registry.PersistentDaemonRegistry] Storing daemon stop event with timestamp 1764502200256
2025-11-30T18:30:00.513+0700 [DEBUG] [org.gradle.cache.internal.DefaultFileLockManager] Waiting to acquire exclusive lock on daemon addresses registry.
2025-11-30T18:30:00.518+0700 [DEBUG] [org.gradle.cache.internal.DefaultFileLockManager] Lock acquired on daemon addresses registry.
2025-11-30T18:30:00.525+0700 [DEBUG] [org.gradle.cache.internal.DefaultFileLockManager] Releasing lock on daemon addresses registry.
2025-11-30T18:30:00.527+0700 [LIFECYCLE] [org.gradle.launcher.daemon.server.DaemonStateCoordinator] Daemon will be stopped at the end of the build stop command received
2025-11-30T18:30:00.528+0700 [DEBUG] [org.gradle.launcher.daemon.server.DaemonStateCoordinator] Marking daemon stopped due to stop command received. The daemon is not running a build
2025-11-30T18:30:00.530+0700 [DEBUG] [org.gradle.launcher.daemon.server.SynchronizedDispatchConnection] thread 154: dispatching Success[value=null]
2025-11-30T18:30:00.530+0700 [DEBUG] [org.gradle.launcher.daemon.server.DaemonStateCoordinator] daemon has stopped.
2025-11-30T18:30:00.534+0700 [DEBUG] [org.gradle.launcher.daemon.server.DefaultIncomingConnectionHandler] Finishing executing command: StopWhenIdle[id=c0cb81ec-c385-4bb1-957b-9b8f2f8afee6]
2025-11-30T18:30:00.535+0700 [DEBUG] [org.gradle.launcher.daemon.server.SynchronizedDispatchConnection] thread 155: received class org.gradle.launcher.daemon.protocol.Finished
2025-11-30T18:30:00.535+0700 [DEBUG] [org.gradle.launcher.daemon.server.DefaultDaemonConnection] thread 155: Received non-IO message from client: org.gradle.launcher.daemon.protocol.Finished@1cc15946
2025-11-30T18:30:00.535+0700 [DEBUG] [org.gradle.launcher.daemon.server.DefaultIncomingConnectionHandler] Received finished message: org.gradle.launcher.daemon.protocol.Finished@1cc15946
2025-11-30T18:30:00.537+0700 [DEBUG] [org.gradle.launcher.daemon.server.SynchronizedDispatchConnection] thread 154: stopping connection
2025-11-30T18:30:00.539+0700 [DEBUG] [org.gradle.internal.remote.internal.inet.SocketConnection] Discarding EOFException: java.io.EOFException
2025-11-30T18:30:00.539+0700 [DEBUG] [org.gradle.launcher.daemon.server.SynchronizedDispatchConnection] thread 155: received null
2025-11-30T18:30:00.539+0700 [DEBUG] [org.gradle.launcher.daemon.server.DefaultDaemonConnection] thread 155: Received end-of-input from client.
2025-11-30T18:30:00.545+0700 [DEBUG] [org.gradle.launcher.daemon.server.SynchronizedDispatchConnection] thread 154: stopping connection
2025-11-30T18:30:00.579+0700 [DEBUG] [org.gradle.launcher.daemon.server.Daemon] stop() called on daemon
2025-11-30T18:30:00.579+0700 [INFO] [org.gradle.launcher.daemon.server.Daemon] Stop requested. Daemon is removing its presence from the registry...
2025-11-30T18:30:00.586+0700 [DEBUG] [org.gradle.launcher.daemon.server.DaemonRegistryUpdater] Removing our presence to clients, eg. removing this address from the registry: [a70908e3-368d-4877-9fa4-54dd8aec5949 port:60809, addresses:[localhost/127.0.0.1]]
2025-11-30T18:30:00.588+0700 [DEBUG] [org.gradle.launcher.daemon.registry.PersistentDaemonRegistry] Removing daemon address: [a70908e3-368d-4877-9fa4-54dd8aec5949 port:60809, addresses:[localhost/127.0.0.1]]
2025-11-30T18:30:00.609+0700 [DEBUG] [org.gradle.cache.internal.DefaultFileLockManager] Waiting to acquire exclusive lock on daemon addresses registry.
2025-11-30T18:30:00.609+0700 [DEBUG] [org.gradle.cache.internal.DefaultFileLockManager] Lock acquired on daemon addresses registry.
2025-11-30T18:30:00.615+0700 [DEBUG] [org.gradle.cache.internal.DefaultFileLockManager] Releasing lock on daemon addresses registry.
2025-11-30T18:30:00.616+0700 [DEBUG] [org.gradle.launcher.daemon.server.DaemonRegistryUpdater] Address removed from registry.
2025-11-30T18:30:00.958+0700 [DEBUG] [org.gradle.cache.internal.LockOnDemandCrossProcessCacheAccess] Releasing file lock for jars (D:\GaraPro\GaraPro_Mobile\garapro_mobile\caches\jars-9)
2025-11-30T18:30:00.959+0700 [DEBUG] [org.gradle.cache.internal.DefaultFileLockManager] Releasing lock on jars (D:\GaraPro\GaraPro_Mobile\garapro_mobile\caches\jars-9).
2025-11-30T18:30:00.970+0700 [DEBUG] [org.gradle.cache.internal.DefaultCacheCleanupExecutor] jars (D:\GaraPro\GaraPro_Mobile\garapro_mobile\caches\jars-9) has last been fully cleaned up 18 hours ago
2025-11-30T18:30:00.987+0700 [DEBUG] [org.gradle.cache.internal.DefaultCacheCleanupExecutor] Skipping cleanup for jars (D:\GaraPro\GaraPro_Mobile\garapro_mobile\caches\jars-9) as it is not yet due
2025-11-30T18:30:00.994+0700 [DEBUG] [org.gradle.cache.internal.LockOnDemandCrossProcessCacheAccess] Releasing file lock for file content cache (D:\GaraPro\GaraPro_Mobile\garapro_mobile\caches\8.13\fileContent)
2025-11-30T18:30:00.995+0700 [DEBUG] [org.gradle.cache.internal.DefaultFileLockManager] Releasing lock on file content cache (D:\GaraPro\GaraPro_Mobile\garapro_mobile\caches\8.13\fileContent).
2025-11-30T18:30:00.997+0700 [DEBUG] [org.gradle.internal.watch.vfs.impl.WatchingVirtualFileSystem] Closing VFS, dropping state
2025-11-30T18:30:01.061+0700 [DEBUG] [org.gradle.cache.internal.LockOnDemandCrossProcessCacheAccess] Releasing file lock for Generated Gradle JARs cache (D:\GaraPro\GaraPro_Mobile\garapro_mobile\caches\8.13\generated-gradle-jars)
2025-11-30T18:30:01.062+0700 [DEBUG] [org.gradle.cache.internal.DefaultFileLockManager] Releasing lock on Generated Gradle JARs cache (D:\GaraPro\GaraPro_Mobile\garapro_mobile\caches\8.13\generated-gradle-jars).
2025-11-30T18:30:01.065+0700 [DEBUG] [org.gradle.internal.watch.registry.impl.DefaultFileWatcherRegistry] Finished listening to file system change events
2025-11-30T18:30:01.067+0700 [DEBUG] [org.gradle.cache.internal.LockOnDemandCrossProcessCacheAccess] Releasing file lock for artifact cache (D:\GaraPro\GaraPro_Mobile\garapro_mobile\caches\modules-2)
2025-11-30T18:30:01.071+0700 [DEBUG] [org.gradle.cache.internal.btree.BTreePersistentIndexedCache] Closing cache module-artifact.bin (D:\GaraPro\GaraPro_Mobile\garapro_mobile\caches\modules-2\metadata-2.107\module-artifact.bin)
2025-11-30T18:30:01.080+0700 [DEBUG] [org.gradle.cache.internal.btree.BTreePersistentIndexedCache] Closing cache module-metadata.bin (D:\GaraPro\GaraPro_Mobile\garapro_mobile\caches\modules-2\metadata-2.107\module-metadata.bin)
2025-11-30T18:30:01.083+0700 [DEBUG] [org.gradle.cache.internal.DefaultFileLockManager] Releasing lock on artifact cache (D:\GaraPro\GaraPro_Mobile\garapro_mobile\caches\modules-2).
2025-11-30T18:30:01.084+0700 [DEBUG] [org.gradle.cache.internal.DefaultCacheCleanupExecutor] artifact cache (D:\GaraPro\GaraPro_Mobile\garapro_mobile\caches\modules-2) has last been fully cleaned up 18 hours ago
2025-11-30T18:30:01.086+0700 [DEBUG] [org.gradle.cache.internal.DefaultCacheCleanupExecutor] Skipping cleanup for artifact cache (D:\GaraPro\GaraPro_Mobile\garapro_mobile\caches\modules-2) as it is not yet due
2025-11-30T18:30:01.089+0700 [DEBUG] [org.gradle.cache.internal.DefaultCacheCleanupExecutor] groovy-dsl (D:\GaraPro\GaraPro_Mobile\garapro_mobile\caches\8.13\groovy-dsl) has last been fully cleaned up 18 hours ago
2025-11-30T18:30:01.090+0700 [DEBUG] [org.gradle.cache.internal.DefaultCacheCleanupExecutor] Skipping cleanup for groovy-dsl (D:\GaraPro\GaraPro_Mobile\garapro_mobile\caches\8.13\groovy-dsl) as it is not yet due
2025-11-30T18:30:01.091+0700 [DEBUG] [org.gradle.cache.internal.DefaultCacheCoordinator] Cache groovy-dsl (D:\GaraPro\GaraPro_Mobile\garapro_mobile\caches\8.13\groovy-dsl) was closed 0 times.
2025-11-30T18:30:01.095+0700 [DEBUG] [org.gradle.cache.internal.DefaultCacheCleanupExecutor] Artifact transforms cache (D:\GaraPro\GaraPro_Mobile\garapro_mobile\caches\8.13\transforms) has last been fully cleaned up 18 hours ago
2025-11-30T18:30:01.095+0700 [DEBUG] [org.gradle.cache.internal.DefaultCacheCleanupExecutor] Skipping cleanup for Artifact transforms cache (D:\GaraPro\GaraPro_Mobile\garapro_mobile\caches\8.13\transforms) as it is not yet due
2025-11-30T18:30:01.096+0700 [DEBUG] [org.gradle.cache.internal.DefaultCacheCoordinator] Cache Artifact transforms cache (D:\GaraPro\GaraPro_Mobile\garapro_mobile\caches\8.13\transforms) was closed 0 times.
2025-11-30T18:30:01.098+0700 [DEBUG] [org.gradle.cache.internal.DefaultCacheCleanupExecutor] kotlin-dsl (D:\GaraPro\GaraPro_Mobile\garapro_mobile\caches\8.13\kotlin-dsl) has last been fully cleaned up 18 hours ago
2025-11-30T18:30:01.098+0700 [DEBUG] [org.gradle.cache.internal.DefaultCacheCleanupExecutor] Skipping cleanup for kotlin-dsl (D:\GaraPro\GaraPro_Mobile\garapro_mobile\caches\8.13\kotlin-dsl) as it is not yet due
2025-11-30T18:30:01.098+0700 [DEBUG] [org.gradle.cache.internal.DefaultCacheCoordinator] Cache kotlin-dsl (D:\GaraPro\GaraPro_Mobile\garapro_mobile\caches\8.13\kotlin-dsl) was closed 0 times.
2025-11-30T18:30:01.100+0700 [DEBUG] [org.gradle.cache.internal.LockOnDemandCrossProcessCacheAccess] Releasing file lock for journal cache (D:\GaraPro\GaraPro_Mobile\garapro_mobile\caches\journal-1)
2025-11-30T18:30:01.100+0700 [DEBUG] [org.gradle.cache.internal.btree.BTreePersistentIndexedCache] Closing cache file-access.bin (D:\GaraPro\GaraPro_Mobile\garapro_mobile\caches\journal-1\file-access.bin)
2025-11-30T18:30:01.106+0700 [DEBUG] [org.gradle.cache.internal.DefaultFileLockManager] Releasing lock on journal cache (D:\GaraPro\GaraPro_Mobile\garapro_mobile\caches\journal-1).
2025-11-30T18:30:01.109+0700 [DEBUG] [org.gradle.cache.internal.LockOnDemandCrossProcessCacheAccess] Releasing file lock for file hash cache (D:\GaraPro\GaraPro_Mobile\garapro_mobile\caches\8.13\fileHashes)
2025-11-30T18:30:01.110+0700 [DEBUG] [org.gradle.cache.internal.btree.BTreePersistentIndexedCache] Closing cache fileHashes.bin (D:\GaraPro\GaraPro_Mobile\garapro_mobile\caches\8.13\fileHashes\fileHashes.bin)
2025-11-30T18:30:01.143+0700 [DEBUG] [org.gradle.cache.internal.btree.BTreePersistentIndexedCache] Closing cache resourceHashesCache.bin (D:\GaraPro\GaraPro_Mobile\garapro_mobile\caches\8.13\fileHashes\resourceHashesCache.bin)
2025-11-30T18:30:01.145+0700 [DEBUG] [org.gradle.cache.internal.DefaultFileLockManager] Releasing lock on file hash cache (D:\GaraPro\GaraPro_Mobile\garapro_mobile\caches\8.13\fileHashes).
2025-11-30T18:30:01.204+0700 [DEBUG] [org.gradle.internal.operations.DefaultBuildOperationRunner] Build operation 'Deleting unused version-specific caches in D:\GaraPro\GaraPro_Mobile\garapro_mobile\caches' started
2025-11-30T18:30:01.218+0700 [DEBUG] [org.gradle.internal.operations.DefaultBuildOperationRunner] Completing Build operation 'Deleting unused version-specific caches in D:\GaraPro\GaraPro_Mobile\garapro_mobile\caches'
2025-11-30T18:30:01.219+0700 [DEBUG] [org.gradle.internal.operations.DefaultBuildOperationRunner] Build operation 'Deleting unused version-specific caches in D:\GaraPro\GaraPro_Mobile\garapro_mobile\caches' completed
2025-11-30T18:30:01.243+0700 [DEBUG] [org.gradle.launcher.daemon.server.Daemon] stop() called on daemon
2025-11-30T18:30:01.243+0700 [INFO] [org.gradle.launcher.daemon.server.Daemon] Stop requested. Daemon is removing its presence from the registry...
2025-11-30T18:30:01.244+0700 [DEBUG] [org.gradle.launcher.daemon.server.DaemonRegistryUpdater] Removing our presence to clients, eg. removing this address from the registry: [a70908e3-368d-4877-9fa4-54dd8aec5949 port:60809, addresses:[localhost/127.0.0.1]]
2025-11-30T18:30:01.244+0700 [DEBUG] [org.gradle.launcher.daemon.registry.PersistentDaemonRegistry] Removing daemon address: [a70908e3-368d-4877-9fa4-54dd8aec5949 port:60809, addresses:[localhost/127.0.0.1]]
2025-11-30T18:30:01.245+0700 [DEBUG] [org.gradle.cache.internal.DefaultFileLockManager] Waiting to acquire exclusive lock on daemon addresses registry.
2025-11-30T18:30:01.246+0700 [DEBUG] [org.gradle.cache.internal.DefaultFileLockManager] Lock acquired on daemon addresses registry.
2025-11-30T18:30:01.246+0700 [DEBUG] [org.gradle.cache.internal.DefaultFileLockManager] Releasing lock on daemon addresses registry.
2025-11-30T18:30:01.247+0700 [DEBUG] [org.gradle.launcher.daemon.server.DaemonRegistryUpdater] Address removed from registry.
2025-11-30T18:30:01.275+0700 [DEBUG] [org.gradle.cache.internal.locklistener.DefaultFileLockContentionHandler] File lock listener thread completed.
2025-11-30T18:30:01.561+0700 [DEBUG] [java.lang.Runtime] Runtime.exit() called with status: 0
java.lang.Throwable: Runtime.exit(0)
	at java.base/java.lang.Shutdown.logRuntimeExit(Unknown Source)
	at java.base/java.lang.Shutdown.exit(Unknown Source)
	at java.base/java.lang.Runtime.exit(Unknown Source)
	at java.base/java.lang.System.exit(Unknown Source)
	at org.gradle.launcher.bootstrap.ProcessCompleter.complete(ProcessCompleter.java:21)
	at org.gradle.launcher.bootstrap.EntryPoint.run(EntryPoint.java:61)
	at java.base/jdk.internal.reflect.DirectMethodHandleAccessor.invoke(Unknown Source)
	at java.base/java.lang.reflect.Method.invoke(Unknown Source)
	at org.gradle.launcher.bootstrap.ProcessBootstrap.runNoExit(ProcessBootstrap.java:72)
	at org.gradle.launcher.bootstrap.ProcessBootstrap.run(ProcessBootstrap.java:39)
	at org.gradle.launcher.daemon.bootstrap.GradleDaemon.main(GradleDaemon.java:22)
Daemon vm is shutting down... The daemon has exited normally or was terminated in response to a user interrupt.
2025-11-30T18:30:01.649+0700 [DEBUG] [org.gradle.launcher.daemon.registry.PersistentDaemonRegistry] Removing daemon address: [a70908e3-368d-4877-9fa4-54dd8aec5949 port:60809, addresses:[localhost/127.0.0.1]]
2025-11-30T18:30:01.656+0700 [DEBUG] [org.gradle.launcher.daemon.server.Daemon] VM shutdown hook was unable to remove the daemon address from the registry. It will be cleaned up later.
java.lang.IllegalStateException: Cannot start managing file contention because this handler has been closed.
	at org.gradle.cache.internal.locklistener.DefaultFileLockContentionHandler.assertNotStopped(DefaultFileLockContentionHandler.java:248)
	at org.gradle.cache.internal.locklistener.DefaultFileLockContentionHandler.reservePort(DefaultFileLockContentionHandler.java:286)
	at org.gradle.cache.internal.DefaultFileLockManager.lock(DefaultFileLockManager.java:124)
	at org.gradle.cache.internal.DefaultFileLockManager.lock(DefaultFileLockManager.java:106)
	at org.gradle.cache.internal.DefaultFileLockManager.lock(DefaultFileLockManager.java:101)
	at org.gradle.cache.internal.OnDemandFileAccess.updateFile(OnDemandFileAccess.java:51)
	at org.gradle.cache.internal.FileBackedObjectHolder.update(FileBackedObjectHolder.java:77)
	at org.gradle.cache.internal.FileIntegrityViolationSuppressingObjectHolderDecorator.lambda$update$0(FileIntegrityViolationSuppressingObjectHolderDecorator.java:48)
	at org.gradle.cache.internal.FileIntegrityViolationSuppressingObjectHolderDecorator.doUpdate(FileIntegrityViolationSuppressingObjectHolderDecorator.java:58)
	at org.gradle.cache.internal.FileIntegrityViolationSuppressingObjectHolderDecorator.update(FileIntegrityViolationSuppressingObjectHolderDecorator.java:48)
	at org.gradle.launcher.daemon.registry.PersistentDaemonRegistry.remove(PersistentDaemonRegistry.java:133)
	at org.gradle.launcher.daemon.server.Daemon$1.run(Daemon.java:133)
	at java.base/java.lang.Thread.run(Unknown Source)
